Log file open, 05/30/18 10:54:09
LogWindows: Failed to load 'aqProf.dll' (GetLastError=126)
LogWindows: File 'aqProf.dll' does not exist
LogWindows: Failed to load 'VtuneApi.dll' (GetLastError=126)
LogWindows: File 'VtuneApi.dll' does not exist
LogWindows: Failed to load 'VtuneApi32e.dll' (GetLastError=126)
LogWindows: File 'VtuneApi32e.dll' does not exist
LogInit: Display: Running engine for game: InputOutput
LogPlatformFile: Not using cached read wrapper
LogInit: Display: RandInit(-1597276821) SRandInit(-1597276821).
LogInit: Read version file with build ID '3944462'
LogInit: Overriding engine version to CL 4033788, compatible CL 3944462
LogInit: Registered custom module enumerator with build ID '3944462'
LogTaskGraph: Started task graph with 5 named threads and 23 total threads with 3 sets of task threads.
LogStats: Stats thread started at 0.341568
LogD3D11RHI: Aftermath initialized
LogICUInternationalization: Display: ICU TimeZone Detection - Raw Offset: +1:00, Platform Override: ''
LogPluginManager: Mounting plugin Paper2D
LogPluginManager: Mounting plugin LiveLink
LogPluginManager: Mounting plugin LightPropagationVolume
LogPluginManager: Mounting plugin CLionSourceCodeAccess
LogPluginManager: Mounting plugin CodeLiteSourceCodeAccess
LogPluginManager: Mounting plugin GitSourceControl
LogPluginManager: Mounting plugin KDevelopSourceCodeAccess
LogPluginManager: Mounting plugin NullSourceCodeAccess
LogPluginManager: Mounting plugin PerforceSourceControl
LogPluginManager: Mounting plugin SubversionSourceControl
LogPluginManager: Mounting plugin UObjectPlugin
LogPluginManager: Mounting plugin VisualStudioCodeSourceCodeAccess
LogPluginManager: Mounting plugin VisualStudioSourceCodeAccess
LogPluginManager: Mounting plugin XCodeSourceCodeAccess
LogPluginManager: Mounting plugin AssetManagerEditor
LogPluginManager: Mounting plugin CryptoKeys
LogPluginManager: Mounting plugin DataValidation
LogPluginManager: Mounting plugin FacialAnimation
LogPluginManager: Mounting plugin GameplayTagsEditor
LogPluginManager: Mounting plugin MobileLauncherProfileWizard
LogPluginManager: Mounting plugin PluginBrowser
LogPluginManager: Mounting plugin SpeedTreeImporter
LogPluginManager: Mounting plugin DatasmithContent
LogPluginManager: Mounting plugin AlembicImporter
LogPluginManager: Mounting plugin CharacterAI
LogPluginManager: Mounting plugin HTML5Networking
LogPluginManager: Mounting plugin AndroidMedia
LogPluginManager: Mounting plugin AvfMedia
LogPluginManager: Mounting plugin ImgMedia
LogPluginManager: Mounting plugin LinearTimecode
LogPluginManager: Mounting plugin MediaCompositing
LogPluginManager: Mounting plugin MediaPlayerEditor
LogPluginManager: Mounting plugin WmfMedia
LogPluginManager: Mounting plugin TcpMessaging
LogPluginManager: Mounting plugin UdpMessaging
LogPluginManager: Mounting plugin ActorSequence
LogPluginManager: Mounting plugin LevelSequenceEditor
LogPluginManager: Mounting plugin MatineeToLevelSequence
LogPluginManager: Mounting plugin NetcodeUnitTest
LogPluginManager: Mounting plugin NUTUnrealEngine4
LogPluginManager: Mounting plugin OnlineSubsystemGooglePlay
LogPluginManager: Mounting plugin OnlineSubsystemIOS
LogPluginManager: Mounting plugin OnlineSubsystem
LogPluginManager: Mounting plugin OnlineSubsystemNull
LogPluginManager: Mounting plugin OnlineSubsystemUtils
LogPluginManager: Mounting plugin AndroidDeviceProfileSelector
LogPluginManager: Mounting plugin AndroidMoviePlayer
LogPluginManager: Mounting plugin AndroidPermission
LogPluginManager: Mounting plugin AppleARKit
LogPluginManager: Mounting plugin AppleMoviePlayer
LogPluginManager: Mounting plugin ArchVisCharacter
LogPluginManager: Mounting plugin AudioCapture
LogPluginManager: Mounting plugin CableComponent
LogPluginManager: Mounting plugin CustomMeshComponent
LogPluginManager: Mounting plugin ExampleDeviceProfileSelector
LogPluginManager: Mounting plugin GoogleCloudMessaging
LogPluginManager: Mounting plugin ImmediatePhysics
LogPluginManager: Mounting plugin IOSDeviceProfileSelector
LogPluginManager: Mounting plugin LinuxDeviceProfileSelector
LogPluginManager: Mounting plugin LocationServicesBPLibrary
LogPluginManager: Mounting plugin MobilePatchingUtils
LogPluginManager: Mounting plugin OculusVR
LogPluginManager: Plugin shader directory ../../../Engine/Plugins/Runtime/Oculus/OculusVR/Shaders found
LogPluginManager: Mapping shader source directory ../../../Engine/Plugins/Runtime/Oculus/OculusVR/Shaders to virtual directory /Plugin/OculusVR
LogPluginManager: Mounting plugin PhysXVehicles
LogPluginManager: Mounting plugin ProceduralMeshComponent
LogPluginManager: Mounting plugin RuntimePhysXCooking
LogPluginManager: Mounting plugin SteamVR
LogPluginManager: Mounting plugin WindowsMoviePlayer
LogStreaming: Display: Took  0.733s to configure plugins.
LogModuleManager: Display: Found up-to-date module file ../../../../../bewijzenmap/P2.4/IDP/InputOutput/InputOutput/Binaries/Win64/UE4Editor-InputOutput.dll (API version 3944462).
LogModuleManager: Display: Found up-to-date module file ../../../Engine/Plugins/2D/Paper2D/Binaries/Win64/UE4Editor-Paper2D.dll (API version 3944462).
LogModuleManager: Display: Found up-to-date module file ../../../Engine/Plugins/2D/Paper2D/Binaries/Win64/UE4Editor-Paper2DEditor.dll (API version 3944462).
LogModuleManager: Display: Found up-to-date module file ../../../Engine/Plugins/2D/Paper2D/Binaries/Win64/UE4Editor-PaperSpriteSheetImporter.dll (API version 3944462).
LogModuleManager: Display: Found up-to-date module file ../../../Engine/Plugins/2D/Paper2D/Binaries/Win64/UE4Editor-PaperTiledImporter.dll (API version 3944462).
LogModuleManager: Display: Found up-to-date module file ../../../Engine/Plugins/2D/Paper2D/Binaries/Win64/UE4Editor-SmartSnapping.dll (API version 3944462).
LogModuleManager: Display: Found up-to-date module file ../../../Engine/Plugins/Animation/LiveLink/Binaries/Win64/UE4Editor-LiveLink.dll (API version 3944462).
LogModuleManager: Display: Found up-to-date module file ../../../Engine/Plugins/Animation/LiveLink/Binaries/Win64/UE4Editor-LiveLinkEditor.dll (API version 3944462).
LogModuleManager: Display: Found up-to-date module file ../../../Engine/Plugins/Blendables/LightPropagationVolume/Binaries/Win64/UE4Editor-LightPropagationVolumeRuntime.dll (API version 3944462).
LogModuleManager: Display: Found up-to-date module file ../../../Engine/Plugins/Blendables/LightPropagationVolume/Binaries/Win64/UE4Editor-LightPropagationVolumeEditor.dll (API version 3944462).
LogModuleManager: Display: Found up-to-date module file ../../../Engine/Plugins/Developer/CLionSourceCodeAccess/Binaries/Win64/UE4Editor-CLionSourceCodeAccess.dll (API version 3944462).
LogModuleManager: Display: Found up-to-date module file ../../../Engine/Plugins/Developer/GitSourceControl/Binaries/Win64/UE4Editor-GitSourceControl.dll (API version 3944462).
LogModuleManager: Display: Found up-to-date module file ../../../Engine/Plugins/Developer/PerforceSourceControl/Binaries/Win64/UE4Editor-PerforceSourceControl.dll (API version 3944462).
LogModuleManager: Display: Found up-to-date module file ../../../Engine/Plugins/Developer/SubversionSourceControl/Binaries/Win64/UE4Editor-SubversionSourceControl.dll (API version 3944462).
LogModuleManager: Display: Found up-to-date module file ../../../Engine/Plugins/Developer/UObjectPlugin/Binaries/Win64/UE4Editor-UObjectPlugin.dll (API version 3944462).
LogModuleManager: Display: Found up-to-date module file ../../../Engine/Plugins/Developer/VisualStudioCodeSourceCodeAccess/Binaries/Win64/UE4Editor-VisualStudioCodeSourceCodeAccess.dll (API version 3944462).
LogModuleManager: Display: Found up-to-date module file ../../../Engine/Plugins/Developer/VisualStudioSourceCodeAccess/Binaries/Win64/UE4Editor-VisualStudioSourceCodeAccess.dll (API version 3944462).
LogModuleManager: Display: Found up-to-date module file ../../../Engine/Plugins/Editor/AssetManagerEditor/Binaries/Win64/UE4Editor-AssetManagerEditor.dll (API version 3944462).
LogModuleManager: Display: Found up-to-date module file ../../../Engine/Plugins/Editor/CryptoKeys/Binaries/Win64/UE4Editor-CryptoKeys.dll (API version 3944462).
LogModuleManager: Display: Found up-to-date module file ../../../Engine/Plugins/Editor/CryptoKeys/Binaries/Win64/UE4Editor-CryptoKeysOpenSSL.dll (API version 3944462).
LogModuleManager: Display: Found up-to-date module file ../../../Engine/Plugins/Editor/DataValidation/Binaries/Win64/UE4Editor-DataValidation.dll (API version 3944462).
LogModuleManager: Display: Found up-to-date module file ../../../Engine/Plugins/Editor/FacialAnimation/Binaries/Win64/UE4Editor-FacialAnimation.dll (API version 3944462).
LogModuleManager: Display: Found up-to-date module file ../../../Engine/Plugins/Editor/FacialAnimation/Binaries/Win64/UE4Editor-FacialAnimationEditor.dll (API version 3944462).
LogModuleManager: Display: Found up-to-date module file ../../../Engine/Plugins/Editor/GameplayTagsEditor/Binaries/Win64/UE4Editor-GameplayTagsEditor.dll (API version 3944462).
LogModuleManager: Display: Found up-to-date module file ../../../Engine/Plugins/Editor/MobileLauncherProfileWizard/Binaries/Win64/UE4Editor-MobileLauncherProfileWizard.dll (API version 3944462).
LogModuleManager: Display: Found up-to-date module file ../../../Engine/Plugins/Editor/PluginBrowser/Binaries/Win64/UE4Editor-PluginBrowser.dll (API version 3944462).
LogModuleManager: Display: Found up-to-date module file ../../../Engine/Plugins/Editor/SpeedTreeImporter/Binaries/Win64/UE4Editor-SpeedTreeImporter.dll (API version 3944462).
LogModuleManager: Display: Found up-to-date module file ../../../Engine/Plugins/Enterprise/DatasmithContent/Binaries/Win64/UE4Editor-DatasmithContent.dll (API version 3944462).
LogModuleManager: Display: Found up-to-date module file ../../../Engine/Plugins/Experimental/AlembicImporter/Binaries/Win64/UE4Editor-AlembicImporter.dll (API version 3944462).
LogModuleManager: Display: Found up-to-date module file ../../../Engine/Plugins/Experimental/AlembicImporter/Binaries/Win64/UE4Editor-AlembicLibrary.dll (API version 3944462).
LogModuleManager: Display: Found up-to-date module file ../../../Engine/Plugins/Experimental/CharacterAI/Binaries/Win64/UE4Editor-CharacterAI.dll (API version 3944462).
LogModuleManager: Display: Found up-to-date module file ../../../Engine/Plugins/Experimental/HTML5Networking/Binaries/Win64/UE4Editor-HTML5Networking.dll (API version 3944462).
LogModuleManager: Display: Found up-to-date module file ../../../Engine/Plugins/Media/AndroidMedia/Binaries/Win64/UE4Editor-AndroidMediaEditor.dll (API version 3944462).
LogModuleManager: Display: Found up-to-date module file ../../../Engine/Plugins/Media/AndroidMedia/Binaries/Win64/UE4Editor-AndroidMediaFactory.dll (API version 3944462).
LogModuleManager: Display: Found up-to-date module file ../../../Engine/Plugins/Media/AvfMedia/Binaries/Win64/UE4Editor-AvfMediaEditor.dll (API version 3944462).
LogModuleManager: Display: Found up-to-date module file ../../../Engine/Plugins/Media/AvfMedia/Binaries/Win64/UE4Editor-AvfMediaFactory.dll (API version 3944462).
LogModuleManager: Display: Found up-to-date module file ../../../Engine/Plugins/Media/AvfMedia/Binaries/Win64/UE4Editor-AvfMediaFactory.dll (API version 3944462).
LogModuleManager: Display: Found up-to-date module file ../../../Engine/Plugins/Media/ImgMedia/Binaries/Win64/UE4Editor-ImgMedia.dll (API version 3944462).
LogModuleManager: Display: Found up-to-date module file ../../../Engine/Plugins/Media/ImgMedia/Binaries/Win64/UE4Editor-ImgMediaEditor.dll (API version 3944462).
LogModuleManager: Display: Found up-to-date module file ../../../Engine/Plugins/Media/ImgMedia/Binaries/Win64/UE4Editor-ImgMediaFactory.dll (API version 3944462).
LogModuleManager: Display: Found up-to-date module file ../../../Engine/Plugins/Media/ImgMedia/Binaries/Win64/UE4Editor-ImgMediaFactory.dll (API version 3944462).
LogModuleManager: Display: Found up-to-date module file ../../../Engine/Plugins/Media/ImgMedia/Binaries/Win64/UE4Editor-OpenExrWrapper.dll (API version 3944462).
LogModuleManager: Display: Found up-to-date module file ../../../Engine/Plugins/Media/LinearTimecode/Binaries/Win64/UE4Editor-LinearTimecode.dll (API version 3944462).
LogModuleManager: Display: Found up-to-date module file ../../../Engine/Plugins/Media/MediaCompositing/Binaries/Win64/UE4Editor-MediaCompositing.dll (API version 3944462).
LogModuleManager: Display: Found up-to-date module file ../../../Engine/Plugins/Media/MediaCompositing/Binaries/Win64/UE4Editor-MediaCompositingEditor.dll (API version 3944462).
LogModuleManager: Display: Found up-to-date module file ../../../Engine/Plugins/Media/MediaPlayerEditor/Binaries/Win64/UE4Editor-MediaPlayerEditor.dll (API version 3944462).
LogModuleManager: Display: Found up-to-date module file ../../../Engine/Plugins/Media/WmfMedia/Binaries/Win64/UE4Editor-WmfMedia.dll (API version 3944462).
LogModuleManager: Display: Found up-to-date module file ../../../Engine/Plugins/Media/WmfMedia/Binaries/Win64/UE4Editor-WmfMediaEditor.dll (API version 3944462).
LogModuleManager: Display: Found up-to-date module file ../../../Engine/Plugins/Media/WmfMedia/Binaries/Win64/UE4Editor-WmfMediaFactory.dll (API version 3944462).
LogModuleManager: Display: Found up-to-date module file ../../../Engine/Plugins/Media/WmfMedia/Binaries/Win64/UE4Editor-WmfMediaFactory.dll (API version 3944462).
LogModuleManager: Display: Found up-to-date module file ../../../Engine/Plugins/Messaging/TcpMessaging/Binaries/Win64/UE4Editor-TcpMessaging.dll (API version 3944462).
LogModuleManager: Display: Found up-to-date module file ../../../Engine/Plugins/Messaging/UdpMessaging/Binaries/Win64/UE4Editor-UdpMessaging.dll (API version 3944462).
LogModuleManager: Display: Found up-to-date module file ../../../Engine/Plugins/MovieScene/ActorSequence/Binaries/Win64/UE4Editor-ActorSequence.dll (API version 3944462).
LogModuleManager: Display: Found up-to-date module file ../../../Engine/Plugins/MovieScene/LevelSequenceEditor/Binaries/Win64/UE4Editor-LevelSequenceEditor.dll (API version 3944462).
LogModuleManager: Display: Found up-to-date module file ../../../Engine/Plugins/MovieScene/MatineeToLevelSequence/Binaries/Win64/UE4Editor-MatineeToLevelSequence.dll (API version 3944462).
LogModuleManager: Display: Found up-to-date module file ../../../Engine/Plugins/NetcodeUnitTest/NetcodeUnitTest/Binaries/Win64/UE4Editor-NetcodeUnitTest.dll (API version 3944462).
LogModuleManager: Display: Found up-to-date module file ../../../Engine/Plugins/NetcodeUnitTest/NUTUnrealEngine4/Binaries/Win64/UE4Editor-NUTUnrealEngine4.dll (API version 3944462).
LogModuleManager: Display: Found up-to-date module file ../../../Engine/Plugins/Online/OnlineSubsystem/Binaries/Win64/UE4Editor-OnlineSubsystem.dll (API version 3944462).
LogModuleManager: Display: Found up-to-date module file ../../../Engine/Plugins/Online/OnlineSubsystemNull/Binaries/Win64/UE4Editor-OnlineSubsystemNull.dll (API version 3944462).
LogModuleManager: Display: Found up-to-date module file ../../../Engine/Plugins/Online/OnlineSubsystemUtils/Binaries/Win64/UE4Editor-OnlineSubsystemUtils.dll (API version 3944462).
LogModuleManager: Display: Found up-to-date module file ../../../Engine/Plugins/Online/OnlineSubsystemUtils/Binaries/Win64/UE4Editor-OnlineBlueprintSupport.dll (API version 3944462).
LogModuleManager: Display: Found up-to-date module file ../../../Engine/Plugins/Runtime/AndroidDeviceProfileSelector/Binaries/Win64/UE4Editor-AndroidDeviceProfileSelector.dll (API version 3944462).
LogModuleManager: Display: Found up-to-date module file ../../../Engine/Plugins/Runtime/AndroidPermission/Binaries/Win64/UE4Editor-AndroidPermission.dll (API version 3944462).
LogModuleManager: Display: Found up-to-date module file ../../../Engine/Plugins/Runtime/AppleARKit/Binaries/Win64/UE4Editor-AppleARKit.dll (API version 3944462).
LogModuleManager: Display: Found up-to-date module file ../../../Engine/Plugins/Runtime/ArchVisCharacter/Binaries/Win64/UE4Editor-ArchVisCharacter.dll (API version 3944462).
LogModuleManager: Display: Found up-to-date module file ../../../Engine/Plugins/Runtime/AudioCapture/Binaries/Win64/UE4Editor-AudioCapture.dll (API version 3944462).
LogModuleManager: Display: Found up-to-date module file ../../../Engine/Plugins/Runtime/AudioCapture/Binaries/Win64/UE4Editor-AudioCaptureEditor.dll (API version 3944462).
LogModuleManager: Display: Found up-to-date module file ../../../Engine/Plugins/Runtime/CableComponent/Binaries/Win64/UE4Editor-CableComponent.dll (API version 3944462).
LogModuleManager: Display: Found up-to-date module file ../../../Engine/Plugins/Runtime/CustomMeshComponent/Binaries/Win64/UE4Editor-CustomMeshComponent.dll (API version 3944462).
LogModuleManager: Display: Found up-to-date module file ../../../Engine/Plugins/Runtime/ExampleDeviceProfileSelector/Binaries/Win64/UE4Editor-ExampleDeviceProfileSelector.dll (API version 3944462).
LogModuleManager: Display: Found up-to-date module file ../../../Engine/Plugins/Runtime/ImmediatePhysics/Binaries/Win64/UE4Editor-ImmediatePhysics.dll (API version 3944462).
LogModuleManager: Display: Found up-to-date module file ../../../Engine/Plugins/Runtime/ImmediatePhysics/Binaries/Win64/UE4Editor-ImmediatePhysicsEditor.dll (API version 3944462).
LogModuleManager: Display: Found up-to-date module file ../../../Engine/Plugins/Runtime/LocationServicesBPLibrary/Binaries/Win64/UE4Editor-LocationServicesBPLibrary.dll (API version 3944462).
LogModuleManager: Display: Found up-to-date module file ../../../Engine/Plugins/Runtime/MobilePatchingUtils/Binaries/Win64/UE4Editor-MobilePatchingUtils.dll (API version 3944462).
LogModuleManager: Display: Found up-to-date module file ../../../Engine/Plugins/Runtime/Oculus/OculusVR/Binaries/Win64/UE4Editor-OculusHMD.dll (API version 3944462).
LogModuleManager: Display: Found up-to-date module file ../../../Engine/Plugins/Runtime/Oculus/OculusVR/Binaries/Win64/UE4Editor-OculusInput.dll (API version 3944462).
LogModuleManager: Display: Found up-to-date module file ../../../Engine/Plugins/Runtime/Oculus/OculusVR/Binaries/Win64/UE4Editor-OculusEditor.dll (API version 3944462).
LogModuleManager: Display: Found up-to-date module file ../../../Engine/Plugins/Runtime/PhysXVehicles/Binaries/Win64/UE4Editor-PhysXVehicles.dll (API version 3944462).
LogModuleManager: Display: Found up-to-date module file ../../../Engine/Plugins/Runtime/PhysXVehicles/Binaries/Win64/UE4Editor-PhysXVehiclesEditor.dll (API version 3944462).
LogModuleManager: Display: Found up-to-date module file ../../../Engine/Plugins/Runtime/ProceduralMeshComponent/Binaries/Win64/UE4Editor-ProceduralMeshComponent.dll (API version 3944462).
LogModuleManager: Display: Found up-to-date module file ../../../Engine/Plugins/Runtime/ProceduralMeshComponent/Binaries/Win64/UE4Editor-ProceduralMeshComponentEditor.dll (API version 3944462).
LogModuleManager: Display: Found up-to-date module file ../../../Engine/Plugins/Runtime/RuntimePhysXCooking/Binaries/Win64/UE4Editor-RuntimePhysXCooking.dll (API version 3944462).
LogModuleManager: Display: Found up-to-date module file ../../../Engine/Plugins/Runtime/Steam/SteamVR/Binaries/Win64/UE4Editor-SteamVR.dll (API version 3944462).
LogModuleManager: Display: Found up-to-date module file ../../../Engine/Plugins/Runtime/Steam/SteamVR/Binaries/Win64/UE4Editor-SteamVRController.dll (API version 3944462).
LogModuleManager: Display: Found up-to-date module file ../../../Engine/Plugins/Runtime/WindowsMoviePlayer/Binaries/Win64/UE4Editor-WindowsMoviePlayer.dll (API version 3944462).
LogInit: Using libcurl 7.47.1
LogInit:  - built for x86_64-pc-win32
LogInit:  - supports SSL with OpenSSL/1.0.2g
LogInit:  - supports HTTP deflate (compression) using libz 1.2.8
LogInit:  - other features:
LogInit:      CURL_VERSION_SSL
LogInit:      CURL_VERSION_LIBZ
LogInit:      CURL_VERSION_IPV6
LogInit:      CURL_VERSION_ASYNCHDNS
LogInit:      CURL_VERSION_LARGEFILE
LogInit:      CURL_VERSION_IDN
LogInit:  CurlRequestOptions (configurable via config and command line):
LogInit:  - bVerifyPeer = false  - Libcurl will NOT verify peer certificate
LogInit:  - bUseHttpProxy = false  - Libcurl will NOT use HTTP proxy
LogInit:  - bDontReuseConnections = false  - Libcurl will reuse connections
LogInit:  - CertBundlePath = nullptr  - Libcurl will use whatever was configured at build time.
LogInit:  - MaxHostConnections = 16  - Libcurl will limit the number of connections to a host
LogInit:  - LocalHostAddr = Default
LogInit: WinSock: version 1.1 (2.2), MaxSocks=32767, MaxUdp=65467
LogInit: WinSock: I am LAPTOP-00QRHNHM (192.168.181.1:0)
LogInit: Build: ++UE4+Release-4.19-CL-4033788
LogInit: Engine Version: 4.19.2-4033788+++UE4+Release-4.19
LogInit: Compatible Engine Version: 4.19.0-3944462+++UE4+Release-4.19
LogInit: Net CL: 3944462
LogDevObjectVersion: Number of dev versions registered: 18
LogDevObjectVersion:   Dev-Blueprints (B0D832E4-1F89-4F0D-ACCF-7EB736FD4AA2): 10
LogDevObjectVersion:   Dev-Build (E1C64328-A22C-4D53-A36C-8E866417BD8C): 0
LogDevObjectVersion:   Dev-Core (375EC13C-06E4-48FB-B500-84F0262A717E): 2
LogDevObjectVersion:   Dev-Editor (E4B068ED-F494-42E9-A231-DA0B2E46BB41): 23
LogDevObjectVersion:   Dev-Framework (CFFC743F-43B0-4480-9391-14DF171D2073): 33
LogDevObjectVersion:   Dev-Mobile (B02B49B5-BB20-44E9-A304-32B752E40360): 2
LogDevObjectVersion:   Dev-Networking (A4E4105C-59A1-49B5-A7C5-40C4547EDFEE): 0
LogDevObjectVersion:   Dev-Online (39C831C9-5AE6-47DC-9A44-9C173E1C8E7C): 0
LogDevObjectVersion:   Dev-Physics (78F01B33-EBEA-4F98-B9B4-84EACCB95AA2): 0
LogDevObjectVersion:   Dev-Platform (6631380F-2D4D-43E0-8009-CF276956A95A): 0
LogDevObjectVersion:   Dev-Rendering (12F88B9F-8875-4AFC-A67C-D90C383ABD29): 25
LogDevObjectVersion:   Dev-Sequencer (7B5AE74C-D270-4C10-A958-57980B212A5A): 6
LogDevObjectVersion:   Dev-VR (D7296918-1DD6-4BDD-9DE2-64A83CC13884): 1
LogDevObjectVersion:   Dev-LoadTimes (C2A15278-BFE7-4AFE-6C17-90FF531DF755): 1
LogDevObjectVersion:   Private-Geometry (6EACA3D4-40EC-4CC1-B786-8BED09428FC5): 2
LogDevObjectVersion:   Dev-AnimPhys (29E575DD-E0A3-4627-9D10-D276232CDCEA): 16
LogDevObjectVersion:   Dev-ReflectionCapture (6B266CEC-1EC7-4B8F-A30B-E4D90942FC07): 1
LogDevObjectVersion:   Dev-Automation (0DF73D61-A23F-47EA-B727-89E90C41499A): 1
LogInit: Compiled (64-bit): Apr 27 2018 02:06:57
LogInit: Compiled with Visual C++: 19.00.24215.01
LogInit: Build Configuration: Development
LogInit: Branch Name: ++UE4+Release-4.19
LogInit: Command Line:  
LogInit: Base Directory: D:/EpicGames games/UE_4.19/Engine/Binaries/Win64/
LogInit: Installed Engine Build: 1
LogStreaming: Display: Took  0.194s to delete old logs.
LogInit: Presizing for max 8388607 objects, including 0 objects not considered by GC, pre-allocating 0 bytes for permanent pool.
LogInit: Object subsystem initialized
[2018.05.30-08.54.11:951][  0]LogInit: Selected Device Profile: [Windows]
[2018.05.30-08.54.11:951][  0]LogInit: Applying CVar settings loaded from the selected device profile: [Windows]
[2018.05.30-08.54.12:036][  0]LogInit: Computer: LAPTOP-00QRHNHM
[2018.05.30-08.54.12:036][  0]LogInit: User: Boydsmit
[2018.05.30-08.54.12:036][  0]LogInit: CPU Page size=4096, Cores=4
[2018.05.30-08.54.12:036][  0]LogInit: High frequency timer resolution =2.531254 MHz
[2018.05.30-08.54.12:036][  0]LogMemory: Memory total: Physical=7.8GB (8GB approx)
[2018.05.30-08.54.12:037][  0]LogMemory: Platform Memory Stats for Windows
[2018.05.30-08.54.12:037][  0]LogMemory: Process Physical Memory: 275.22 MB used, 275.22 MB peak
[2018.05.30-08.54.12:037][  0]LogMemory: Process Virtual Memory: 264.73 MB used, 264.73 MB peak
[2018.05.30-08.54.12:037][  0]LogMemory: Physical Memory: 6367.00 MB used,  1652.78 MB free, 8019.78 MB total
[2018.05.30-08.54.12:037][  0]LogMemory: Virtual Memory: 697.74 MB used,  1652.78 MB free, 134217728.00 MB total
[2018.05.30-08.54.12:078][  0]LogInit: Using OS detected language (en-US).
[2018.05.30-08.54.12:078][  0]LogInit: Using OS detected locale (en-US).
[2018.05.30-08.54.12:081][  0]LogTextLocalizationManager: No specific localization for 'en-US' exists, so the 'en' localization will be used.
[2018.05.30-08.54.12:942][  0]LogStreaming: Display: Took  0.864s to EndInitTextLocalization.
[2018.05.30-08.54.12:942][  0]LogInit: Setting process to per monitor DPI aware
[2018.05.30-08.54.12:977][  0]LogSlate: New Slate User Created.  User Index 0, Is Virtual User: 0
[2018.05.30-08.54.12:977][  0]LogSlate: Slate User Registered.  User Index 0, Is Virtual User: 0
[2018.05.30-08.54.13:423][  0]LogD3D11RHI: D3D11 adapters:
[2018.05.30-08.54.13:498][  0]LogD3D11RHI:    0. 'NVIDIA GeForce GTX 960M' (Feature Level 11_0)
[2018.05.30-08.54.13:498][  0]LogD3D11RHI:       2019/0/4009 MB DedicatedVideo/DedicatedSystem/SharedSystem, Outputs:1, VendorId:0x10de
[2018.05.30-08.54.13:510][  0]LogD3D11RHI:    1. 'Intel(R) HD Graphics 530' (Feature Level 11_0)
[2018.05.30-08.54.13:510][  0]LogD3D11RHI:       128/0/4009 MB DedicatedVideo/DedicatedSystem/SharedSystem, Outputs:0, VendorId:0x8086
[2018.05.30-08.54.13:512][  0]LogD3D11RHI:    2. 'Microsoft Basic Render Driver' (Feature Level 11_0)
[2018.05.30-08.54.13:513][  0]LogD3D11RHI:       0/0/4009 MB DedicatedVideo/DedicatedSystem/SharedSystem, Outputs:0, VendorId:0x1414
[2018.05.30-08.54.13:513][  0]LogD3D11RHI: Chosen D3D11 Adapter: 0
[2018.05.30-08.54.13:529][  0]LogD3D11RHI: Creating new Direct3DDevice
[2018.05.30-08.54.13:529][  0]LogD3D11RHI:     GPU DeviceId: 0x139b (for the marketing name, search the web for "GPU Device Id")
[2018.05.30-08.54.13:529][  0]LogWindows: EnumDisplayDevices:
[2018.05.30-08.54.13:529][  0]LogWindows:    0. 'Intel(R) HD Graphics 530' (P:1 D:1)
[2018.05.30-08.54.13:529][  0]LogWindows:    1. 'Intel(R) HD Graphics 530' (P:0 D:0)
[2018.05.30-08.54.13:530][  0]LogWindows:    2. 'Intel(R) HD Graphics 530' (P:0 D:0)
[2018.05.30-08.54.13:530][  0]LogWindows: DebugString: GetVideoDriverDetailsInvalid PrimaryIsNotTheChoosenAdapter GetVideoDriverDetailsInvalid PrimaryIsNotTheChoosenAdapter GetVideoDriverDetailsInvalid PrimaryIsNotTheChoosenAdapter FoundDriverCount:0 
[2018.05.30-08.54.13:530][  0]LogD3D11RHI:     Adapter Name: NVIDIA GeForce GTX 960M
[2018.05.30-08.54.13:530][  0]LogD3D11RHI:   Driver Version: Unknown (internal:Unknown, unified:Unknown)
[2018.05.30-08.54.13:530][  0]LogD3D11RHI:      Driver Date: Unknown
[2018.05.30-08.54.13:530][  0]LogRHI: Texture pool is 1413 MB (70% of 2019 MB)
[2018.05.30-08.54.13:571][  0]LogD3D11RHI: [Aftermath] Aftermath enabled but failed to initialize
[2018.05.30-08.54.13:572][  0]LogD3D11RHI: [Aftermath] Aftermath enabled and primed
[2018.05.30-08.54.13:572][  0]LogD3D11RHI: Async texture creation enabled
[2018.05.30-08.54.13:588][  0]LogD3D11RHI: GPU Timing Frequency: 1000.000000 (Debug: 2 1)
[2018.05.30-08.54.13:593][  0]LogShaderCompilers: Guid format shader working directory is -10 characters bigger than the processId version (../../../../../bewijzenmap/P2.4/IDP/InputOutput/InputOutput/Intermediate/Shaders/WorkingDirectory/23740/).
[2018.05.30-08.54.13:594][  0]LogShaderCompilers: Cleaned the shader compiler working directory 'C:/Users/Boyd smit/AppData/Local/Temp/UnrealShaderWorkingDir/8A7F326A45D8BE2A1D88788FF3769E2A/'.
[2018.05.30-08.54.14:881][  0]LogTemp: Display: Loaded TP AllDesktopTargetPlatform
[2018.05.30-08.54.14:904][  0]LogTemp: Display: Loaded TP MacClientTargetPlatform
[2018.05.30-08.54.14:929][  0]LogTemp: Display: Loaded TP MacNoEditorTargetPlatform
[2018.05.30-08.54.14:948][  0]LogTemp: Display: Loaded TP MacServerTargetPlatform
[2018.05.30-08.54.14:967][  0]LogTemp: Display: Loaded TP MacTargetPlatform
[2018.05.30-08.54.14:991][  0]LogTemp: Display: Loaded TP WindowsClientTargetPlatform
[2018.05.30-08.54.15:012][  0]LogTemp: Display: Loaded TP WindowsNoEditorTargetPlatform
[2018.05.30-08.54.15:030][  0]LogTemp: Display: Loaded TP WindowsServerTargetPlatform
[2018.05.30-08.54.15:040][  0]LogTemp: Display: Loaded TP WindowsTargetPlatform
[2018.05.30-08.54.15:063][  0]LogTemp: Display: Loaded TP Android_ASTCTargetPlatform
[2018.05.30-08.54.15:086][  0]LogTemp: Display: Loaded TP Android_ATCTargetPlatform
[2018.05.30-08.54.15:113][  0]LogTemp: Display: Loaded TP Android_DXTTargetPlatform
[2018.05.30-08.54.15:132][  0]LogTemp: Display: Loaded TP Android_ETC1aTargetPlatform
[2018.05.30-08.54.15:155][  0]LogTemp: Display: Loaded TP Android_ETC1TargetPlatform
[2018.05.30-08.54.15:172][  0]LogTemp: Display: Loaded TP Android_ETC2TargetPlatform
[2018.05.30-08.54.15:215][  0]LogTemp: Display: Loaded TP Android_MultiTargetPlatform
[2018.05.30-08.54.15:215][  0]LogTemp: Display: Loaded TP Android_PVRTCTargetPlatform
[2018.05.30-08.54.15:236][  0]LogTemp: Display: Loaded TP AndroidTargetPlatform
[2018.05.30-08.54.15:238][  0]LogTemp: Display: Loaded TP HTML5TargetPlatform
[2018.05.30-08.54.15:286][  0]LogTemp: Display: Loaded TP IOSTargetPlatform
[2018.05.30-08.54.15:303][  0]LogTemp: Display: Loaded TP TVOSTargetPlatform
[2018.05.30-08.54.15:319][  0]LogTemp: Display: Loaded TP LinuxClientTargetPlatform
[2018.05.30-08.54.15:339][  0]LogTemp: Display: Loaded TP LinuxNoEditorTargetPlatform
[2018.05.30-08.54.15:358][  0]LogTemp: Display: Loaded TP LinuxServerTargetPlatform
[2018.05.30-08.54.15:379][  0]LogTemp: Display: Loaded TP LinuxTargetPlatform
[2018.05.30-08.54.15:379][  0]LogTargetPlatformManager: Display: Building Assets For Windows
[2018.05.30-08.54.15:485][  0]LogXGEController: Cannot use XGE Controller as Incredibuild is not installed on this machine.
[2018.05.30-08.54.15:485][  0]LogShaderCompilers: Cannot use XGE Shader Compiler as Incredibuild is not installed on this machine.
[2018.05.30-08.54.15:485][  0]LogShaderCompilers: Display: Using Local Shader Compiler.
[2018.05.30-08.54.16:659][  0]LogDerivedDataCache: Display: Max Cache Size: 512 MB
[2018.05.30-08.54.16:860][  0]LogDerivedDataCache: Loaded boot cache 0.20s 74MB C:/Users/Boyd smit/AppData/Local/UnrealEngine/4.19/DerivedDataCache/Boot.ddc.
[2018.05.30-08.54.16:860][  0]LogDerivedDataCache: Display: Loaded Boot cache: C:/Users/Boyd smit/AppData/Local/UnrealEngine/4.19/DerivedDataCache/Boot.ddc
[2018.05.30-08.54.16:860][  0]LogDerivedDataCache: FDerivedDataBackendGraph:  Pak pak cache file ../../../../../bewijzenmap/P2.4/IDP/InputOutput/InputOutput/DerivedDataCache/DDC.ddp not found, will not use a pak cache.
[2018.05.30-08.54.16:860][  0]LogDerivedDataCache: Unable to find inner node Pak for hierarchical cache Hierarchy.
[2018.05.30-08.54.16:860][  0]LogDerivedDataCache: FDerivedDataBackendGraph:  CompressedPak pak cache file ../../../../../bewijzenmap/P2.4/IDP/InputOutput/InputOutput/DerivedDataCache/Compressed.ddp not found, will not use a pak cache.
[2018.05.30-08.54.16:860][  0]LogDerivedDataCache: Unable to find inner node CompressedPak for hierarchical cache Hierarchy.
[2018.05.30-08.54.16:891][  0]LogDerivedDataCache: Display: Pak cache opened for reading ../../../Engine/DerivedDataCache/Compressed.ddp.
[2018.05.30-08.54.16:909][  0]LogDerivedDataCache: Using Local data cache path C:/Users/Boyd smit/AppData/Local/UnrealEngine/Common/DerivedDataCache: Writable
[2018.05.30-08.54.16:909][  0]LogDerivedDataCache: Shared data cache path not found in *engine.ini, will not use an Shared cache.
[2018.05.30-08.54.16:909][  0]LogDerivedDataCache: Unable to find inner node Shared for hierarchical cache Hierarchy.
[2018.05.30-08.54.16:933][  0]LogMaterial: Verifying Global Shaders for PCD3D_SM5
[2018.05.30-08.54.16:934][  0]LogSlate: Using Freetype 2.6.0
[2018.05.30-08.54.16:936][  0]LogSlate: SlateFontCache - WITH_FREETYPE: 1, WITH_HARFBUZZ: 1
[2018.05.30-08.54.16:936][  0]LogSlate: SlateFontCache - WITH_FREETYPE: 1, WITH_HARFBUZZ: 1
[2018.05.30-08.54.17:128][  0]LogAssetRegistry: FAssetRegistry took 0.0312 seconds to start up
[2018.05.30-08.54.17:626][  0]LogInit: Selected Device Profile: [Windows]
[2018.05.30-08.54.17:865][  0]LogSimplygon: Simplygon DLL not present - disabling.
[2018.05.30-08.54.17:870][  0]LogMeshReduction: Using SimplygonSwarm for distributed automatic mesh merging
[2018.05.30-08.54.17:870][  0]LogMeshReduction: Using QuadricMeshReduction for automatic static mesh reduction
[2018.05.30-08.54.17:870][  0]LogMeshReduction: No automatic skeletal mesh reduction module available
[2018.05.30-08.54.17:870][  0]LogMeshReduction: No automatic mesh merging module available
[2018.05.30-08.54.17:870][  0]LogMeshMerging: No automatic mesh merging module available
[2018.05.30-08.54.17:927][  0]LogNetVersion: InputOutput , NetCL: 3944462, EngineNetVer: 2, GameNetVer: 0 (Checksum: 3349824527)
[2018.05.30-08.54.19:221][  0]LogPackageLocalizationCache: Processed 9 localized package path(s) for 2 prioritized culture(s) in 0.640447 seconds
[2018.05.30-08.54.19:241][  0]LogUObjectArray: 36728 objects as part of root set at end of initial load.
[2018.05.30-08.54.19:241][  0]LogUObjectAllocator: 7314304 out of 0 bytes used by permanent object pool.
[2018.05.30-08.54.19:241][  0]LogUObjectArray: CloseDisregardForGC: 0/0 objects in disregard for GC pool
[2018.05.30-08.54.22:204][  0]LogTcpMessaging: Initializing TcpMessaging bridge
[2018.05.30-08.54.22:239][  0]LogUdpMessaging: Initializing bridge on interface 0.0.0.0:0 to multicast group 230.0.0.1:6666.
[2018.05.30-08.54.23:600][  0]SourceControl: Source control is disabled
[2018.05.30-08.54.23:600][  0]SourceControl: Source control is disabled
[2018.05.30-08.54.23:617][  0]SourceControl: Source control is disabled
[2018.05.30-08.54.23:638][  0]SourceControl: Source control is disabled
[2018.05.30-08.54.24:282][  0]LogAndroidPermission: UAndroidPermissionCallbackProxy::GetInstance
[2018.05.30-08.54.24:481][  0]LogOcInput: OculusInput pre-init called
[2018.05.30-08.54.25:160][  0]LogEngine: Initializing Engine...
[2018.05.30-08.54.25:162][  0]LogHMD: Failed to initialize OpenVR with code 110
[2018.05.30-08.54.25:166][  0]LogStats: UGameplayTagsManager::ConstructGameplayTagTree: Construct from data asset -  0.000 s
[2018.05.30-08.54.25:166][  0]LogStats: UGameplayTagsManager::ConstructGameplayTagTree: GameplayTagTreeChangedEvent.Broadcast -  0.000 s
[2018.05.30-08.54.25:942][  0]LogAIModule: Creating AISystem for world Untitled
[2018.05.30-08.54.25:974][  0]LogInit: XAudio2 using 'Luidsprekers (Realtek High Definition Audio)' : 2 channels at 48 kHz using 32 bits per sample (channel mask 0x3)
[2018.05.30-08.54.26:035][  0]LogInit: FAudioDevice initialized.
[2018.05.30-08.54.26:292][  0]LogDerivedDataCache: Saved boot cache 0.26s 74MB C:/Users/Boyd smit/AppData/Local/UnrealEngine/4.19/DerivedDataCache/Boot.ddc.
[2018.05.30-08.54.26:334][  0]LogInit: Texture streaming: Enabled
[2018.05.30-08.54.29:343][  0]LogEngineSessionManager: EngineSessionManager initialized
[2018.05.30-08.54.29:343][  0]LogEngineSessionManager: EngineSessionManager sent abnormal shutdown report. Type=AbnormalShutdown, SessionId={48349D01-47FE-F653-E9FB-C9B0F64AB48D}
[2018.05.30-08.54.33:190][  0]LogInit: Transaction tracking system initialized
[2018.05.30-08.54.34:898][  0]BlueprintLog: New page: Editor Load
[2018.05.30-08.54.36:989][  0]LocalizationService: Localization service is disabled
[2018.05.30-08.54.38:126][  0]LogConsoleResponse: Display: 
[2018.05.30-08.54.40:430][  0]LogFileCache: Scanning file cache for directory 'D:/bewijzenmap/P2.4/IDP/InputOutput/InputOutput/Content/' took 0.09s
[2018.05.30-08.54.40:430][  0]LogCook: Display: Max memory allowance for cook 16384mb min free memory 0mb
[2018.05.30-08.54.40:430][  0]LogCook: Display: Mobile HDR setting 1
[2018.05.30-08.54.40:430][  0]LogGameplayTags: Display: UGameplayTagsManager::DoneAddingNativeTags. DelegateIsBound: 0
[2018.05.30-08.54.40:430][  0]LogStats: UGameplayTagsManager::ConstructGameplayTagTree: Construct from data asset -  0.000 s
[2018.05.30-08.54.40:430][  0]LogStats: UGameplayTagsManager::ConstructGameplayTagTree: GameplayTagTreeChangedEvent.Broadcast -  0.000 s
[2018.05.30-08.54.43:744][  0]SourceControl: Source control is disabled
[2018.05.30-08.54.43:836][  0]Cmd: MAP LOAD FILE="../../../Engine/Content/Maps/Templates/Template_Default.umap" TEMPLATE=1 SHOWPROGRESS=1 FEATURELEVEL=3
[2018.05.30-08.54.43:888][  0]LightingResults: New page: Lighting Build
[2018.05.30-08.54.44:516][  0]MapCheck: New page: Map Check
[2018.05.30-08.54.44:516][  0]LightingResults: New page: Lighting Build
[2018.05.30-08.54.47:986][  0]LogAIModule: Creating AISystem for world Untitled_1
[2018.05.30-08.54.48:874][  0]LogEditorServer: Finished looking for orphan Actors (0.000 secs)
[2018.05.30-08.54.49:056][  0]Cmd: MAP CHECKDEP NOCLEARLOG
[2018.05.30-08.54.49:138][  0]MapCheck: Map check complete: 0 Error(s), 0 Warning(s), took 81.94ms to complete.
[2018.05.30-08.54.49:139][  0]LogFileHelpers: Loading map 'Template_Default' took 5.352
[2018.05.30-08.54.55:268][  0]LogCollectionManager: Loaded 0 collections in 0.001639 seconds
[2018.05.30-08.54.57:262][  0]LogFileCache: Scanning file cache for directory 'D:/bewijzenmap/P2.4/IDP/InputOutput/InputOutput/Saved/Collections/' took 0.01s
[2018.05.30-08.54.57:262][  0]LogFileCache: Scanning file cache for directory 'D:/bewijzenmap/P2.4/IDP/InputOutput/InputOutput/Content/Developers/Boydsmit/Collections/' took 0.01s
[2018.05.30-08.54.57:262][  0]LogFileCache: Scanning file cache for directory 'D:/bewijzenmap/P2.4/IDP/InputOutput/InputOutput/Content/Collections/' took 0.01s
[2018.05.30-08.54.57:262][  0]LogCollectionManager: Rebuilt the GUID cache for 0 collections in 0.000000 seconds
[2018.05.30-08.54.57:361][  0]LogContentBrowser: Native class hierarchy populated in 0.0558 seconds. Added 2456 classes and 561 folders.
[2018.05.30-08.54.57:739][  0]LogContentBrowser: Native class hierarchy updated for 'WidgetCarousel' in 0.0012 seconds. Added 0 classes and 0 folders.
[2018.05.30-08.55.00:297][  0]LogContentBrowser: Native class hierarchy updated for 'AddContentDialog' in 0.0009 seconds. Added 0 classes and 0 folders.
[2018.05.30-08.55.01:524][  0]LogContentBrowser: Native class hierarchy updated for 'SceneOutliner' in 0.0006 seconds. Added 1 classes and 2 folders.
[2018.05.30-08.55.03:195][  0]LogSlate: Took 0.000273 seconds to synchronously load lazily loaded font '../../../Engine/Content/Slate/Fonts/Roboto-Regular.ttf' (155K)
[2018.05.30-08.55.03:206][  0]LogSlate: Took 0.000624 seconds to synchronously load lazily loaded font '../../../Engine/Content/Slate/Fonts/Roboto-Bold.ttf' (160K)
[2018.05.30-08.55.03:282][  0]LogSlate: Took 0.014157 seconds to synchronously load lazily loaded font '../../../Engine/Content/Editor/Slate/Fonts/FontAwesome.ttf' (139K)
[2018.05.30-08.55.03:896][  0]LogRenderer: Reallocating scene render targets to support 964x436 Format 10 NumSamples 1 (Frame:1).
[2018.05.30-08.55.05:416][  0]LogContentBrowser: Native class hierarchy updated for 'HierarchicalLODOutliner' in 0.0009 seconds. Added 0 classes and 0 folders.
[2018.05.30-08.55.05:416][  0]LogLoad: (Engine Initialization) Total time: 59.16 seconds
[2018.05.30-08.55.05:416][  0]LogLoad: (Engine Initialization) Total Blueprint compile time: 0.00 seconds
[2018.05.30-08.55.06:383][  0]LogContentStreaming: Texture pool size now 1000 MB
[2018.05.30-08.55.06:938][  2]LogAssetRegistry: Asset discovery search completed in 49.8323 seconds
[2018.05.30-08.55.06:940][  2]LogCollectionManager: Rebuilt the object cache for 0 collections in 0.000000 seconds (found 0 objects)
[2018.05.30-08.55.06:940][  2]LogCollectionManager: Fixed up redirectors for 0 collections in 0.000060 seconds (updated 0 objects)
[2018.05.30-08.55.09:009][  8]LogSlate: FSceneViewport::OnFocusLost() reason 0
[2018.05.30-08.55.10:718][ 95]LogSlate: Took 0.012253 seconds to synchronously load lazily loaded font '../../../Engine/Content/Slate/Fonts/Roboto-Light.ttf' (167K)
[2018.05.30-08.55.45:642][776]LogSlate: FSceneViewport::OnFocusLost() reason 0
[2018.05.30-08.56.15:228][532]LogSlate: Took 0.000181 seconds to synchronously load lazily loaded font '../../../Engine/Content/Slate/Fonts/Roboto-Light.ttf' (167K)
[2018.05.30-08.56.15:287][532]LogAIModule: Creating AISystem for world WorldBoyd
[2018.05.30-08.56.15:460][532]Cmd: MAP LOAD FILE="../../../../../bewijzenmap/P2.4/IDP/InputOutput/InputOutput/Content/Scene/WorldBoyd.umap" TEMPLATE=0 SHOWPROGRESS=1 FEATURELEVEL=3
[2018.05.30-08.56.15:460][532]LightingResults: New page: Lighting Build
[2018.05.30-08.56.15:460][532]LoadErrors: New page: Loading map: WorldBoyd.umap
[2018.05.30-08.56.15:562][532]MapCheck: New page: Map Check
[2018.05.30-08.56.15:562][532]LightingResults: New page: Lighting Build
[2018.05.30-08.56.15:814][532]LogEditorServer: Finished looking for orphan Actors (0.000 secs)
[2018.05.30-08.56.15:862][532]Cmd: MAP CHECKDEP NOCLEARLOG
[2018.05.30-08.56.15:903][532]MapCheck: Map check complete: 0 Error(s), 0 Warning(s), took 40.839ms to complete.
[2018.05.30-08.56.15:903][532]LogFileHelpers: Loading map 'WorldBoyd' took 0.512
[2018.05.30-08.56.52:665][539]LogSlate: FSceneViewport::OnFocusLost() reason 2
[2018.05.30-08.56.55:721][710]LogPlayLevel: PlayLevel: No blueprints needed recompiling
[2018.05.30-08.56.55:808][710]PIE: New page: SIE session: WorldBoyd (May 30, 2018, 12:56:55 PM)
[2018.05.30-08.56.55:828][710]LogPlayLevel: Creating play world package: /Game/Scene/UEDPIE_0_WorldBoyd
[2018.05.30-08.56.55:856][710]LogPlayLevel: PIE: StaticDuplicateObject took: (0.027480s)
[2018.05.30-08.56.55:856][710]LogAIModule: Creating AISystem for world WorldBoyd
[2018.05.30-08.56.55:856][710]LogPlayLevel: PIE: World Init took: (0.000839s)
[2018.05.30-08.56.55:856][710]LogPlayLevel: PIE: Created PIE world by copying editor world from /Game/Scene/WorldBoyd.WorldBoyd to /Game/Scene/UEDPIE_0_WorldBoyd.WorldBoyd (0.028581s)
[2018.05.30-08.56.55:916][710]LogInit: XAudio2 using 'Luidsprekers (Realtek High Definition Audio)' : 2 channels at 48 kHz using 32 bits per sample (channel mask 0x3)
[2018.05.30-08.56.55:927][710]LogInit: FAudioDevice initialized.
[2018.05.30-08.56.55:944][710]LogSlate: FSceneViewport::OnFocusLost() reason 2
[2018.05.30-08.56.56:021][710]LogLoad: Game class is 'GameModeBase'
[2018.05.30-08.56.56:186][710]LogWorld: Bringing World /Game/Scene/UEDPIE_0_WorldBoyd.WorldBoyd up for play (max tick rate 60) at 2018.05.30-10.56.56
[2018.05.30-08.56.56:300][710]LogWorld: Bringing up level for play took: 0.134657
[2018.05.30-08.56.56:354][710]LogGameMode: FindPlayerStart: PATHS NOT DEFINED or NO PLAYERSTART with positive rating
[2018.05.30-08.56.56:484][710]LogContentBrowser: Native class hierarchy updated for 'MovieSceneCapture' in 0.0008 seconds. Added 11 classes and 0 folders.
[2018.05.30-08.56.56:497][710]PIE: Play in editor start time for /Game/Scene/UEDPIE_0_WorldBoyd 0.469
[2018.05.30-09.12.25:473][794]LogSlate: FSceneViewport::OnFocusLost() reason 0
[2018.05.30-09.19.20:826][822]LogSlate: FSceneViewport::OnFocusLost() reason 0
[2018.05.30-09.19.24:401][913]LogPlayLevel: PlayLevel: No blueprints needed recompiling
[2018.05.30-09.19.24:402][913]PIE: New page: SIE session: WorldBoyd (May 30, 2018, 1:19:24 PM)
[2018.05.30-09.19.24:402][913]LogPlayLevel: Creating play world package: /Game/Scene/UEDPIE_0_WorldBoyd
[2018.05.30-09.19.24:403][913]LogPlayLevel: PIE: StaticDuplicateObject took: (0.000994s)
[2018.05.30-09.19.24:403][913]LogAIModule: Creating AISystem for world WorldBoyd
[2018.05.30-09.19.24:403][913]LogPlayLevel: PIE: World Init took: (0.000776s)
[2018.05.30-09.19.24:403][913]LogPlayLevel: PIE: Created PIE world by copying editor world from /Game/Scene/WorldBoyd.WorldBoyd to /Game/Scene/UEDPIE_0_WorldBoyd.WorldBoyd (0.001881s)
[2018.05.30-09.19.24:417][913]LogInit: XAudio2 using 'Luidsprekers (Realtek High Definition Audio)' : 2 channels at 48 kHz using 32 bits per sample (channel mask 0x3)
[2018.05.30-09.19.24:429][913]LogInit: FAudioDevice initialized.
[2018.05.30-09.19.24:462][913]LogLoad: Game class is 'GameModeBase'
[2018.05.30-09.19.24:463][913]LogWorld: Bringing World /Game/Scene/UEDPIE_0_WorldBoyd.WorldBoyd up for play (max tick rate 60) at 2018.05.30-11.19.24
[2018.05.30-09.19.24:464][913]LogWorld: Bringing up level for play took: 0.000799
[2018.05.30-09.19.24:464][913]LogGameMode: FindPlayerStart: PATHS NOT DEFINED or NO PLAYERSTART with positive rating
[2018.05.30-09.19.24:465][913]PIE: Play in editor start time for /Game/Scene/UEDPIE_0_WorldBoyd 0.448
[2018.05.30-09.19.25:931][983]LogEditorViewport: Clicking Background
[2018.05.30-09.19.25:997][983]LogEditorViewport: Clicking Background
[2018.05.30-09.19.30:431][221]LogSlate: FSceneViewport::OnFocusLost() reason 0
[2018.05.30-09.22.16:515][786]LogTemp: Executing iPhonePackager certificates Engine -bundlename com.YourCompany.InputOutput
[2018.05.30-09.22.16:515][786]LogTemp: CWD: D:\EpicGames games\UE_4.19\Engine\Binaries\DotNET\IOS
[2018.05.30-09.22.16:515][786]LogTemp: Initial Dir: D:\EpicGames games\UE_4.19
[2018.05.30-09.22.16:515][786]LogTemp: Env CWD: D:\EpicGames games\UE_4.19\Engine\Binaries\DotNET\IOS
[2018.05.30-09.22.16:515][786]LogTemp: BranchPath = LAPTOP-00QRHNHM/D/EpicGames games/UE_4.19/Engine/Binaries --- GameBranchPath = LAPTOP-00QRHNHM/D/EpicGames games/UE_4.19/Engine/Binaries
[2018.05.30-09.22.16:515][786]LogTemp: IPP ERROR: Could not find provision directory 'C:\Users\Boyd smit\AppData\Local/Apple Computer/MobileDevice/Provisioning Profiles/'.
[2018.05.30-09.22.16:515][786]LogSlate: Only BGRA pngs, bmps or icos are supported in by External Image Picker
[2018.05.30-09.22.30:165][ 89]LogHotReload: New module detected: UE4Editor-InputOutput-6032.dll
[2018.05.30-09.22.34:094][207]LogHotReload: Starting Hot-Reload from IDE
[2018.05.30-09.22.34:571][207]LogContentBrowser: Native class hierarchy updated for 'InputOutput' in 0.0007 seconds. Added 4 classes and 3 folders.
[2018.05.30-09.22.34:572][207]Display: HotReload successful (0 functions remapped  0 scriptstructs remapped)
[2018.05.30-09.22.35:068][207]LogContentBrowser: Native class hierarchy populated in 0.0131 seconds. Added 2457 classes and 563 folders.
[2018.05.30-09.22.35:553][207]Display: HotReload took  1.5s.
[2018.05.30-09.24.15:787][234]LogSlate: Window 'Project Settings' being destroyed
[2018.05.30-09.24.15:797][234]LogSlate: Window 'Project Settings' being destroyed
[2018.05.30-09.24.28:732][476]LogSlate: FSceneViewport::OnFocusLost() reason 2
[2018.05.30-09.24.35:536][778]LogSlate: Took 0.264125 seconds to synchronously load lazily loaded font '../../../Engine/Content/Slate/Fonts/DroidSansMono.ttf' (77K)
[2018.05.30-09.24.38:597][861]LogSlate: FSceneViewport::OnFocusLost() reason 2
[2018.05.30-09.24.41:210][151]LogPlayLevel: PlayLevel: No blueprints needed recompiling
[2018.05.30-09.24.41:210][151]PIE: New page: SIE session: WorldBoyd (May 30, 2018, 1:24:41 PM)
[2018.05.30-09.24.41:210][151]LogPlayLevel: Creating play world package: /Game/Scene/UEDPIE_0_WorldBoyd
[2018.05.30-09.24.41:467][151]LogPlayLevel: PIE: StaticDuplicateObject took: (0.256150s)
[2018.05.30-09.24.41:468][151]LogAIModule: Creating AISystem for world WorldBoyd
[2018.05.30-09.24.41:469][151]LogPlayLevel: PIE: World Init took: (0.001593s)
[2018.05.30-09.24.41:469][151]LogPlayLevel: PIE: Created PIE world by copying editor world from /Game/Scene/WorldBoyd.WorldBoyd to /Game/Scene/UEDPIE_0_WorldBoyd.WorldBoyd (0.258397s)
[2018.05.30-09.24.41:705][151]LogInit: XAudio2 using 'Luidsprekers (Realtek High Definition Audio)' : 2 channels at 48 kHz using 32 bits per sample (channel mask 0x3)
[2018.05.30-09.24.41:717][151]LogInit: FAudioDevice initialized.
[2018.05.30-09.24.41:718][151]LogSlate: FSceneViewport::OnFocusLost() reason 2
[2018.05.30-09.24.41:835][151]LogLoad: Game class is 'GameModeBase'
[2018.05.30-09.24.41:837][151]LogWorld: Bringing World /Game/Scene/UEDPIE_0_WorldBoyd.WorldBoyd up for play (max tick rate 0) at 2018.05.30-11.24.41
[2018.05.30-09.24.41:837][151]LogWorld: Bringing up level for play took: 0.000820
[2018.05.30-09.24.41:881][151]LogGameMode: FindPlayerStart: PATHS NOT DEFINED or NO PLAYERSTART with positive rating
[2018.05.30-09.24.41:882][151]PIE: Play in editor start time for /Game/Scene/UEDPIE_0_WorldBoyd -0.134
[2018.05.30-09.24.50:386][384]LogSlate: FSceneViewport::OnFocusLost() reason 0
[2018.05.30-09.24.55:619][572]LogEditor: Attempting to add actor of class 'UserInput' to level at 40.00,340.00,840.00
[2018.05.30-09.24.55:903][572]LogActor: Warning: UserInput /Game/Scene/WorldBoyd.WorldBoyd:PersistentLevel.UserInput_0 has natively added scene component(s), but none of them were set as the actor's RootComponent - picking one arbitrarily
[2018.05.30-09.25.01:909][572]LogEditor: Attempting to add actor of class 'UserInput' to level at 40.00,340.00,840.00
[2018.05.30-09.25.01:909][572]LogActor: Warning: UserInput /Game/Scene/WorldBoyd.WorldBoyd:PersistentLevel.UserInput_1 has natively added scene component(s), but none of them were set as the actor's RootComponent - picking one arbitrarily
[2018.05.30-09.25.07:073][573]LogSlate: FSceneViewport::OnFocusLost() reason 0
[2018.05.30-09.25.07:322][573]LogEditor: Attempting to add actor of class 'UserInput' to level at 180.00,-460.00,20.00
[2018.05.30-09.25.07:323][573]LogActor: Warning: UserInput /Game/Scene/WorldBoyd.WorldBoyd:PersistentLevel.UserInput_2 has natively added scene component(s), but none of them were set as the actor's RootComponent - picking one arbitrarily
[2018.05.30-09.25.07:408][573]LogEditor: Attempting to add actor of class 'UserInput' to level at 180.00,-460.00,20.00
[2018.05.30-09.25.07:409][573]LogActor: Warning: UserInput /Game/Scene/WorldBoyd.WorldBoyd:PersistentLevel.UserInput_3 has natively added scene component(s), but none of them were set as the actor's RootComponent - picking one arbitrarily
[2018.05.30-09.25.07:429][573]LogEditor: Attempting to add actor of class 'UserInput' to level at 180.00,-460.00,20.00
[2018.05.30-09.25.07:475][573]LogActor: Warning: UserInput /Game/Scene/WorldBoyd.WorldBoyd:PersistentLevel.UserInput_4 has natively added scene component(s), but none of them were set as the actor's RootComponent - picking one arbitrarily
[2018.05.30-09.25.07:699][573]LogEditorViewport: Clicking on Actor (LMB): StaticMeshActor (test)
[2018.05.30-09.25.12:291][574]LogSlate: FSceneViewport::OnFocusLost() reason 2
[2018.05.30-09.25.15:262][574]LogSavePackage: Save=1350.36ms
[2018.05.30-09.25.15:262][574]LogSavePackage: Moving '../../../../../bewijzenmap/P2.4/IDP/InputOutput/InputOutput/Saved/WorldBoyd_Auto10BC100344A8C18E9D539199C7AF85D52.tmp' to '../../../../../bewijzenmap/P2.4/IDP/InputOutput/InputOutput/Saved/Autosaves/Game/Scene/WorldBoyd_Auto1.umap'
[2018.05.30-09.25.15:466][574]LogSavePackage: Display: Finished SavePackage ../../../../../bewijzenmap/P2.4/IDP/InputOutput/InputOutput/Saved/Autosaves/Game/Scene/WorldBoyd_Auto1.umap
[2018.05.30-09.25.15:847][574]LogFileHelpers: Editor autosave (incl. sublevels) for '/Game/Scene/WorldBoyd' took 3.158
[2018.05.30-09.25.15:898][574]LogFileHelpers: Editor autosave (incl. sublevels) for all levels took 3.158
[2018.05.30-09.25.18:991][712]LogSlate: FSceneViewport::OnFocusLost() reason 0
[2018.05.30-09.25.19:381][736]LogEditor: Attempting to add actor of class 'UserInput' to level at -500.00,-370.00,350.00
[2018.05.30-09.25.19:405][736]LogActor: Warning: UserInput /Game/Scene/WorldBoyd.WorldBoyd:PersistentLevel.UserInput_5 has natively added scene component(s), but none of them were set as the actor's RootComponent - picking one arbitrarily
[2018.05.30-09.25.20:977][863]LogEditor: Attempting to add actor of class 'UserInput' to level at -500.00,-370.00,350.00
[2018.05.30-09.25.20:977][863]LogActor: Warning: UserInput /Game/Scene/WorldBoyd.WorldBoyd:PersistentLevel.UserInput_6 has natively added scene component(s), but none of them were set as the actor's RootComponent - picking one arbitrarily
[2018.05.30-09.25.24:680][182]LogSlate: FSceneViewport::OnFocusLost() reason 0
[2018.05.30-09.25.39:551][ 72]Cmd: DELETE
[2018.05.30-09.25.39:551][ 72]Cmd: ACTOR DELETE
[2018.05.30-09.25.40:138][ 72]LogEditorActor: Deleted Actor: UserInput
[2018.05.30-09.25.40:150][ 72]LogEditorActor: Deleted 1 Actors (0.233 secs)
[2018.05.30-09.25.41:989][250]Cmd: DELETE
[2018.05.30-09.25.41:989][250]Cmd: ACTOR DELETE
[2018.05.30-09.25.41:990][250]LogEditorActor: Deleted Actor: UserInput
[2018.05.30-09.25.42:004][250]LogEditorActor: Deleted 1 Actors (0.015 secs)
[2018.05.30-09.26.01:135][829]LogSlate: FSceneViewport::OnFocusLost() reason 0
[2018.05.30-09.26.01:470][851]LogActorFactory: Actor Factory created Cube
[2018.05.30-09.26.14:664][919]LogSlate: FSceneViewport::OnFocusLost() reason 2
[2018.05.30-09.26.16:144][ 34]LogPlayLevel: PlayLevel: No blueprints needed recompiling
[2018.05.30-09.26.16:145][ 34]PIE: New page: SIE session: WorldBoyd (May 30, 2018, 1:26:16 PM)
[2018.05.30-09.26.16:145][ 34]LogPlayLevel: Creating play world package: /Game/Scene/UEDPIE_0_WorldBoyd
[2018.05.30-09.26.16:146][ 34]LogPlayLevel: PIE: StaticDuplicateObject took: (0.001240s)
[2018.05.30-09.26.16:147][ 34]LogAIModule: Creating AISystem for world WorldBoyd
[2018.05.30-09.26.16:147][ 34]LogPlayLevel: PIE: World Init took: (0.000939s)
[2018.05.30-09.26.16:148][ 34]LogPlayLevel: PIE: Created PIE world by copying editor world from /Game/Scene/WorldBoyd.WorldBoyd to /Game/Scene/UEDPIE_0_WorldBoyd.WorldBoyd (0.002772s)
[2018.05.30-09.26.16:305][ 34]LogInit: XAudio2 using 'Luidsprekers (Realtek High Definition Audio)' : 2 channels at 48 kHz using 32 bits per sample (channel mask 0x3)
[2018.05.30-09.26.16:316][ 34]LogInit: FAudioDevice initialized.
[2018.05.30-09.26.16:317][ 34]LogSlate: FSceneViewport::OnFocusLost() reason 2
[2018.05.30-09.26.16:349][ 34]LogLoad: Game class is 'GameModeBase'
[2018.05.30-09.26.16:351][ 34]LogWorld: Bringing World /Game/Scene/UEDPIE_0_WorldBoyd.WorldBoyd up for play (max tick rate 0) at 2018.05.30-11.26.16
[2018.05.30-09.26.16:489][ 34]LogWorld: Bringing up level for play took: 0.138113
[2018.05.30-09.26.16:489][ 34]LogGameMode: FindPlayerStart: PATHS NOT DEFINED or NO PLAYERSTART with positive rating
[2018.05.30-09.26.16:490][ 34]PIE: Play in editor start time for /Game/Scene/UEDPIE_0_WorldBoyd 0.473
[2018.05.30-09.26.17:472][115]LogEditorViewport: Clicking Background
[2018.05.30-09.26.17:858][152]LogEditorViewport: Clicking Background
[2018.05.30-09.26.18:794][227]LogSlate: FSceneViewport::OnFocusLost() reason 0
[2018.05.30-09.26.19:512][278]LogEditorViewport: Clicking on Actor (LMB): StaticMeshActor (test)
[2018.05.30-09.26.21:219][371]LogSlate: FSceneViewport::OnFocusLost() reason 0
[2018.05.30-09.27.00:200][497]LogSlate: FSceneViewport::OnFocusLost() reason 0
[2018.05.30-09.27.00:413][507]Candidate modules for hot reload:
[2018.05.30-09.27.00:413][507]  InputOutput
[2018.05.30-09.27.00:413][507]Launching UnrealBuildTool... [D:/EpicGames games/UE_4.19/Engine/Binaries/DotNET/UnrealBuildTool.exe InputOutput -ModuleWithSuffix=InputOutput,1796 Win64 Development -editorrecompile -canskiplink "D:/bewijzenmap/P2.4/IDP/InputOutput/InputOutput/InputOutput.uproject" ]
[2018.05.30-09.27.00:646][507]Warning: Starting HotReload took  0.4s.
[2018.05.30-09.27.28:754][974]LogSlate: FSceneViewport::OnFocusLost() reason 2
[2018.05.30-09.27.36:927][327]LogEditorViewport: Clicking Background
[2018.05.30-09.27.47:612][379]LogSlate: FSceneViewport::OnFocusLost() reason 2
[2018.05.30-09.29.57:252][847]LogSlate: FSceneViewport::OnFocusLost() reason 0
[2018.05.30-09.31.16:720][239]CompilerResultsLog: New page: Compilation - May 30, 2018, 1:31:16 PM
[2018.05.30-09.31.16:787][239]CompilerResultsLog: Using 'git status' to determine working set for adaptive non-unity build.
[2018.05.30-09.31.16:787][239]CompilerResultsLog: Creating makefile for hot reloading InputOutput (modules to compile have changed)
[2018.05.30-09.31.16:787][239]CompilerResultsLog: Compiling game modules for hot reload
[2018.05.30-09.31.16:787][239]CompilerResultsLog: Performing 3 actions (4 in parallel)
[2018.05.30-09.31.16:787][239]CompilerResultsLog: UserInput.cpp
[2018.05.30-09.31.16:787][239]CompilerResultsLog: [2/3] Link UE4Editor-InputOutput-1796.dll
[2018.05.30-09.31.16:788][239]CompilerResultsLog: [3/3] Link UE4Editor-InputOutput-1796.lib
[2018.05.30-09.31.16:788][239]CompilerResultsLog:    Creating library D:\bewijzenmap\P2.4\IDP\InputOutput\InputOutput\Intermediate\Build\Win64\UE4Editor\Development\UE4Editor-InputOutput-1796.lib and object D:\bewijzenmap\P2.4\IDP\InputOutput\InputOutput\Intermediate\Build\Win64\UE4Editor\Development\UE4Editor-InputOutput-1796.exp
[2018.05.30-09.31.16:788][239]CompilerResultsLog:    Creating library D:\bewijzenmap\P2.4\IDP\InputOutput\InputOutput\Intermediate\Build\Win64\UE4Editor\Development\UE4Editor-InputOutput-1796.suppressed.lib and object D:\bewijzenmap\P2.4\IDP\InputOutput\InputOutput\Intermediate\Build\Win64\UE4Editor\Development\UE4Editor-InputOutput-1796.suppressed.exp
[2018.05.30-09.31.16:789][239]CompilerResultsLog: Total build time: 255.21 seconds (Local executor: 224.76 seconds)
[2018.05.30-09.31.16:866][239]LogMainFrame: MainFrame: Module compiling took 256.457 seconds
[2018.05.30-09.31.17:302][239]LogContentBrowser: Native class hierarchy updated for 'InputOutput' in 0.0006 seconds. Added 4 classes and 3 folders.
[2018.05.30-09.31.17:304][239]Display: HotReload successful (0 functions remapped  0 scriptstructs remapped)
[2018.05.30-09.31.17:358][239]LogContentBrowser: Native class hierarchy populated in 0.0147 seconds. Added 2457 classes and 563 folders.
[2018.05.30-09.31.17:359][239]Display: HotReload took 257.1s.
[2018.05.30-09.31.56:571][523]LogSlate: FSceneViewport::OnFocusLost() reason 2
[2018.05.30-09.31.57:464][600]LogPlayLevel: PlayLevel: No blueprints needed recompiling
[2018.05.30-09.31.57:464][600]PIE: New page: SIE session: WorldBoyd (May 30, 2018, 1:31:57 PM)
[2018.05.30-09.31.57:465][600]LogPlayLevel: Creating play world package: /Game/Scene/UEDPIE_0_WorldBoyd
[2018.05.30-09.31.57:555][600]LogPlayLevel: PIE: StaticDuplicateObject took: (0.071426s)
[2018.05.30-09.31.57:556][600]LogAIModule: Creating AISystem for world WorldBoyd
[2018.05.30-09.31.57:664][600]LogPlayLevel: PIE: World Init took: (0.108658s)
[2018.05.30-09.31.57:665][600]LogPlayLevel: PIE: Created PIE world by copying editor world from /Game/Scene/WorldBoyd.WorldBoyd to /Game/Scene/UEDPIE_0_WorldBoyd.WorldBoyd (0.200156s)
[2018.05.30-09.31.57:862][600]LogInit: XAudio2 using 'Luidsprekers (Realtek High Definition Audio)' : 2 channels at 48 kHz using 32 bits per sample (channel mask 0x3)
[2018.05.30-09.31.57:958][600]LogInit: FAudioDevice initialized.
[2018.05.30-09.31.57:958][600]LogSlate: FSceneViewport::OnFocusLost() reason 2
[2018.05.30-09.31.58:568][600]LogLoad: Game class is 'GameModeBase'
[2018.05.30-09.31.58:570][600]LogWorld: Bringing World /Game/Scene/UEDPIE_0_WorldBoyd.WorldBoyd up for play (max tick rate 0) at 2018.05.30-11.31.58
[2018.05.30-09.31.58:571][600]LogWorld: Bringing up level for play took: 0.001470
[2018.05.30-09.31.58:594][600]LogGameMode: FindPlayerStart: PATHS NOT DEFINED or NO PLAYERSTART with positive rating
[2018.05.30-09.31.58:629][600]PIE: Play in editor start time for /Game/Scene/UEDPIE_0_WorldBoyd 0.612
[2018.05.30-09.32.11:671][811]LogSlate: FSceneViewport::OnFocusLost() reason 0
[2018.05.30-09.34.51:008][641]Cmd: SELECT NONE
[2018.05.30-09.34.53:360][710]LogSlate: Window 'Save Content' being destroyed
[2018.05.30-09.34.54:761][710]Cmd: OBJ SAVEPACKAGE PACKAGE="/Game/Scene/WorldBoyd" FILE="../../../../../bewijzenmap/P2.4/IDP/InputOutput/InputOutput/Content/Scene/WorldBoyd.umap" SILENT=true AUTOSAVING=false KEEPDIRTY=false
[2018.05.30-09.34.54:829][710]LogSavePackage: Save=12.43ms
[2018.05.30-09.34.54:829][710]LogSavePackage: Moving '../../../../../bewijzenmap/P2.4/IDP/InputOutput/InputOutput/Saved/WorldBoyd93C1EA8243B7999684EFF58E7B57488D.tmp' to '../../../../../bewijzenmap/P2.4/IDP/InputOutput/InputOutput/Content/Scene/WorldBoyd.umap'
[2018.05.30-09.34.54:870][710]LogSavePackage: Display: Finished SavePackage ../../../../../bewijzenmap/P2.4/IDP/InputOutput/InputOutput/Content/Scene/WorldBoyd.umap
[2018.05.30-09.34.54:910][710]LogFileHelpers: Saving map 'WorldBoyd' took 1.402
[2018.05.30-09.34.55:148][710]LogSlate: Window 'InputOutput - Unreal Editor' being destroyed
[2018.05.30-09.34.55:170][710]LogWindowsTextInputMethodSystem: Display: IME system now deactivated.
[2018.05.30-09.34.56:964][711]Cmd: QUIT_EDITOR
[2018.05.30-09.34.58:911][711]LogSlate: Slate User Destroyed.  User Index 0, Is Virtual User: 0
[2018.05.30-09.34.58:997][711]LogExit: Preparing to exit.
[2018.05.30-09.35.17:191][711]LogDirectoryWatcher: A directory notification for 'D:/bewijzenmap/P2.4/IDP/InputOutput/InputOutput/Content/' was aborted.
[2018.05.30-09.35.25:994][711]LogExit: Editor shut down
[2018.05.30-09.35.29:358][711]LogExit: Transaction tracking system shut down
[2018.05.30-09.35.32:038][711]LogDirectoryWatcher: A directory notification for '../../../Engine/Content/' was aborted.
[2018.05.30-09.35.32:038][711]LogDirectoryWatcher: A directory notification for '../../../../../bewijzenmap/P2.4/IDP/InputOutput/InputOutput/Content/' was aborted.
[2018.05.30-09.35.32:038][711]LogDirectoryWatcher: A directory notification for '../../Plugins/2D/Paper2D/Content/' was aborted.
[2018.05.30-09.35.32:038][711]LogDirectoryWatcher: A directory notification for '../../Plugins/Enterprise/DatasmithContent/Content/' was aborted.
[2018.05.30-09.35.32:038][711]LogDirectoryWatcher: A directory notification for '../../Plugins/Media/MediaCompositing/Content/' was aborted.
[2018.05.30-09.35.32:038][711]LogDirectoryWatcher: A directory notification for '../../Plugins/Runtime/AppleARKit/Content/' was aborted.
[2018.05.30-09.35.32:038][711]LogDirectoryWatcher: A directory notification for '../../Plugins/Runtime/Oculus/OculusVR/Content/' was aborted.
[2018.05.30-09.35.32:038][711]LogDirectoryWatcher: A directory notification for '../../Plugins/Runtime/Steam/SteamVR/Content/' was aborted.
[2018.05.30-09.35.44:182][711]LogExit: Object subsystem successfully closed.
[2018.05.30-09.35.46:277][711]LogShaderCompilers: Display: Shaders left to compile 0
[2018.05.30-09.35.46:800][711]LogD3D11RHI: Shutdown
[2018.05.30-09.35.46:801][711]LogD3D11RHI: CleanupD3DDevice
[2018.05.30-09.35.47:182][711]LogD3D11RHI: ~FD3D11DynamicRHI
[2018.05.30-09.35.49:547][711]LogModuleManager: Shutting down and abandoning module InputOutput (584)
[2018.05.30-09.35.49:547][711]LogModuleManager: Shutting down and abandoning module ExternalImagePicker (582)
[2018.05.30-09.35.49:547][711]LogModuleManager: Shutting down and abandoning module MovieSceneCapture (580)
[2018.05.30-09.35.49:570][711]LogModuleManager: Shutting down and abandoning module HierarchicalLODOutliner (578)
[2018.05.30-09.35.49:591][711]LogModuleManager: Shutting down and abandoning module DesktopPlatform (576)
[2018.05.30-09.35.49:639][711]LogModuleManager: Shutting down and abandoning module SceneOutliner (574)
[2018.05.30-09.35.49:639][711]LogModuleManager: Shutting down and abandoning module AddContentDialog (572)
[2018.05.30-09.35.49:790][711]LogDirectoryWatcher: A directory notification for 'D:/EpicGames games/UE_4.19/FeaturePacks/' was aborted.
[2018.05.30-09.35.52:265][711]LogModuleManager: Shutting down and abandoning module WidgetCarousel (571)
[2018.05.30-09.35.52:265][711]LogModuleManager: Shutting down and abandoning module EditorWidgets (568)
[2018.05.30-09.35.52:265][711]LogModuleManager: Shutting down and abandoning module CollectionManager (566)
[2018.05.30-09.35.52:352][711]LogDirectoryWatcher: A directory notification for 'D:/bewijzenmap/P2.4/IDP/InputOutput/InputOutput/Content/Collections/' was aborted.
[2018.05.30-09.35.52:352][711]LogDirectoryWatcher: A directory notification for 'D:/bewijzenmap/P2.4/IDP/InputOutput/InputOutput/Content/Developers/Boydsmit/Collections/' was aborted.
[2018.05.30-09.35.52:352][711]LogDirectoryWatcher: A directory notification for 'D:/bewijzenmap/P2.4/IDP/InputOutput/InputOutput/Saved/Collections/' was aborted.
[2018.05.30-09.35.52:352][711]LogModuleManager: Shutting down and abandoning module HierarchicalLODUtilities (564)
[2018.05.30-09.35.52:388][711]LogModuleManager: Shutting down and abandoning module StatsViewer (562)
[2018.05.30-09.35.52:480][711]LogModuleManager: Shutting down and abandoning module FoliageEdit (560)
[2018.05.30-09.35.52:509][711]LogModuleManager: Shutting down and abandoning module LandscapeEditor (558)
[2018.05.30-09.35.52:838][711]LogModuleManager: Shutting down and abandoning module MeshPaintMode (556)
[2018.05.30-09.35.52:889][711]LogModuleManager: Shutting down and abandoning module SceneDepthPickerMode (554)
[2018.05.30-09.35.52:889][711]LogModuleManager: Shutting down and abandoning module ActorPickerMode (552)
[2018.05.30-09.35.52:889][711]LogModuleManager: Shutting down and abandoning module GeometryMode (550)
[2018.05.30-09.35.52:957][711]LogModuleManager: Shutting down and abandoning module TextureAlignMode (548)
[2018.05.30-09.35.52:957][711]LogModuleManager: Shutting down and abandoning module BspMode (546)
[2018.05.30-09.35.52:957][711]LogModuleManager: Shutting down and abandoning module PIEPreviewDeviceProfileSelector (544)
[2018.05.30-09.35.52:995][711]LogModuleManager: Shutting down and abandoning module HardwareSurvey (542)
[2018.05.30-09.35.52:995][711]LogModuleManager: Shutting down and abandoning module SequenceRecorderSections (540)
[2018.05.30-09.35.53:034][711]LogModuleManager: Shutting down and abandoning module AutomationWorker (538)
[2018.05.30-09.35.53:034][711]LogModuleManager: Shutting down and abandoning module AudioCaptureEditor (536)
[2018.05.30-09.35.53:034][711]LogModuleManager: Shutting down and abandoning module SequenceRecorder (535)
[2018.05.30-09.35.53:107][711]LogModuleManager: Shutting down and abandoning module MatineeToLevelSequence (532)
[2018.05.30-09.35.53:107][711]LogModuleManager: Shutting down and abandoning module LevelSequenceEditor (530)
[2018.05.30-09.35.53:229][711]LogModuleManager: Shutting down and abandoning module PlacementMode (529)
[2018.05.30-09.35.53:229][711]LogModuleManager: Shutting down and abandoning module MaterialEditor (528)
[2018.05.30-09.35.53:752][711]LogModuleManager: Shutting down and abandoning module WmfMediaFactory (524)
[2018.05.30-09.35.53:752][711]LogModuleManager: Shutting down and abandoning module WmfMediaEditor (522)
[2018.05.30-09.35.53:752][711]LogModuleManager: Shutting down and abandoning module MediaPlayerEditor (520)
[2018.05.30-09.35.53:883][711]LogModuleManager: Shutting down and abandoning module OpenExrWrapper (518)
[2018.05.30-09.35.53:883][711]LogModuleManager: Shutting down and abandoning module ImgMediaFactory (516)
[2018.05.30-09.35.53:883][711]LogModuleManager: Shutting down and abandoning module ImgMediaEditor (514)
[2018.05.30-09.35.53:883][711]LogModuleManager: Shutting down and abandoning module AvfMediaFactory (512)
[2018.05.30-09.35.53:883][711]LogModuleManager: Shutting down and abandoning module AvfMediaEditor (510)
[2018.05.30-09.35.53:883][711]LogModuleManager: Shutting down and abandoning module AndroidMediaFactory (508)
[2018.05.30-09.35.53:883][711]LogModuleManager: Shutting down and abandoning module AndroidMediaEditor (506)
[2018.05.30-09.35.53:883][711]LogModuleManager: Shutting down and abandoning module CharacterAI (504)
[2018.05.30-09.35.53:883][711]LogModuleManager: Shutting down and abandoning module SmartSnapping (502)
[2018.05.30-09.35.53:883][711]LogModuleManager: Shutting down and abandoning module SessionServices (500)
[2018.05.30-09.35.53:883][711]LogModuleManager: Shutting down and abandoning module ViewportSnapping (498)
[2018.05.30-09.35.53:883][711]LogModuleManager: Shutting down and abandoning module ViewportInteraction (496)
[2018.05.30-09.35.53:883][711]LogModuleManager: Shutting down and abandoning module ClothPainter (494)
[2018.05.30-09.35.54:090][711]LogModuleManager: Shutting down and abandoning module SkeletalMeshEditor (493)
[2018.05.30-09.35.54:307][711]LogModuleManager: Shutting down and abandoning module LogVisualizer (490)
[2018.05.30-09.35.54:541][711]LogModuleManager: Shutting down and abandoning module IntroTutorials (488)
[2018.05.30-09.35.54:678][711]LogModuleManager: Shutting down and abandoning module GameProjectGeneration (487)
[2018.05.30-09.35.55:000][711]LogModuleManager: Shutting down and abandoning module IOSPlatformEditor (484)
[2018.05.30-09.35.55:000][711]LogModuleManager: Shutting down and abandoning module HTML5PlatformEditor (482)
[2018.05.30-09.35.55:000][711]LogModuleManager: Shutting down and abandoning module AndroidPlatformEditor (480)
[2018.05.30-09.35.55:000][711]LogModuleManager: Shutting down and abandoning module AndroidDeviceDetection (479)
[2018.05.30-09.35.55:623][711]LogModuleManager: Shutting down and abandoning module WindowsPlatformEditor (476)
[2018.05.30-09.35.55:623][711]LogModuleManager: Shutting down and abandoning module IOSRuntimeSettings (474)
[2018.05.30-09.35.55:623][711]LogModuleManager: Shutting down and abandoning module AndroidRuntimeSettings (472)
[2018.05.30-09.35.55:623][711]LogModuleManager: Shutting down and abandoning module InputBindingEditor (470)
[2018.05.30-09.35.55:639][711]LogModuleManager: Shutting down and abandoning module MergeActors (468)
[2018.05.30-09.35.55:698][711]LogModuleManager: Shutting down and abandoning module LocalizationDashboard (466)
[2018.05.30-09.35.55:751][711]LogModuleManager: Shutting down and abandoning module LocalizationService (465)
[2018.05.30-09.35.55:785][711]LogModuleManager: Shutting down and abandoning module HardwareTargeting (462)
[2018.05.30-09.35.55:786][711]LogModuleManager: Shutting down and abandoning module DeviceProfileEditor (460)
[2018.05.30-09.35.55:811][711]LogModuleManager: Shutting down and abandoning module UndoHistory (458)
[2018.05.30-09.35.55:811][711]LogModuleManager: Shutting down and abandoning module XmlParser (456)
[2018.05.30-09.35.55:833][711]LogModuleManager: Shutting down and abandoning module Blutility (454)
[2018.05.30-09.35.55:874][711]LogModuleManager: Shutting down and abandoning module ProjectSettingsViewer (452)
[2018.05.30-09.35.55:874][711]LogModuleManager: Shutting down and abandoning module ProjectTargetPlatformEditor (451)
[2018.05.30-09.35.55:907][711]LogModuleManager: Shutting down and abandoning module EditorSettingsViewer (448)
[2018.05.30-09.35.55:907][711]LogModuleManager: Shutting down and abandoning module SettingsEditor (446)
[2018.05.30-09.35.55:950][711]LogModuleManager: Shutting down and abandoning module ProjectLauncher (444)
[2018.05.30-09.35.55:977][711]LogModuleManager: Shutting down and abandoning module SessionFrontend (442)
[2018.05.30-09.35.56:001][711]LogModuleManager: Shutting down and abandoning module ProfilerClient (440)
[2018.05.30-09.35.56:019][711]LogModuleManager: Shutting down and abandoning module DeviceManager (438)
[2018.05.30-09.35.56:047][711]LogModuleManager: Shutting down and abandoning module TargetDeviceServices (437)
[2018.05.30-09.35.56:112][711]LogModuleManager: Shutting down and abandoning module AutomationController (434)
[2018.05.30-09.35.56:149][711]LogModuleManager: Shutting down and abandoning module AutomationWindow (432)
[2018.05.30-09.35.56:255][711]LogModuleManager: Shutting down and abandoning module Layers (430)
[2018.05.30-09.35.56:483][711]LogModuleManager: Shutting down and abandoning module ComponentVisualizers (428)
[2018.05.30-09.35.56:483][711]LogModuleManager: Shutting down and abandoning module DetailCustomizations (426)
[2018.05.30-09.35.56:512][711]LogModuleManager: Shutting down and abandoning module PackagesDialog (424)
[2018.05.30-09.35.56:512][711]LogModuleManager: Shutting down and abandoning module Persona (422)
[2018.05.30-09.35.56:611][711]LogModuleManager: Shutting down and abandoning module AdvancedPreviewScene (421)
[2018.05.30-09.35.56:611][711]LogModuleManager: Shutting down and abandoning module AnimGraph (419)
[2018.05.30-09.35.56:611][711]LogModuleManager: Shutting down and abandoning module Kismet (416)
[2018.05.30-09.35.56:682][711]LogModuleManager: Shutting down and abandoning module GraphEditor (414)
[2018.05.30-09.35.56:970][711]LogModuleManager: Shutting down and abandoning module ClassViewer (412)
[2018.05.30-09.35.57:032][711]LogModuleManager: Shutting down and abandoning module Toolbox (410)
[2018.05.30-09.35.57:061][711]LogModuleManager: Shutting down and abandoning module ModuleUI (408)
[2018.05.30-09.35.57:104][711]LogModuleManager: Shutting down and abandoning module MovieSceneTools (406)
[2018.05.30-09.35.57:194][711]LogModuleManager: Shutting down and abandoning module OutputLog (404)
[2018.05.30-09.35.57:194][711]LogModuleManager: Shutting down and abandoning module GammaUI (402)
[2018.05.30-09.35.57:234][711]LogModuleManager: Shutting down and abandoning module Documentation (400)
[2018.05.30-09.35.57:234][711]LogModuleManager: Shutting down and abandoning module MovieSceneTracks (398)
[2018.05.30-09.35.57:254][711]LogModuleManager: Shutting down and abandoning module MovieScene (396)
[2018.05.30-09.35.57:288][711]LogModuleManager: Shutting down and abandoning module StreamingPauseRendering (394)
[2018.05.30-09.35.57:288][711]LogModuleManager: Shutting down and abandoning module LauncherPlatform (392)
[2018.05.30-09.35.57:288][711]LogModuleManager: Shutting down and abandoning module AnalyticsET (390)
[2018.05.30-09.35.57:288][711]LogModuleManager: Shutting down and abandoning module PortalServices (388)
[2018.05.30-09.35.57:288][711]LogModuleManager: Shutting down and abandoning module PortalRpc (386)
[2018.05.30-09.35.57:288][711]LogModuleManager: Shutting down and abandoning module MessagingRpc (384)
[2018.05.30-09.35.57:288][711]LogModuleManager: Shutting down and abandoning module AIModule (382)
[2018.05.30-09.35.57:319][711]LogModuleManager: Shutting down and abandoning module GameplayDebugger (381)
[2018.05.30-09.35.57:319][711]LogModuleManager: Shutting down and abandoning module AITestSuite (379)
[2018.05.30-09.35.57:351][711]LogModuleManager: Shutting down and abandoning module ProfilerService (376)
[2018.05.30-09.35.57:415][711]LogModuleManager: Shutting down and abandoning module TaskGraph (374)
[2018.05.30-09.35.57:474][711]LogModuleManager: Shutting down and abandoning module SteamVRController (372)
[2018.05.30-09.35.57:474][711]LogModuleManager: Shutting down and abandoning module ProceduralMeshComponentEditor (370)
[2018.05.30-09.35.57:474][711]LogModuleManager: Shutting down and abandoning module ProceduralMeshComponent (368)
[2018.05.30-09.35.57:490][711]LogModuleManager: Shutting down and abandoning module OculusInput (366)
[2018.05.30-09.35.57:509][711]LogModuleManager: Shutting down and abandoning module MobilePatchingUtils (364)
[2018.05.30-09.35.57:509][711]LogModuleManager: Shutting down and abandoning module CustomMeshComponent (362)
[2018.05.30-09.35.57:509][711]LogModuleManager: Shutting down and abandoning module CableComponent (360)
[2018.05.30-09.35.57:523][711]LogModuleManager: Shutting down and abandoning module AudioCapture (358)
[2018.05.30-09.35.57:523][711]LogModuleManager: Shutting down and abandoning module ArchVisCharacter (356)
[2018.05.30-09.35.57:523][711]LogModuleManager: Shutting down and abandoning module AndroidPermission (354)
[2018.05.30-09.35.57:523][711]LogModuleManager: Shutting down and abandoning module NUTUnrealEngine4 (350)
[2018.05.30-09.35.57:523][711]LogModuleManager: Shutting down and abandoning module NetcodeUnitTest (348)
[2018.05.30-09.35.57:582][711]LogModuleManager: Shutting down and abandoning module MediaCompositingEditor (346)
[2018.05.30-09.35.57:582][711]LogModuleManager: Shutting down and abandoning module MediaCompositing (344)
[2018.05.30-09.35.57:582][711]LogModuleManager: Shutting down and abandoning module LinearTimecode (342)
[2018.05.30-09.35.57:582][711]LogModuleManager: Shutting down and abandoning module ImgMedia (340)
[2018.05.30-09.35.57:639][711]LogModuleManager: Shutting down and abandoning module HTML5Networking (338)
[2018.05.30-09.35.57:639][711]LogModuleManager: Shutting down and abandoning module AlembicImporter (336)
[2018.05.30-09.35.57:659][711]LogModuleManager: Shutting down and abandoning module AlembicLibrary (335)
[2018.05.30-09.35.57:670][711]LogModuleManager: Shutting down and abandoning module GeometryCache (334)
[2018.05.30-09.35.57:670][711]LogModuleManager: Shutting down and abandoning module GeometryCacheEd (333)
[2018.05.30-09.35.57:670][711]LogModuleManager: Shutting down and abandoning module DatasmithContent (328)
[2018.05.30-09.35.57:670][711]LogModuleManager: Shutting down and abandoning module SpeedTreeImporter (326)
[2018.05.30-09.35.57:670][711]LogModuleManager: Shutting down and abandoning module PluginBrowser (324)
[2018.05.30-09.35.57:755][711]LogModuleManager: Shutting down and abandoning module MobileLauncherProfileWizard (322)
[2018.05.30-09.35.57:784][711]LogModuleManager: Shutting down and abandoning module CryptoKeysOpenSSL (320)
[2018.05.30-09.35.57:810][711]LogModuleManager: Shutting down and abandoning module CryptoKeys (318)
[2018.05.30-09.35.57:810][711]LogModuleManager: Shutting down and abandoning module VisualStudioSourceCodeAccess (316)
[2018.05.30-09.35.57:810][711]LogModuleManager: Shutting down and abandoning module VisualStudioCodeSourceCodeAccess (314)
[2018.05.30-09.35.57:810][711]LogModuleManager: Shutting down and abandoning module UObjectPlugin (312)
[2018.05.30-09.35.57:810][711]LogModuleManager: Shutting down and abandoning module SubversionSourceControl (310)
[2018.05.30-09.35.57:814][711]LogModuleManager: Shutting down and abandoning module PerforceSourceControl (308)
[2018.05.30-09.35.57:819][711]LogModuleManager: Shutting down and abandoning module GitSourceControl (306)
[2018.05.30-09.35.57:828][711]LogModuleManager: Shutting down and abandoning module SourceControl (305)
[2018.05.30-09.35.57:894][711]LogModuleManager: Shutting down and abandoning module CLionSourceCodeAccess (302)
[2018.05.30-09.35.57:916][711]LogModuleManager: Shutting down and abandoning module LightPropagationVolumeEditor (300)
[2018.05.30-09.35.57:916][711]LogModuleManager: Shutting down and abandoning module PaperTiledImporter (298)
[2018.05.30-09.35.57:916][711]LogModuleManager: Shutting down and abandoning module PaperSpriteSheetImporter (296)
[2018.05.30-09.35.57:916][711]LogModuleManager: Shutting down and abandoning module Paper2DEditor (294)
[2018.05.30-09.35.57:990][711]LogModuleManager: Shutting down and abandoning module MeshPaint (293)
[2018.05.30-09.35.58:046][711]LogModuleManager: Shutting down and abandoning module RuntimePhysXCooking (288)
[2018.05.30-09.35.58:046][711]LogModuleManager: Shutting down and abandoning module PhysXVehiclesEditor (286)
[2018.05.30-09.35.58:046][711]LogModuleManager: Shutting down and abandoning module PhysXVehicles (284)
[2018.05.30-09.35.58:046][711]LogModuleManager: Shutting down and abandoning module OculusEditor (282)
[2018.05.30-09.35.58:046][711]LogModuleManager: Shutting down and abandoning module LocationServicesBPLibrary (280)
[2018.05.30-09.35.58:046][711]LogModuleManager: Shutting down and abandoning module ImmediatePhysicsEditor (278)
[2018.05.30-09.35.58:046][711]LogModuleManager: Shutting down and abandoning module ImmediatePhysics (276)
[2018.05.30-09.35.58:078][711]LogModuleManager: Shutting down and abandoning module ActorSequence (274)
[2018.05.30-09.35.58:078][711]LogModuleManager: Shutting down and abandoning module UdpMessaging (272)
[2018.05.30-09.35.58:205][711]LogModuleManager: Shutting down and abandoning module TcpMessaging (270)
[2018.05.30-09.35.58:333][711]LogModuleManager: Shutting down and abandoning module GameplayTagsEditor (268)
[2018.05.30-09.35.58:341][711]LogModuleManager: Shutting down and abandoning module FacialAnimationEditor (266)
[2018.05.30-09.35.58:341][711]LogModuleManager: Shutting down and abandoning module FacialAnimation (264)
[2018.05.30-09.35.58:341][711]LogModuleManager: Shutting down and abandoning module DataValidation (262)
[2018.05.30-09.35.58:354][711]LogModuleManager: Shutting down and abandoning module AssetManagerEditor (260)
[2018.05.30-09.35.58:401][711]LogModuleManager: Shutting down and abandoning module LevelEditor (259)
[2018.05.30-09.35.58:492][711]LogModuleManager: Shutting down and abandoning module PixelInspectorModule (258)
[2018.05.30-09.35.58:539][711]LogModuleManager: Shutting down and abandoning module CommonMenuExtensions (256)
[2018.05.30-09.35.58:581][711]LogModuleManager: Shutting down and abandoning module MainFrame (254)
[2018.05.30-09.35.58:581][711]LogModuleManager: Shutting down and abandoning module HotReload (253)
[2018.05.30-09.35.58:581][711]LogDirectoryWatcher: A directory notification for 'D:/bewijzenmap/P2.4/IDP/InputOutput/InputOutput/Binaries/Win64' was aborted.
[2018.05.30-09.35.58:620][711]LogModuleManager: Shutting down and abandoning module ContentBrowser (249)
[2018.05.30-09.35.58:622][711]LogModuleManager: Shutting down and abandoning module TreeMap (247)
[2018.05.30-09.35.58:665][711]LogModuleManager: Shutting down and abandoning module LightPropagationVolumeRuntime (244)
[2018.05.30-09.35.58:665][711]LogModuleManager: Shutting down and abandoning module LiveLinkEditor (242)
[2018.05.30-09.35.58:695][711]LogModuleManager: Shutting down and abandoning module LiveLink (240)
[2018.05.30-09.35.58:876][711]LogModuleManager: Shutting down and abandoning module Paper2D (238)
[2018.05.30-09.35.58:898][711]LogModuleManager: Shutting down and abandoning module WindowsMoviePlayer (236)
[2018.05.30-09.35.58:968][711]LogModuleManager: Shutting down and abandoning module WmfMedia (234)
[2018.05.30-09.35.59:021][711]LogModuleManager: Shutting down and abandoning module Media (233)
[2018.05.30-09.35.59:028][711]LogModuleManager: Shutting down and abandoning module PacketHandler (230)
[2018.05.30-09.35.59:028][711]LogModuleManager: Shutting down and abandoning module ClothingSystemEditor (228)
[2018.05.30-09.35.59:028][711]LogModuleManager: Shutting down and abandoning module ClothingSystemRuntime (226)
[2018.05.30-09.35.59:103][711]LogModuleManager: Shutting down and abandoning module MediaAssets (224)
[2018.05.30-09.35.59:103][711]LogModuleManager: Shutting down and abandoning module Overlay (222)
[2018.05.30-09.35.59:103][711]LogModuleManager: Shutting down and abandoning module OverlayEditor (221)
[2018.05.30-09.35.59:103][711]LogModuleManager: Shutting down and abandoning module VREditor (218)
[2018.05.30-09.35.59:217][711]LogModuleManager: Shutting down and abandoning module StringTableEditor (216)
[2018.05.30-09.35.59:318][711]LogModuleManager: Shutting down and abandoning module GameplayTasksEditor (214)
[2018.05.30-09.35.59:318][711]LogModuleManager: Shutting down and abandoning module BehaviorTreeEditor (212)
[2018.05.30-09.35.59:618][711]LogModuleManager: Shutting down and abandoning module FunctionalTesting (210)
[2018.05.30-09.35.59:682][711]LogModuleManager: Shutting down and abandoning module CollisionAnalyzer (208)
[2018.05.30-09.35.59:796][711]LogModuleManager: Shutting down and abandoning module WorkspaceMenuStructure (207)
[2018.05.30-09.35.59:797][711]LogModuleManager: Shutting down and abandoning module UMG (204)
[2018.05.30-09.35.59:907][711]LogModuleManager: Shutting down and abandoning module UMGEditor (203)
[2018.05.30-09.36.00:149][711]LogModuleManager: Shutting down and abandoning module Sequencer (202)
[2018.05.30-09.36.00:419][711]LogModuleManager: Shutting down and abandoning module MessageLog (199)
[2018.05.30-09.36.00:419][711]LogModuleManager: Shutting down and abandoning module SlateReflector (194)
[2018.05.30-09.36.00:666][711]LogModuleManager: Shutting down and abandoning module Slate (192)
[2018.05.30-09.36.00:666][711]LogModuleManager: Shutting down and abandoning module EditorStyle (190)
[2018.05.30-09.36.00:760][711]LogModuleManager: Shutting down and abandoning module MRMesh (188)
[2018.05.30-09.36.00:760][711]LogModuleManager: Shutting down and abandoning module SourceCodeAccess (186)
[2018.05.30-09.36.00:760][711]LogModuleManager: Shutting down and abandoning module HeadMountedDisplay (184)
[2018.05.30-09.36.00:760][711]LogModuleManager: Shutting down and abandoning module XAudio2 (182)
[2018.05.30-09.36.00:760][711]LogModuleManager: Shutting down and abandoning module Networking (180)
[2018.05.30-09.36.00:760][711]LogModuleManager: Shutting down and abandoning module Core (178)
[2018.05.30-09.36.00:760][711]LogModuleManager: Shutting down and abandoning module LevelSequence (176)
[2018.05.30-09.36.00:793][711]LogModuleManager: Shutting down and abandoning module KismetCompiler (174)
[2018.05.30-09.36.00:834][711]LogModuleManager: Shutting down and abandoning module MeshUtilities (172)
[2018.05.30-09.36.00:946][711]LogModuleManager: Shutting down and abandoning module MeshMergeUtilities (171)
[2018.05.30-09.36.00:974][711]LogModuleManager: Shutting down and abandoning module MeshReductionInterface (170)
[2018.05.30-09.36.00:975][711]LogModuleManager: Shutting down and abandoning module SimplygonSwarm (169)
[2018.05.30-09.36.01:042][711]LogModuleManager: Shutting down and abandoning module SimplygonMeshReduction (167)
[2018.05.30-09.36.01:095][711]LogModuleManager: Shutting down and abandoning module QuadricMeshReduction (165)
[2018.05.30-09.36.01:129][711]LogModuleManager: Shutting down and abandoning module MaterialBaking (161)
[2018.05.30-09.36.01:142][711]LogModuleManager: Shutting down and abandoning module DirectoryWatcher (157)
[2018.05.30-09.36.01:153][711]LogModuleManager: Shutting down and abandoning module DerivedDataCache (154)
[2018.05.30-09.36.01:211][711]LogDerivedDataCache: Shutdown
[2018.05.30-09.36.01:211][711]LogModuleManager: Shutting down and abandoning module XGEController (152)
[2018.05.30-09.36.01:242][711]LogModuleManager: Shutting down and abandoning module TargetPlatform (150)
[2018.05.30-09.36.01:242][711]LogModuleManager: Shutting down and abandoning module VulkanShaderFormat (149)
[2018.05.30-09.36.01:297][711]LogModuleManager: Shutting down and abandoning module ShaderFormatVectorVM (147)
[2018.05.30-09.36.01:345][711]LogModuleManager: Shutting down and abandoning module ShaderFormatOpenGL (145)
[2018.05.30-09.36.01:372][711]LogModuleManager: Shutting down and abandoning module ShaderFormatD3D (143)
[2018.05.30-09.36.01:381][711]LogModuleManager: Shutting down and abandoning module MetalShaderFormat (141)
[2018.05.30-09.36.01:422][711]LogModuleManager: Shutting down and abandoning module TextureFormatUncompressed (139)
[2018.05.30-09.36.01:422][711]LogModuleManager: Shutting down and abandoning module TextureFormatPVR (137)
[2018.05.30-09.36.01:422][711]LogModuleManager: Shutting down and abandoning module TextureFormatDXT (135)
[2018.05.30-09.36.01:459][711]LogModuleManager: Shutting down and abandoning module TextureFormatIntelISPCTexComp (133)
[2018.05.30-09.36.01:483][711]LogModuleManager: Shutting down and abandoning module TextureFormatASTC (131)
[2018.05.30-09.36.01:483][711]LogModuleManager: Shutting down and abandoning module ImageWrapper (130)
[2018.05.30-09.36.01:483][711]LogModuleManager: Shutting down and abandoning module TextureFormatAndroid (127)
[2018.05.30-09.36.01:483][711]LogModuleManager: Shutting down and abandoning module AudioFormatOpus (125)
[2018.05.30-09.36.01:483][711]LogModuleManager: Shutting down and abandoning module AudioFormatOgg (123)
[2018.05.30-09.36.01:483][711]LogModuleManager: Shutting down and abandoning module AudioFormatADPCM (121)
[2018.05.30-09.36.01:483][711]LogModuleManager: Shutting down and abandoning module LinuxTargetPlatform (119)
[2018.05.30-09.36.01:483][711]LogModuleManager: Shutting down and abandoning module LinuxServerTargetPlatform (117)
[2018.05.30-09.36.01:483][711]LogModuleManager: Shutting down and abandoning module LinuxNoEditorTargetPlatform (115)
[2018.05.30-09.36.01:483][711]LogModuleManager: Shutting down and abandoning module LinuxClientTargetPlatform (113)
[2018.05.30-09.36.01:483][711]LogModuleManager: Shutting down and abandoning module TVOSTargetPlatform (111)
[2018.05.30-09.36.01:483][711]LogModuleManager: Shutting down and abandoning module Messaging (109)
[2018.05.30-09.36.01:484][711]LogModuleManager: Shutting down and abandoning module IOSTargetPlatform (107)
[2018.05.30-09.36.01:484][711]LogModuleManager: Shutting down and abandoning module HTML5TargetPlatform (105)
[2018.05.30-09.36.01:484][711]LogModuleManager: Shutting down and abandoning module AndroidTargetPlatform (103)
[2018.05.30-09.36.01:484][711]LogModuleManager: Shutting down and abandoning module Android_PVRTCTargetPlatform (101)
[2018.05.30-09.36.01:484][711]LogModuleManager: Shutting down and abandoning module Android_MultiTargetPlatform (99)
[2018.05.30-09.36.01:484][711]LogModuleManager: Shutting down and abandoning module Android_ETC2TargetPlatform (97)
[2018.05.30-09.36.01:484][711]LogModuleManager: Shutting down and abandoning module Android_ETC1TargetPlatform (95)
[2018.05.30-09.36.01:484][711]LogModuleManager: Shutting down and abandoning module Android_ETC1aTargetPlatform (93)
[2018.05.30-09.36.01:484][711]LogModuleManager: Shutting down and abandoning module Android_DXTTargetPlatform (91)
[2018.05.30-09.36.01:484][711]LogModuleManager: Shutting down and abandoning module Android_ATCTargetPlatform (89)
[2018.05.30-09.36.01:484][711]LogModuleManager: Shutting down and abandoning module Android_ASTCTargetPlatform (87)
[2018.05.30-09.36.01:484][711]LogModuleManager: Shutting down and abandoning module WindowsTargetPlatform (85)
[2018.05.30-09.36.01:484][711]LogModuleManager: Shutting down and abandoning module WindowsServerTargetPlatform (83)
[2018.05.30-09.36.01:485][711]LogModuleManager: Shutting down and abandoning module WindowsNoEditorTargetPlatform (81)
[2018.05.30-09.36.01:485][711]LogModuleManager: Shutting down and abandoning module WindowsClientTargetPlatform (79)
[2018.05.30-09.36.01:485][711]LogModuleManager: Shutting down and abandoning module MacTargetPlatform (77)
[2018.05.30-09.36.01:485][711]LogModuleManager: Shutting down and abandoning module MacServerTargetPlatform (75)
[2018.05.30-09.36.01:485][711]LogModuleManager: Shutting down and abandoning module MacNoEditorTargetPlatform (73)
[2018.05.30-09.36.01:485][711]LogModuleManager: Shutting down and abandoning module MacClientTargetPlatform (71)
[2018.05.30-09.36.01:485][711]LogModuleManager: Shutting down and abandoning module AllDesktopTargetPlatform (69)
[2018.05.30-09.36.01:485][711]LogModuleManager: Shutting down and abandoning module InputCore (66)
[2018.05.30-09.36.01:485][711]LogModuleManager: Shutting down and abandoning module Settings (64)
[2018.05.30-09.36.01:501][711]LogModuleManager: Shutting down and abandoning module PhysXCooking (62)
[2018.05.30-09.36.01:501][711]LogModuleManager: Shutting down and abandoning module SteamVR (60)
[2018.05.30-09.36.01:501][711]LogModuleManager: Shutting down and abandoning module OculusHMD (58)
[2018.05.30-09.36.01:529][711]LogModuleManager: Shutting down and abandoning module ExampleDeviceProfileSelector (56)
[2018.05.30-09.36.01:529][711]LogModuleManager: Shutting down and abandoning module AppleARKit (54)
[2018.05.30-09.36.01:529][711]LogModuleManager: Shutting down and abandoning module AugmentedReality (51)
[2018.05.30-09.36.01:529][711]LogModuleManager: Shutting down and abandoning module OnlineBlueprintSupport (48)
[2018.05.30-09.36.01:529][711]LogModuleManager: Shutting down and abandoning module OnlineSubsystem (44)
[2018.05.30-09.36.01:608][711]LogModuleManager: Shutting down and abandoning module XMPP (43)
[2018.05.30-09.36.01:644][711]LogModuleManager: Shutting down and abandoning module HTTP (41)
[2018.05.30-09.36.01:663][711]LogHttp: Display: Http module shutting down, but needs to wait on 1 outstanding Http requests:
[2018.05.30-09.36.01:663][711]LogHttp: Display: 	verb=[POST] url=[https://datarouter.ol.epicgames.com/datarouter/api/v1/public/data?SessionID=%7BE2F292CF-4B9C-14B4-610C-E28C976315DD%7D&AppID=UEEditor.Rocket.Release&AppVersion=4.19.2-4033788%2B%2B%2BUE4%2BRelease-4.19&UserID=570a2d264ebe2af9e846e980e24d8fa4%7C6fe18463dd374d0e9343a82a5f746790%7C3b712672-1e42-47f5-8841-254b17f641d1&AppEnvironment=datacollector-binary&UploadType=eteventstream] status=Processing
[2018.05.30-09.36.01:723][711]LogModuleManager: Shutting down and abandoning module SSL (40)
[2018.05.30-09.36.01:793][711]LogModuleManager: Shutting down and abandoning module AnimationModifiers (36)
[2018.05.30-09.36.01:830][711]LogModuleManager: Shutting down and abandoning module PropertyEditor (35)
[2018.05.30-09.36.01:850][711]LogModuleManager: Shutting down and abandoning module AudioEditor (32)
[2018.05.30-09.36.01:866][711]LogModuleManager: Shutting down and abandoning module TextureCompressor (30)
[2018.05.30-09.36.01:875][711]LogModuleManager: Shutting down and abandoning module ShaderCore (28)
[2018.05.30-09.36.01:875][711]LogModuleManager: Shutting down and abandoning module Landscape (26)
[2018.05.30-09.36.01:875][711]LogModuleManager: Shutting down and abandoning module SlateRHIRenderer (24)
[2018.05.30-09.36.01:971][711]LogModuleManager: Shutting down and abandoning module OpenGLDrv (22)
[2018.05.30-09.36.01:996][711]LogModuleManager: Shutting down and abandoning module D3D11RHI (20)
[2018.05.30-09.36.01:996][711]LogModuleManager: Shutting down and abandoning module AnimGraphRuntime (18)
[2018.05.30-09.36.02:004][711]LogModuleManager: Shutting down and abandoning module Renderer (16)
[2018.05.30-09.36.02:005][711]LogModuleManager: Shutting down and abandoning module Engine (14)
[2018.05.30-09.36.02:005][711]LogModuleManager: Shutting down and abandoning module CoreUObject (12)
[2018.05.30-09.36.02:005][711]LogModuleManager: Shutting down and abandoning module NetworkFile (10)
[2018.05.30-09.36.02:016][711]LogModuleManager: Shutting down and abandoning module CookedIterativeFile (8)
[2018.05.30-09.36.02:016][711]LogModuleManager: Shutting down and abandoning module StreamingFile (6)
[2018.05.30-09.36.02:022][711]LogModuleManager: Shutting down and abandoning module SandboxFile (4)
[2018.05.30-09.36.02:031][711]LogModuleManager: Shutting down and abandoning module PakFile (2)
[2018.05.30-09.36.02:091][711]LogExit: Exiting.
[2018.05.30-09.36.02:564][711]Log file closed, 05/30/18 11:36:02
