Log file open, 05/30/18 11:39:48
LogWindows: Failed to load 'aqProf.dll' (GetLastError=126)
LogWindows: File 'aqProf.dll' does not exist
LogWindows: Failed to load 'VtuneApi.dll' (GetLastError=126)
LogWindows: File 'VtuneApi.dll' does not exist
LogWindows: Failed to load 'VtuneApi32e.dll' (GetLastError=126)
LogWindows: File 'VtuneApi32e.dll' does not exist
LogInit: Display: Running engine for game: InputOutput
LogPlatformFile: Not using cached read wrapper
LogInit: Display: RandInit(1036585602) SRandInit(1036585602).
LogInit: Read version file with build ID '3944462'
LogInit: Overriding engine version to CL 4033788, compatible CL 3944462
LogInit: Registered custom module enumerator with build ID '3944462'
LogTaskGraph: Started task graph with 5 named threads and 23 total threads with 3 sets of task threads.
LogStats: Stats thread started at 0.273767
LogD3D11RHI: Aftermath initialized
LogICUInternationalization: Display: ICU TimeZone Detection - Raw Offset: +1:00, Platform Override: ''
LogPluginManager: Mounting plugin Paper2D
LogPluginManager: Mounting plugin LiveLink
LogPluginManager: Mounting plugin LightPropagationVolume
LogPluginManager: Mounting plugin CLionSourceCodeAccess
LogPluginManager: Mounting plugin CodeLiteSourceCodeAccess
LogPluginManager: Mounting plugin GitSourceControl
LogPluginManager: Mounting plugin KDevelopSourceCodeAccess
LogPluginManager: Mounting plugin NullSourceCodeAccess
LogPluginManager: Mounting plugin PerforceSourceControl
LogPluginManager: Mounting plugin SubversionSourceControl
LogPluginManager: Mounting plugin UObjectPlugin
LogPluginManager: Mounting plugin VisualStudioCodeSourceCodeAccess
LogPluginManager: Mounting plugin VisualStudioSourceCodeAccess
LogPluginManager: Mounting plugin XCodeSourceCodeAccess
LogPluginManager: Mounting plugin AssetManagerEditor
LogPluginManager: Mounting plugin CryptoKeys
LogPluginManager: Mounting plugin DataValidation
LogPluginManager: Mounting plugin FacialAnimation
LogPluginManager: Mounting plugin GameplayTagsEditor
LogPluginManager: Mounting plugin MobileLauncherProfileWizard
LogPluginManager: Mounting plugin PluginBrowser
LogPluginManager: Mounting plugin SpeedTreeImporter
LogPluginManager: Mounting plugin DatasmithContent
LogPluginManager: Mounting plugin AlembicImporter
LogPluginManager: Mounting plugin CharacterAI
LogPluginManager: Mounting plugin HTML5Networking
LogPluginManager: Mounting plugin AndroidMedia
LogPluginManager: Mounting plugin AvfMedia
LogPluginManager: Mounting plugin ImgMedia
LogPluginManager: Mounting plugin LinearTimecode
LogPluginManager: Mounting plugin MediaCompositing
LogPluginManager: Mounting plugin MediaPlayerEditor
LogPluginManager: Mounting plugin WmfMedia
LogPluginManager: Mounting plugin TcpMessaging
LogPluginManager: Mounting plugin UdpMessaging
LogPluginManager: Mounting plugin ActorSequence
LogPluginManager: Mounting plugin LevelSequenceEditor
LogPluginManager: Mounting plugin MatineeToLevelSequence
LogPluginManager: Mounting plugin NetcodeUnitTest
LogPluginManager: Mounting plugin NUTUnrealEngine4
LogPluginManager: Mounting plugin OnlineSubsystemGooglePlay
LogPluginManager: Mounting plugin OnlineSubsystemIOS
LogPluginManager: Mounting plugin OnlineSubsystem
LogPluginManager: Mounting plugin OnlineSubsystemNull
LogPluginManager: Mounting plugin OnlineSubsystemUtils
LogPluginManager: Mounting plugin AndroidDeviceProfileSelector
LogPluginManager: Mounting plugin AndroidMoviePlayer
LogPluginManager: Mounting plugin AndroidPermission
LogPluginManager: Mounting plugin AppleARKit
LogPluginManager: Mounting plugin AppleMoviePlayer
LogPluginManager: Mounting plugin ArchVisCharacter
LogPluginManager: Mounting plugin AudioCapture
LogPluginManager: Mounting plugin CableComponent
LogPluginManager: Mounting plugin CustomMeshComponent
LogPluginManager: Mounting plugin ExampleDeviceProfileSelector
LogPluginManager: Mounting plugin GoogleCloudMessaging
LogPluginManager: Mounting plugin ImmediatePhysics
LogPluginManager: Mounting plugin IOSDeviceProfileSelector
LogPluginManager: Mounting plugin LinuxDeviceProfileSelector
LogPluginManager: Mounting plugin LocationServicesBPLibrary
LogPluginManager: Mounting plugin MobilePatchingUtils
LogPluginManager: Mounting plugin OculusVR
LogPluginManager: Plugin shader directory ../../../Engine/Plugins/Runtime/Oculus/OculusVR/Shaders found
LogPluginManager: Mapping shader source directory ../../../Engine/Plugins/Runtime/Oculus/OculusVR/Shaders to virtual directory /Plugin/OculusVR
LogPluginManager: Mounting plugin PhysXVehicles
LogPluginManager: Mounting plugin ProceduralMeshComponent
LogPluginManager: Mounting plugin RuntimePhysXCooking
LogPluginManager: Mounting plugin SteamVR
LogPluginManager: Mounting plugin WindowsMoviePlayer
LogStreaming: Display: Took  0.309s to configure plugins.
LogModuleManager: Display: Found up-to-date module file ../../../../../bewijzenmap/P2.4/IDP/InputOutput/InputOutput/Binaries/Win64/UE4Editor-InputOutput.dll (API version 3944462).
LogModuleManager: Display: Found up-to-date module file ../../../Engine/Plugins/2D/Paper2D/Binaries/Win64/UE4Editor-Paper2D.dll (API version 3944462).
LogModuleManager: Display: Found up-to-date module file ../../../Engine/Plugins/2D/Paper2D/Binaries/Win64/UE4Editor-Paper2DEditor.dll (API version 3944462).
LogModuleManager: Display: Found up-to-date module file ../../../Engine/Plugins/2D/Paper2D/Binaries/Win64/UE4Editor-PaperSpriteSheetImporter.dll (API version 3944462).
LogModuleManager: Display: Found up-to-date module file ../../../Engine/Plugins/2D/Paper2D/Binaries/Win64/UE4Editor-PaperTiledImporter.dll (API version 3944462).
LogModuleManager: Display: Found up-to-date module file ../../../Engine/Plugins/2D/Paper2D/Binaries/Win64/UE4Editor-SmartSnapping.dll (API version 3944462).
LogModuleManager: Display: Found up-to-date module file ../../../Engine/Plugins/Animation/LiveLink/Binaries/Win64/UE4Editor-LiveLink.dll (API version 3944462).
LogModuleManager: Display: Found up-to-date module file ../../../Engine/Plugins/Animation/LiveLink/Binaries/Win64/UE4Editor-LiveLinkEditor.dll (API version 3944462).
LogModuleManager: Display: Found up-to-date module file ../../../Engine/Plugins/Blendables/LightPropagationVolume/Binaries/Win64/UE4Editor-LightPropagationVolumeRuntime.dll (API version 3944462).
LogModuleManager: Display: Found up-to-date module file ../../../Engine/Plugins/Blendables/LightPropagationVolume/Binaries/Win64/UE4Editor-LightPropagationVolumeEditor.dll (API version 3944462).
LogModuleManager: Display: Found up-to-date module file ../../../Engine/Plugins/Developer/CLionSourceCodeAccess/Binaries/Win64/UE4Editor-CLionSourceCodeAccess.dll (API version 3944462).
LogModuleManager: Display: Found up-to-date module file ../../../Engine/Plugins/Developer/GitSourceControl/Binaries/Win64/UE4Editor-GitSourceControl.dll (API version 3944462).
LogModuleManager: Display: Found up-to-date module file ../../../Engine/Plugins/Developer/PerforceSourceControl/Binaries/Win64/UE4Editor-PerforceSourceControl.dll (API version 3944462).
LogModuleManager: Display: Found up-to-date module file ../../../Engine/Plugins/Developer/SubversionSourceControl/Binaries/Win64/UE4Editor-SubversionSourceControl.dll (API version 3944462).
LogModuleManager: Display: Found up-to-date module file ../../../Engine/Plugins/Developer/UObjectPlugin/Binaries/Win64/UE4Editor-UObjectPlugin.dll (API version 3944462).
LogModuleManager: Display: Found up-to-date module file ../../../Engine/Plugins/Developer/VisualStudioCodeSourceCodeAccess/Binaries/Win64/UE4Editor-VisualStudioCodeSourceCodeAccess.dll (API version 3944462).
LogModuleManager: Display: Found up-to-date module file ../../../Engine/Plugins/Developer/VisualStudioSourceCodeAccess/Binaries/Win64/UE4Editor-VisualStudioSourceCodeAccess.dll (API version 3944462).
LogModuleManager: Display: Found up-to-date module file ../../../Engine/Plugins/Editor/AssetManagerEditor/Binaries/Win64/UE4Editor-AssetManagerEditor.dll (API version 3944462).
LogModuleManager: Display: Found up-to-date module file ../../../Engine/Plugins/Editor/CryptoKeys/Binaries/Win64/UE4Editor-CryptoKeys.dll (API version 3944462).
LogModuleManager: Display: Found up-to-date module file ../../../Engine/Plugins/Editor/CryptoKeys/Binaries/Win64/UE4Editor-CryptoKeysOpenSSL.dll (API version 3944462).
LogModuleManager: Display: Found up-to-date module file ../../../Engine/Plugins/Editor/DataValidation/Binaries/Win64/UE4Editor-DataValidation.dll (API version 3944462).
LogModuleManager: Display: Found up-to-date module file ../../../Engine/Plugins/Editor/FacialAnimation/Binaries/Win64/UE4Editor-FacialAnimation.dll (API version 3944462).
LogModuleManager: Display: Found up-to-date module file ../../../Engine/Plugins/Editor/FacialAnimation/Binaries/Win64/UE4Editor-FacialAnimationEditor.dll (API version 3944462).
LogModuleManager: Display: Found up-to-date module file ../../../Engine/Plugins/Editor/GameplayTagsEditor/Binaries/Win64/UE4Editor-GameplayTagsEditor.dll (API version 3944462).
LogModuleManager: Display: Found up-to-date module file ../../../Engine/Plugins/Editor/MobileLauncherProfileWizard/Binaries/Win64/UE4Editor-MobileLauncherProfileWizard.dll (API version 3944462).
LogModuleManager: Display: Found up-to-date module file ../../../Engine/Plugins/Editor/PluginBrowser/Binaries/Win64/UE4Editor-PluginBrowser.dll (API version 3944462).
LogModuleManager: Display: Found up-to-date module file ../../../Engine/Plugins/Editor/SpeedTreeImporter/Binaries/Win64/UE4Editor-SpeedTreeImporter.dll (API version 3944462).
LogModuleManager: Display: Found up-to-date module file ../../../Engine/Plugins/Enterprise/DatasmithContent/Binaries/Win64/UE4Editor-DatasmithContent.dll (API version 3944462).
LogModuleManager: Display: Found up-to-date module file ../../../Engine/Plugins/Experimental/AlembicImporter/Binaries/Win64/UE4Editor-AlembicImporter.dll (API version 3944462).
LogModuleManager: Display: Found up-to-date module file ../../../Engine/Plugins/Experimental/AlembicImporter/Binaries/Win64/UE4Editor-AlembicLibrary.dll (API version 3944462).
LogModuleManager: Display: Found up-to-date module file ../../../Engine/Plugins/Experimental/CharacterAI/Binaries/Win64/UE4Editor-CharacterAI.dll (API version 3944462).
LogModuleManager: Display: Found up-to-date module file ../../../Engine/Plugins/Experimental/HTML5Networking/Binaries/Win64/UE4Editor-HTML5Networking.dll (API version 3944462).
LogModuleManager: Display: Found up-to-date module file ../../../Engine/Plugins/Media/AndroidMedia/Binaries/Win64/UE4Editor-AndroidMediaEditor.dll (API version 3944462).
LogModuleManager: Display: Found up-to-date module file ../../../Engine/Plugins/Media/AndroidMedia/Binaries/Win64/UE4Editor-AndroidMediaFactory.dll (API version 3944462).
LogModuleManager: Display: Found up-to-date module file ../../../Engine/Plugins/Media/AvfMedia/Binaries/Win64/UE4Editor-AvfMediaEditor.dll (API version 3944462).
LogModuleManager: Display: Found up-to-date module file ../../../Engine/Plugins/Media/AvfMedia/Binaries/Win64/UE4Editor-AvfMediaFactory.dll (API version 3944462).
LogModuleManager: Display: Found up-to-date module file ../../../Engine/Plugins/Media/AvfMedia/Binaries/Win64/UE4Editor-AvfMediaFactory.dll (API version 3944462).
LogModuleManager: Display: Found up-to-date module file ../../../Engine/Plugins/Media/ImgMedia/Binaries/Win64/UE4Editor-ImgMedia.dll (API version 3944462).
LogModuleManager: Display: Found up-to-date module file ../../../Engine/Plugins/Media/ImgMedia/Binaries/Win64/UE4Editor-ImgMediaEditor.dll (API version 3944462).
LogModuleManager: Display: Found up-to-date module file ../../../Engine/Plugins/Media/ImgMedia/Binaries/Win64/UE4Editor-ImgMediaFactory.dll (API version 3944462).
LogModuleManager: Display: Found up-to-date module file ../../../Engine/Plugins/Media/ImgMedia/Binaries/Win64/UE4Editor-ImgMediaFactory.dll (API version 3944462).
LogModuleManager: Display: Found up-to-date module file ../../../Engine/Plugins/Media/ImgMedia/Binaries/Win64/UE4Editor-OpenExrWrapper.dll (API version 3944462).
LogModuleManager: Display: Found up-to-date module file ../../../Engine/Plugins/Media/LinearTimecode/Binaries/Win64/UE4Editor-LinearTimecode.dll (API version 3944462).
LogModuleManager: Display: Found up-to-date module file ../../../Engine/Plugins/Media/MediaCompositing/Binaries/Win64/UE4Editor-MediaCompositing.dll (API version 3944462).
LogModuleManager: Display: Found up-to-date module file ../../../Engine/Plugins/Media/MediaCompositing/Binaries/Win64/UE4Editor-MediaCompositingEditor.dll (API version 3944462).
LogModuleManager: Display: Found up-to-date module file ../../../Engine/Plugins/Media/MediaPlayerEditor/Binaries/Win64/UE4Editor-MediaPlayerEditor.dll (API version 3944462).
LogModuleManager: Display: Found up-to-date module file ../../../Engine/Plugins/Media/WmfMedia/Binaries/Win64/UE4Editor-WmfMedia.dll (API version 3944462).
LogModuleManager: Display: Found up-to-date module file ../../../Engine/Plugins/Media/WmfMedia/Binaries/Win64/UE4Editor-WmfMediaEditor.dll (API version 3944462).
LogModuleManager: Display: Found up-to-date module file ../../../Engine/Plugins/Media/WmfMedia/Binaries/Win64/UE4Editor-WmfMediaFactory.dll (API version 3944462).
LogModuleManager: Display: Found up-to-date module file ../../../Engine/Plugins/Media/WmfMedia/Binaries/Win64/UE4Editor-WmfMediaFactory.dll (API version 3944462).
LogModuleManager: Display: Found up-to-date module file ../../../Engine/Plugins/Messaging/TcpMessaging/Binaries/Win64/UE4Editor-TcpMessaging.dll (API version 3944462).
LogModuleManager: Display: Found up-to-date module file ../../../Engine/Plugins/Messaging/UdpMessaging/Binaries/Win64/UE4Editor-UdpMessaging.dll (API version 3944462).
LogModuleManager: Display: Found up-to-date module file ../../../Engine/Plugins/MovieScene/ActorSequence/Binaries/Win64/UE4Editor-ActorSequence.dll (API version 3944462).
LogModuleManager: Display: Found up-to-date module file ../../../Engine/Plugins/MovieScene/LevelSequenceEditor/Binaries/Win64/UE4Editor-LevelSequenceEditor.dll (API version 3944462).
LogModuleManager: Display: Found up-to-date module file ../../../Engine/Plugins/MovieScene/MatineeToLevelSequence/Binaries/Win64/UE4Editor-MatineeToLevelSequence.dll (API version 3944462).
LogModuleManager: Display: Found up-to-date module file ../../../Engine/Plugins/NetcodeUnitTest/NetcodeUnitTest/Binaries/Win64/UE4Editor-NetcodeUnitTest.dll (API version 3944462).
LogModuleManager: Display: Found up-to-date module file ../../../Engine/Plugins/NetcodeUnitTest/NUTUnrealEngine4/Binaries/Win64/UE4Editor-NUTUnrealEngine4.dll (API version 3944462).
LogModuleManager: Display: Found up-to-date module file ../../../Engine/Plugins/Online/OnlineSubsystem/Binaries/Win64/UE4Editor-OnlineSubsystem.dll (API version 3944462).
LogModuleManager: Display: Found up-to-date module file ../../../Engine/Plugins/Online/OnlineSubsystemNull/Binaries/Win64/UE4Editor-OnlineSubsystemNull.dll (API version 3944462).
LogModuleManager: Display: Found up-to-date module file ../../../Engine/Plugins/Online/OnlineSubsystemUtils/Binaries/Win64/UE4Editor-OnlineSubsystemUtils.dll (API version 3944462).
LogModuleManager: Display: Found up-to-date module file ../../../Engine/Plugins/Online/OnlineSubsystemUtils/Binaries/Win64/UE4Editor-OnlineBlueprintSupport.dll (API version 3944462).
LogModuleManager: Display: Found up-to-date module file ../../../Engine/Plugins/Runtime/AndroidDeviceProfileSelector/Binaries/Win64/UE4Editor-AndroidDeviceProfileSelector.dll (API version 3944462).
LogModuleManager: Display: Found up-to-date module file ../../../Engine/Plugins/Runtime/AndroidPermission/Binaries/Win64/UE4Editor-AndroidPermission.dll (API version 3944462).
LogModuleManager: Display: Found up-to-date module file ../../../Engine/Plugins/Runtime/AppleARKit/Binaries/Win64/UE4Editor-AppleARKit.dll (API version 3944462).
LogModuleManager: Display: Found up-to-date module file ../../../Engine/Plugins/Runtime/ArchVisCharacter/Binaries/Win64/UE4Editor-ArchVisCharacter.dll (API version 3944462).
LogModuleManager: Display: Found up-to-date module file ../../../Engine/Plugins/Runtime/AudioCapture/Binaries/Win64/UE4Editor-AudioCapture.dll (API version 3944462).
LogModuleManager: Display: Found up-to-date module file ../../../Engine/Plugins/Runtime/AudioCapture/Binaries/Win64/UE4Editor-AudioCaptureEditor.dll (API version 3944462).
LogModuleManager: Display: Found up-to-date module file ../../../Engine/Plugins/Runtime/CableComponent/Binaries/Win64/UE4Editor-CableComponent.dll (API version 3944462).
LogModuleManager: Display: Found up-to-date module file ../../../Engine/Plugins/Runtime/CustomMeshComponent/Binaries/Win64/UE4Editor-CustomMeshComponent.dll (API version 3944462).
LogModuleManager: Display: Found up-to-date module file ../../../Engine/Plugins/Runtime/ExampleDeviceProfileSelector/Binaries/Win64/UE4Editor-ExampleDeviceProfileSelector.dll (API version 3944462).
LogModuleManager: Display: Found up-to-date module file ../../../Engine/Plugins/Runtime/ImmediatePhysics/Binaries/Win64/UE4Editor-ImmediatePhysics.dll (API version 3944462).
LogModuleManager: Display: Found up-to-date module file ../../../Engine/Plugins/Runtime/ImmediatePhysics/Binaries/Win64/UE4Editor-ImmediatePhysicsEditor.dll (API version 3944462).
LogModuleManager: Display: Found up-to-date module file ../../../Engine/Plugins/Runtime/LocationServicesBPLibrary/Binaries/Win64/UE4Editor-LocationServicesBPLibrary.dll (API version 3944462).
LogModuleManager: Display: Found up-to-date module file ../../../Engine/Plugins/Runtime/MobilePatchingUtils/Binaries/Win64/UE4Editor-MobilePatchingUtils.dll (API version 3944462).
LogModuleManager: Display: Found up-to-date module file ../../../Engine/Plugins/Runtime/Oculus/OculusVR/Binaries/Win64/UE4Editor-OculusHMD.dll (API version 3944462).
LogModuleManager: Display: Found up-to-date module file ../../../Engine/Plugins/Runtime/Oculus/OculusVR/Binaries/Win64/UE4Editor-OculusInput.dll (API version 3944462).
LogModuleManager: Display: Found up-to-date module file ../../../Engine/Plugins/Runtime/Oculus/OculusVR/Binaries/Win64/UE4Editor-OculusEditor.dll (API version 3944462).
LogModuleManager: Display: Found up-to-date module file ../../../Engine/Plugins/Runtime/PhysXVehicles/Binaries/Win64/UE4Editor-PhysXVehicles.dll (API version 3944462).
LogModuleManager: Display: Found up-to-date module file ../../../Engine/Plugins/Runtime/PhysXVehicles/Binaries/Win64/UE4Editor-PhysXVehiclesEditor.dll (API version 3944462).
LogModuleManager: Display: Found up-to-date module file ../../../Engine/Plugins/Runtime/ProceduralMeshComponent/Binaries/Win64/UE4Editor-ProceduralMeshComponent.dll (API version 3944462).
LogModuleManager: Display: Found up-to-date module file ../../../Engine/Plugins/Runtime/ProceduralMeshComponent/Binaries/Win64/UE4Editor-ProceduralMeshComponentEditor.dll (API version 3944462).
LogModuleManager: Display: Found up-to-date module file ../../../Engine/Plugins/Runtime/RuntimePhysXCooking/Binaries/Win64/UE4Editor-RuntimePhysXCooking.dll (API version 3944462).
LogModuleManager: Display: Found up-to-date module file ../../../Engine/Plugins/Runtime/Steam/SteamVR/Binaries/Win64/UE4Editor-SteamVR.dll (API version 3944462).
LogModuleManager: Display: Found up-to-date module file ../../../Engine/Plugins/Runtime/Steam/SteamVR/Binaries/Win64/UE4Editor-SteamVRController.dll (API version 3944462).
LogModuleManager: Display: Found up-to-date module file ../../../Engine/Plugins/Runtime/WindowsMoviePlayer/Binaries/Win64/UE4Editor-WindowsMoviePlayer.dll (API version 3944462).
LogInit: Using libcurl 7.47.1
LogInit:  - built for x86_64-pc-win32
LogInit:  - supports SSL with OpenSSL/1.0.2g
LogInit:  - supports HTTP deflate (compression) using libz 1.2.8
LogInit:  - other features:
LogInit:      CURL_VERSION_SSL
LogInit:      CURL_VERSION_LIBZ
LogInit:      CURL_VERSION_IPV6
LogInit:      CURL_VERSION_ASYNCHDNS
LogInit:      CURL_VERSION_LARGEFILE
LogInit:      CURL_VERSION_IDN
LogInit:  CurlRequestOptions (configurable via config and command line):
LogInit:  - bVerifyPeer = false  - Libcurl will NOT verify peer certificate
LogInit:  - bUseHttpProxy = false  - Libcurl will NOT use HTTP proxy
LogInit:  - bDontReuseConnections = false  - Libcurl will reuse connections
LogInit:  - CertBundlePath = nullptr  - Libcurl will use whatever was configured at build time.
LogInit:  - MaxHostConnections = 16  - Libcurl will limit the number of connections to a host
LogInit:  - LocalHostAddr = Default
LogInit: WinSock: version 1.1 (2.2), MaxSocks=32767, MaxUdp=65467
LogInit: WinSock: I am LAPTOP-00QRHNHM (192.168.181.1:0)
LogInit: Build: ++UE4+Release-4.19-CL-4033788
LogInit: Engine Version: 4.19.2-4033788+++UE4+Release-4.19
LogInit: Compatible Engine Version: 4.19.0-3944462+++UE4+Release-4.19
LogInit: Net CL: 3944462
LogDevObjectVersion: Number of dev versions registered: 18
LogDevObjectVersion:   Dev-Blueprints (B0D832E4-1F89-4F0D-ACCF-7EB736FD4AA2): 10
LogDevObjectVersion:   Dev-Build (E1C64328-A22C-4D53-A36C-8E866417BD8C): 0
LogDevObjectVersion:   Dev-Core (375EC13C-06E4-48FB-B500-84F0262A717E): 2
LogDevObjectVersion:   Dev-Editor (E4B068ED-F494-42E9-A231-DA0B2E46BB41): 23
LogDevObjectVersion:   Dev-Framework (CFFC743F-43B0-4480-9391-14DF171D2073): 33
LogDevObjectVersion:   Dev-Mobile (B02B49B5-BB20-44E9-A304-32B752E40360): 2
LogDevObjectVersion:   Dev-Networking (A4E4105C-59A1-49B5-A7C5-40C4547EDFEE): 0
LogDevObjectVersion:   Dev-Online (39C831C9-5AE6-47DC-9A44-9C173E1C8E7C): 0
LogDevObjectVersion:   Dev-Physics (78F01B33-EBEA-4F98-B9B4-84EACCB95AA2): 0
LogDevObjectVersion:   Dev-Platform (6631380F-2D4D-43E0-8009-CF276956A95A): 0
LogDevObjectVersion:   Dev-Rendering (12F88B9F-8875-4AFC-A67C-D90C383ABD29): 25
LogDevObjectVersion:   Dev-Sequencer (7B5AE74C-D270-4C10-A958-57980B212A5A): 6
LogDevObjectVersion:   Dev-VR (D7296918-1DD6-4BDD-9DE2-64A83CC13884): 1
LogDevObjectVersion:   Dev-LoadTimes (C2A15278-BFE7-4AFE-6C17-90FF531DF755): 1
LogDevObjectVersion:   Private-Geometry (6EACA3D4-40EC-4CC1-B786-8BED09428FC5): 2
LogDevObjectVersion:   Dev-AnimPhys (29E575DD-E0A3-4627-9D10-D276232CDCEA): 16
LogDevObjectVersion:   Dev-ReflectionCapture (6B266CEC-1EC7-4B8F-A30B-E4D90942FC07): 1
LogDevObjectVersion:   Dev-Automation (0DF73D61-A23F-47EA-B727-89E90C41499A): 1
LogInit: Compiled (64-bit): Apr 27 2018 02:06:57
LogInit: Compiled with Visual C++: 19.00.24215.01
LogInit: Build Configuration: Development
LogInit: Branch Name: ++UE4+Release-4.19
LogInit: Command Line:  
LogInit: Base Directory: D:/EpicGames games/UE_4.19/Engine/Binaries/Win64/
LogInit: Installed Engine Build: 1
LogStreaming: Display: Took  0.002s to delete old logs.
LogInit: Presizing for max 8388607 objects, including 0 objects not considered by GC, pre-allocating 0 bytes for permanent pool.
LogInit: Object subsystem initialized
[2018.05.30-09.39.53:581][  0]LogInit: Selected Device Profile: [Windows]
[2018.05.30-09.39.53:581][  0]LogInit: Applying CVar settings loaded from the selected device profile: [Windows]
[2018.05.30-09.39.53:654][  0]LogInit: Computer: LAPTOP-00QRHNHM
[2018.05.30-09.39.53:654][  0]LogInit: User: Boydsmit
[2018.05.30-09.39.53:655][  0]LogInit: CPU Page size=4096, Cores=4
[2018.05.30-09.39.53:655][  0]LogInit: High frequency timer resolution =2.531254 MHz
[2018.05.30-09.39.53:655][  0]LogMemory: Memory total: Physical=7.8GB (8GB approx)
[2018.05.30-09.39.53:655][  0]LogMemory: Platform Memory Stats for Windows
[2018.05.30-09.39.53:655][  0]LogMemory: Process Physical Memory: 275.14 MB used, 275.14 MB peak
[2018.05.30-09.39.53:655][  0]LogMemory: Process Virtual Memory: 264.81 MB used, 264.81 MB peak
[2018.05.30-09.39.53:655][  0]LogMemory: Physical Memory: 6164.70 MB used,  1855.08 MB free, 8019.78 MB total
[2018.05.30-09.39.53:655][  0]LogMemory: Virtual Memory: 697.74 MB used,  1855.08 MB free, 134217728.00 MB total
[2018.05.30-09.39.55:061][  0]LogInit: Using OS detected language (en-US).
[2018.05.30-09.39.55:061][  0]LogInit: Using OS detected locale (en-US).
[2018.05.30-09.39.55:413][  0]LogTextLocalizationManager: No specific localization for 'en-US' exists, so the 'en' localization will be used.
[2018.05.30-09.39.56:463][  0]LogStreaming: Display: Took  1.402s to EndInitTextLocalization.
[2018.05.30-09.39.56:477][  0]LogInit: Setting process to per monitor DPI aware
[2018.05.30-09.39.57:257][  0]LogSlate: New Slate User Created.  User Index 0, Is Virtual User: 0
[2018.05.30-09.39.57:257][  0]LogSlate: Slate User Registered.  User Index 0, Is Virtual User: 0
[2018.05.30-09.39.57:977][  0]LogD3D11RHI: D3D11 adapters:
[2018.05.30-09.39.58:049][  0]LogD3D11RHI:    0. 'NVIDIA GeForce GTX 960M' (Feature Level 11_0)
[2018.05.30-09.39.58:049][  0]LogD3D11RHI:       2019/0/4009 MB DedicatedVideo/DedicatedSystem/SharedSystem, Outputs:1, VendorId:0x10de
[2018.05.30-09.39.58:061][  0]LogD3D11RHI:    1. 'Intel(R) HD Graphics 530' (Feature Level 11_0)
[2018.05.30-09.39.58:061][  0]LogD3D11RHI:       128/0/4009 MB DedicatedVideo/DedicatedSystem/SharedSystem, Outputs:0, VendorId:0x8086
[2018.05.30-09.39.58:065][  0]LogD3D11RHI:    2. 'Microsoft Basic Render Driver' (Feature Level 11_0)
[2018.05.30-09.39.58:065][  0]LogD3D11RHI:       0/0/4009 MB DedicatedVideo/DedicatedSystem/SharedSystem, Outputs:0, VendorId:0x1414
[2018.05.30-09.39.58:065][  0]LogD3D11RHI: Chosen D3D11 Adapter: 0
[2018.05.30-09.39.58:087][  0]LogD3D11RHI: Creating new Direct3DDevice
[2018.05.30-09.39.58:088][  0]LogD3D11RHI:     GPU DeviceId: 0x139b (for the marketing name, search the web for "GPU Device Id")
[2018.05.30-09.39.58:088][  0]LogWindows: EnumDisplayDevices:
[2018.05.30-09.39.58:088][  0]LogWindows:    0. 'Intel(R) HD Graphics 530' (P:1 D:1)
[2018.05.30-09.39.58:088][  0]LogWindows:    1. 'Intel(R) HD Graphics 530' (P:0 D:0)
[2018.05.30-09.39.58:088][  0]LogWindows:    2. 'Intel(R) HD Graphics 530' (P:0 D:0)
[2018.05.30-09.39.58:088][  0]LogWindows: DebugString: GetVideoDriverDetailsInvalid PrimaryIsNotTheChoosenAdapter GetVideoDriverDetailsInvalid PrimaryIsNotTheChoosenAdapter GetVideoDriverDetailsInvalid PrimaryIsNotTheChoosenAdapter FoundDriverCount:0 
[2018.05.30-09.39.58:088][  0]LogD3D11RHI:     Adapter Name: NVIDIA GeForce GTX 960M
[2018.05.30-09.39.58:088][  0]LogD3D11RHI:   Driver Version: Unknown (internal:Unknown, unified:Unknown)
[2018.05.30-09.39.58:088][  0]LogD3D11RHI:      Driver Date: Unknown
[2018.05.30-09.39.58:088][  0]LogRHI: Texture pool is 1413 MB (70% of 2019 MB)
[2018.05.30-09.39.58:121][  0]LogD3D11RHI: [Aftermath] Aftermath enabled but failed to initialize
[2018.05.30-09.39.58:121][  0]LogD3D11RHI: [Aftermath] Aftermath enabled and primed
[2018.05.30-09.39.58:121][  0]LogD3D11RHI: Async texture creation enabled
[2018.05.30-09.39.58:139][  0]LogD3D11RHI: GPU Timing Frequency: 1000.000000 (Debug: 2 1)
[2018.05.30-09.39.58:141][  0]LogShaderCompilers: Guid format shader working directory is -10 characters bigger than the processId version (../../../../../bewijzenmap/P2.4/IDP/InputOutput/InputOutput/Intermediate/Shaders/WorkingDirectory/12624/).
[2018.05.30-09.39.58:141][  0]LogShaderCompilers: Cleaned the shader compiler working directory 'C:/Users/Boyd smit/AppData/Local/Temp/UnrealShaderWorkingDir/5A4006A3404C99756F6D9FB48FF420BA/'.
[2018.05.30-09.39.58:760][  0]LogTemp: Display: Loaded TP AllDesktopTargetPlatform
[2018.05.30-09.39.58:791][  0]LogTemp: Display: Loaded TP MacClientTargetPlatform
[2018.05.30-09.39.58:807][  0]LogTemp: Display: Loaded TP MacNoEditorTargetPlatform
[2018.05.30-09.39.58:822][  0]LogTemp: Display: Loaded TP MacServerTargetPlatform
[2018.05.30-09.39.58:876][  0]LogTemp: Display: Loaded TP MacTargetPlatform
[2018.05.30-09.39.58:898][  0]LogTemp: Display: Loaded TP WindowsClientTargetPlatform
[2018.05.30-09.39.58:938][  0]LogTemp: Display: Loaded TP WindowsNoEditorTargetPlatform
[2018.05.30-09.39.58:967][  0]LogTemp: Display: Loaded TP WindowsServerTargetPlatform
[2018.05.30-09.39.58:989][  0]LogTemp: Display: Loaded TP WindowsTargetPlatform
[2018.05.30-09.39.59:089][  0]LogTemp: Display: Loaded TP Android_ASTCTargetPlatform
[2018.05.30-09.39.59:110][  0]LogTemp: Display: Loaded TP Android_ATCTargetPlatform
[2018.05.30-09.39.59:128][  0]LogTemp: Display: Loaded TP Android_DXTTargetPlatform
[2018.05.30-09.39.59:188][  0]LogTemp: Display: Loaded TP Android_ETC1aTargetPlatform
[2018.05.30-09.39.59:206][  0]LogTemp: Display: Loaded TP Android_ETC1TargetPlatform
[2018.05.30-09.39.59:220][  0]LogTemp: Display: Loaded TP Android_ETC2TargetPlatform
[2018.05.30-09.39.59:250][  0]LogTemp: Display: Loaded TP Android_MultiTargetPlatform
[2018.05.30-09.39.59:250][  0]LogTemp: Display: Loaded TP Android_PVRTCTargetPlatform
[2018.05.30-09.39.59:335][  0]LogTemp: Display: Loaded TP AndroidTargetPlatform
[2018.05.30-09.39.59:341][  0]LogTemp: Display: Loaded TP HTML5TargetPlatform
[2018.05.30-09.39.59:472][  0]LogTemp: Display: Loaded TP IOSTargetPlatform
[2018.05.30-09.39.59:500][  0]LogTemp: Display: Loaded TP TVOSTargetPlatform
[2018.05.30-09.39.59:523][  0]LogTemp: Display: Loaded TP LinuxClientTargetPlatform
[2018.05.30-09.39.59:537][  0]LogTemp: Display: Loaded TP LinuxNoEditorTargetPlatform
[2018.05.30-09.39.59:568][  0]LogTemp: Display: Loaded TP LinuxServerTargetPlatform
[2018.05.30-09.39.59:613][  0]LogTemp: Display: Loaded TP LinuxTargetPlatform
[2018.05.30-09.39.59:613][  0]LogTargetPlatformManager: Display: Building Assets For Windows
[2018.05.30-09.40.00:519][  0]LogXGEController: Cleaning working directory: C:/Users/Boyd smit/AppData/Local/Temp/UnrealXGEWorkingDir/
[2018.05.30-09.40.00:519][  0]LogXGEController: Cannot use XGE Controller as Incredibuild is not installed on this machine.
[2018.05.30-09.40.00:519][  0]LogShaderCompilers: Cannot use XGE Shader Compiler as Incredibuild is not installed on this machine.
[2018.05.30-09.40.00:519][  0]LogShaderCompilers: Display: Using Local Shader Compiler.
[2018.05.30-09.40.02:169][  0]LogDerivedDataCache: Display: Max Cache Size: 512 MB
[2018.05.30-09.40.02:554][  0]LogDerivedDataCache: Loaded boot cache 0.38s 74MB C:/Users/Boyd smit/AppData/Local/UnrealEngine/4.19/DerivedDataCache/Boot.ddc.
[2018.05.30-09.40.02:554][  0]LogDerivedDataCache: Display: Loaded Boot cache: C:/Users/Boyd smit/AppData/Local/UnrealEngine/4.19/DerivedDataCache/Boot.ddc
[2018.05.30-09.40.02:554][  0]LogDerivedDataCache: FDerivedDataBackendGraph:  Pak pak cache file ../../../../../bewijzenmap/P2.4/IDP/InputOutput/InputOutput/DerivedDataCache/DDC.ddp not found, will not use a pak cache.
[2018.05.30-09.40.02:554][  0]LogDerivedDataCache: Unable to find inner node Pak for hierarchical cache Hierarchy.
[2018.05.30-09.40.02:554][  0]LogDerivedDataCache: FDerivedDataBackendGraph:  CompressedPak pak cache file ../../../../../bewijzenmap/P2.4/IDP/InputOutput/InputOutput/DerivedDataCache/Compressed.ddp not found, will not use a pak cache.
[2018.05.30-09.40.02:554][  0]LogDerivedDataCache: Unable to find inner node CompressedPak for hierarchical cache Hierarchy.
[2018.05.30-09.40.02:755][  0]LogDerivedDataCache: Display: Pak cache opened for reading ../../../Engine/DerivedDataCache/Compressed.ddp.
[2018.05.30-09.40.02:792][  0]LogDerivedDataCache: Using Local data cache path C:/Users/Boyd smit/AppData/Local/UnrealEngine/Common/DerivedDataCache: Writable
[2018.05.30-09.40.02:792][  0]LogDerivedDataCache: Shared data cache path not found in *engine.ini, will not use an Shared cache.
[2018.05.30-09.40.02:792][  0]LogDerivedDataCache: Unable to find inner node Shared for hierarchical cache Hierarchy.
[2018.05.30-09.40.02:812][  0]LogMaterial: Verifying Global Shaders for PCD3D_SM5
[2018.05.30-09.40.02:812][  0]LogSlate: Using Freetype 2.6.0
[2018.05.30-09.40.02:948][  0]LogSlate: SlateFontCache - WITH_FREETYPE: 1, WITH_HARFBUZZ: 1
[2018.05.30-09.40.02:948][  0]LogSlate: SlateFontCache - WITH_FREETYPE: 1, WITH_HARFBUZZ: 1
[2018.05.30-09.40.05:709][  0]LogAssetRegistry: FAssetRegistry took 0.0297 seconds to start up
[2018.05.30-09.40.09:175][  0]LogInit: Selected Device Profile: [Windows]
[2018.05.30-09.40.10:263][  0]LogSimplygon: Simplygon DLL not present - disabling.
[2018.05.30-09.40.10:307][  0]LogMeshReduction: Using SimplygonSwarm for distributed automatic mesh merging
[2018.05.30-09.40.10:307][  0]LogMeshReduction: Using QuadricMeshReduction for automatic static mesh reduction
[2018.05.30-09.40.10:307][  0]LogMeshReduction: No automatic skeletal mesh reduction module available
[2018.05.30-09.40.10:308][  0]LogMeshReduction: No automatic mesh merging module available
[2018.05.30-09.40.10:308][  0]LogMeshMerging: No automatic mesh merging module available
[2018.05.30-09.40.10:608][  0]LogNetVersion: InputOutput , NetCL: 3944462, EngineNetVer: 2, GameNetVer: 0 (Checksum: 3349824527)
[2018.05.30-09.40.13:358][  0]LogPackageLocalizationCache: Processed 9 localized package path(s) for 2 prioritized culture(s) in 0.155388 seconds
[2018.05.30-09.40.13:369][  0]LogUObjectArray: 36728 objects as part of root set at end of initial load.
[2018.05.30-09.40.13:369][  0]LogUObjectAllocator: 7314304 out of 0 bytes used by permanent object pool.
[2018.05.30-09.40.13:369][  0]LogUObjectArray: CloseDisregardForGC: 0/0 objects in disregard for GC pool
[2018.05.30-09.40.33:409][  0]LogTcpMessaging: Initializing TcpMessaging bridge
[2018.05.30-09.40.33:468][  0]LogUdpMessaging: Initializing bridge on interface 0.0.0.0:0 to multicast group 230.0.0.1:6666.
[2018.05.30-09.40.35:320][  0]SourceControl: Source control is disabled
[2018.05.30-09.40.35:320][  0]SourceControl: Source control is disabled
[2018.05.30-09.40.35:468][  0]SourceControl: Source control is disabled
[2018.05.30-09.40.35:556][  0]SourceControl: Source control is disabled
[2018.05.30-09.40.37:267][  0]LogAndroidPermission: UAndroidPermissionCallbackProxy::GetInstance
[2018.05.30-09.40.37:530][  0]LogOcInput: OculusInput pre-init called
[2018.05.30-09.40.38:322][  0]LogEngine: Initializing Engine...
[2018.05.30-09.40.38:365][  0]LogHMD: Failed to initialize OpenVR with code 110
[2018.05.30-09.40.38:366][  0]LogStats: UGameplayTagsManager::ConstructGameplayTagTree: Construct from data asset -  0.000 s
[2018.05.30-09.40.38:366][  0]LogStats: UGameplayTagsManager::ConstructGameplayTagTree: GameplayTagTreeChangedEvent.Broadcast -  0.000 s
[2018.05.30-09.40.40:087][  0]LogAIModule: Creating AISystem for world Untitled
[2018.05.30-09.40.40:470][  0]LogInit: XAudio2 using 'Luidsprekers (Realtek High Definition Audio)' : 2 channels at 48 kHz using 32 bits per sample (channel mask 0x3)
[2018.05.30-09.40.40:528][  0]LogInit: FAudioDevice initialized.
[2018.05.30-09.40.40:730][  0]LogDerivedDataCache: Saved boot cache 0.14s 74MB C:/Users/Boyd smit/AppData/Local/UnrealEngine/4.19/DerivedDataCache/Boot.ddc.
[2018.05.30-09.40.40:754][  0]LogInit: Texture streaming: Enabled
[2018.05.30-09.40.40:930][  0]LogEngineSessionManager: EngineSessionManager initialized
[2018.05.30-09.40.41:217][  0]LogInit: Transaction tracking system initialized
[2018.05.30-09.40.41:782][  0]BlueprintLog: New page: Editor Load
[2018.05.30-09.40.43:619][  0]LocalizationService: Localization service is disabled
[2018.05.30-09.40.44:477][  0]LogConsoleResponse: Display: 
[2018.05.30-09.40.48:692][  0]LogFileCache: Scanning file cache for directory 'D:/bewijzenmap/P2.4/IDP/InputOutput/InputOutput/Content/' took 0.02s
[2018.05.30-09.40.48:692][  0]LogCook: Display: Max memory allowance for cook 16384mb min free memory 0mb
[2018.05.30-09.40.48:692][  0]LogCook: Display: Mobile HDR setting 1
[2018.05.30-09.40.48:704][  0]LogGameplayTags: Display: UGameplayTagsManager::DoneAddingNativeTags. DelegateIsBound: 0
[2018.05.30-09.40.48:704][  0]LogStats: UGameplayTagsManager::ConstructGameplayTagTree: Construct from data asset -  0.000 s
[2018.05.30-09.40.48:704][  0]LogStats: UGameplayTagsManager::ConstructGameplayTagTree: GameplayTagTreeChangedEvent.Broadcast -  0.000 s
[2018.05.30-09.40.51:178][  0]SourceControl: Source control is disabled
[2018.05.30-09.40.51:240][  0]Cmd: MAP LOAD FILE="../../../Engine/Content/Maps/Templates/Template_Default.umap" TEMPLATE=1 SHOWPROGRESS=1 FEATURELEVEL=3
[2018.05.30-09.40.51:293][  0]LightingResults: New page: Lighting Build
[2018.05.30-09.40.51:577][  0]MapCheck: New page: Map Check
[2018.05.30-09.40.51:577][  0]LightingResults: New page: Lighting Build
[2018.05.30-09.40.54:118][  0]LogAIModule: Creating AISystem for world Untitled_1
[2018.05.30-09.40.54:912][  0]LogEditorServer: Finished looking for orphan Actors (0.000 secs)
[2018.05.30-09.40.55:077][  0]Cmd: MAP CHECKDEP NOCLEARLOG
[2018.05.30-09.40.55:187][  0]MapCheck: Map check complete: 0 Error(s), 0 Warning(s), took 110.153ms to complete.
[2018.05.30-09.40.55:187][  0]LogFileHelpers: Loading map 'Template_Default' took 3.963
[2018.05.30-09.40.58:105][  0]LogCollectionManager: Loaded 0 collections in 0.000837 seconds
[2018.05.30-09.40.58:489][  0]LogFileCache: Scanning file cache for directory 'D:/bewijzenmap/P2.4/IDP/InputOutput/InputOutput/Saved/Collections/' took 0.01s
[2018.05.30-09.40.58:489][  0]LogFileCache: Scanning file cache for directory 'D:/bewijzenmap/P2.4/IDP/InputOutput/InputOutput/Content/Developers/Boydsmit/Collections/' took 0.01s
[2018.05.30-09.40.58:489][  0]LogFileCache: Scanning file cache for directory 'D:/bewijzenmap/P2.4/IDP/InputOutput/InputOutput/Content/Collections/' took 0.01s
[2018.05.30-09.40.58:489][  0]LogCollectionManager: Rebuilt the GUID cache for 0 collections in 0.000000 seconds
[2018.05.30-09.40.58:541][  0]LogContentBrowser: Native class hierarchy populated in 0.0329 seconds. Added 2456 classes and 561 folders.
[2018.05.30-09.40.58:744][  0]LogContentBrowser: Native class hierarchy updated for 'WidgetCarousel' in 0.0006 seconds. Added 0 classes and 0 folders.
[2018.05.30-09.40.59:807][  0]LogContentBrowser: Native class hierarchy updated for 'AddContentDialog' in 0.0005 seconds. Added 0 classes and 0 folders.
[2018.05.30-09.40.59:940][  0]LogContentBrowser: Native class hierarchy updated for 'SceneOutliner' in 0.0007 seconds. Added 1 classes and 2 folders.
[2018.05.30-09.41.01:400][  0]LogSlate: Took 0.237519 seconds to synchronously load lazily loaded font '../../../Engine/Content/Slate/Fonts/Roboto-Regular.ttf' (155K)
[2018.05.30-09.41.01:453][  0]LogSlate: Took 0.033103 seconds to synchronously load lazily loaded font '../../../Engine/Content/Slate/Fonts/Roboto-Bold.ttf' (160K)
[2018.05.30-09.41.01:554][  0]LogSlate: Took 0.036145 seconds to synchronously load lazily loaded font '../../../Engine/Content/Editor/Slate/Fonts/FontAwesome.ttf' (139K)
[2018.05.30-09.41.02:290][  0]LogRenderer: Reallocating scene render targets to support 964x436 Format 10 NumSamples 1 (Frame:1).
[2018.05.30-09.41.03:654][  0]LogContentBrowser: Native class hierarchy updated for 'HierarchicalLODOutliner' in 0.0008 seconds. Added 0 classes and 0 folders.
[2018.05.30-09.41.03:654][  0]LogLoad: (Engine Initialization) Total time: 80.04 seconds
[2018.05.30-09.41.03:654][  0]LogLoad: (Engine Initialization) Total Blueprint compile time: 0.00 seconds
[2018.05.30-09.41.05:574][  0]LogStreaming: Warning: Took 101.59ms to ProcessLoadedPackages
[2018.05.30-09.41.09:296][  0]LogContentStreaming: Texture pool size now 1000 MB
[2018.05.30-09.41.10:695][  1]LogSlate: Took 0.015305 seconds to synchronously load lazily loaded font '../../../Engine/Content/Slate/Fonts/Roboto-Light.ttf' (167K)
[2018.05.30-09.41.11:153][  3]LogAssetRegistry: Asset discovery search completed in 65.4677 seconds
[2018.05.30-09.41.11:183][  3]LogCollectionManager: Rebuilt the object cache for 0 collections in 0.000000 seconds (found 0 objects)
[2018.05.30-09.41.11:184][  3]LogCollectionManager: Fixed up redirectors for 0 collections in 0.000523 seconds (updated 0 objects)
[2018.05.30-09.43.30:519][ 98]LogSlate: FSceneViewport::OnFocusLost() reason 2
[2018.05.30-09.43.31:828][222]LogPlayLevel: PlayLevel: No blueprints needed recompiling
[2018.05.30-09.43.32:020][222]PIE: New page: SIE session: Untitled_1 (May 30, 2018, 1:43:31 PM)
[2018.05.30-09.43.32:041][222]LogPlayLevel: Creating play world package: /Temp/UEDPIE_0_Untitled_1
[2018.05.30-09.43.32:102][222]LogPlayLevel: PIE: StaticDuplicateObject took: (0.060777s)
[2018.05.30-09.43.32:103][222]LogAIModule: Creating AISystem for world Untitled_1
[2018.05.30-09.43.32:124][222]LogPlayLevel: PIE: World Init took: (0.022321s)
[2018.05.30-09.43.32:124][222]LogPlayLevel: PIE: Created PIE world by copying editor world from /Temp/Untitled_1.Untitled_1 to /Temp/UEDPIE_0_Untitled_1.Untitled_1 (0.083442s)
[2018.05.30-09.43.32:162][222]LogInit: XAudio2 using 'Luidsprekers (Realtek High Definition Audio)' : 2 channels at 48 kHz using 32 bits per sample (channel mask 0x3)
[2018.05.30-09.43.32:174][222]LogInit: FAudioDevice initialized.
[2018.05.30-09.43.32:260][222]LogSlate: FSceneViewport::OnFocusLost() reason 2
[2018.05.30-09.43.32:355][222]LogLoad: Game class is 'GameModeBase'
[2018.05.30-09.43.32:553][222]LogWorld: Bringing World /Temp/UEDPIE_0_Untitled_1.Untitled_1 up for play (max tick rate 0) at 2018.05.30-11.43.32
[2018.05.30-09.43.32:622][222]LogWorld: Bringing up level for play took: 0.079603
[2018.05.30-09.43.32:963][222]LogContentBrowser: Native class hierarchy updated for 'MovieSceneCapture' in 0.0009 seconds. Added 11 classes and 0 folders.
[2018.05.30-09.43.33:018][222]PIE: Play in editor start time for /Temp/UEDPIE_0_Untitled_1 1
[2018.05.30-09.43.37:022][511]LogSlate: FSceneViewport::OnFocusLost() reason 0
[2018.05.30-09.43.46:437][423]LogSlate: Took 0.000233 seconds to synchronously load lazily loaded font '../../../Engine/Content/Slate/Fonts/Roboto-Light.ttf' (167K)
[2018.05.30-09.43.46:534][423]LogAIModule: Creating AISystem for world WorldBoyd
[2018.05.30-09.43.46:635][423]Cmd: MAP LOAD FILE="../../../../../bewijzenmap/P2.4/IDP/InputOutput/InputOutput/Content/Scene/WorldBoyd.umap" TEMPLATE=0 SHOWPROGRESS=1 FEATURELEVEL=3
[2018.05.30-09.43.46:635][423]LightingResults: New page: Lighting Build
[2018.05.30-09.43.46:636][423]LoadErrors: New page: Loading map: WorldBoyd.umap
[2018.05.30-09.43.46:636][423]MapCheck: New page: Map Check
[2018.05.30-09.43.46:636][423]LightingResults: New page: Lighting Build
[2018.05.30-09.43.46:823][423]LogEditorServer: Finished looking for orphan Actors (0.000 secs)
[2018.05.30-09.43.46:872][423]Cmd: MAP CHECKDEP NOCLEARLOG
[2018.05.30-09.43.46:915][423]MapCheck: Map check complete: 0 Error(s), 0 Warning(s), took 42.426ms to complete.
[2018.05.30-09.43.46:915][423]LogFileHelpers: Loading map 'WorldBoyd' took 0.327
[2018.05.30-09.43.52:595][  3]LogPlayLevel: PlayLevel: No blueprints needed recompiling
[2018.05.30-09.43.52:595][  3]PIE: New page: SIE session: WorldBoyd (May 30, 2018, 1:43:52 PM)
[2018.05.30-09.43.52:595][  3]LogPlayLevel: Creating play world package: /Game/Scene/UEDPIE_0_WorldBoyd
[2018.05.30-09.43.52:596][  3]LogPlayLevel: PIE: StaticDuplicateObject took: (0.000855s)
[2018.05.30-09.43.52:596][  3]LogAIModule: Creating AISystem for world WorldBoyd
[2018.05.30-09.43.52:597][  3]LogPlayLevel: PIE: World Init took: (0.000693s)
[2018.05.30-09.43.52:597][  3]LogPlayLevel: PIE: Created PIE world by copying editor world from /Game/Scene/WorldBoyd.WorldBoyd to /Game/Scene/UEDPIE_0_WorldBoyd.WorldBoyd (0.001750s)
[2018.05.30-09.43.52:611][  3]LogInit: XAudio2 using 'Luidsprekers (Realtek High Definition Audio)' : 2 channels at 48 kHz using 32 bits per sample (channel mask 0x3)
[2018.05.30-09.43.52:620][  3]LogInit: FAudioDevice initialized.
[2018.05.30-09.43.52:657][  3]LogLoad: Game class is 'GameModeBase'
[2018.05.30-09.43.52:658][  3]LogWorld: Bringing World /Game/Scene/UEDPIE_0_WorldBoyd.WorldBoyd up for play (max tick rate 0) at 2018.05.30-11.43.52
[2018.05.30-09.43.52:799][  3]LogWorld: Bringing up level for play took: 0.141110
[2018.05.30-09.43.52:799][  3]LogGameMode: FindPlayerStart: PATHS NOT DEFINED or NO PLAYERSTART with positive rating
[2018.05.30-09.43.52:827][  3]PIE: Play in editor start time for /Game/Scene/UEDPIE_0_WorldBoyd 0.81
[2018.05.30-09.43.54:819][176]LogSlate: FSceneViewport::OnFocusLost() reason 0
[2018.05.30-09.43.59:464][668]LogSlate: FSceneViewport::OnFocusLost() reason 2
[2018.05.30-09.44.00:678][795]LogSlate: Took 0.035516 seconds to synchronously load lazily loaded font '../../../Engine/Content/Slate/Fonts/DroidSansMono.ttf' (77K)
[2018.05.30-09.45.27:368][381]LogEditorViewport: Clicking on Actor (LMB): UserInput (UserInput1)
[2018.05.30-09.45.30:121][464]LogEditorViewport: Clicking on Actor (LMB): StaticMeshActor (test)
[2018.05.30-09.45.30:403][464]LogEditorViewport: Clicking on Component (LMB): StaticMeshComponent (StaticMeshComponent0)
[2018.05.30-09.46.14:733][931]LogSlate: FSceneViewport::OnFocusLost() reason 0
[2018.05.30-09.46.15:730][970]MapCheck: New page: Map Check
[2018.05.30-09.46.18:701][970]Cmd: MAP REBUILD ALLVISIBLE
[2018.05.30-09.46.18:990][970]LogEditorServer: Rebuildmap Clear paths rebuilt
[2018.05.30-09.46.20:001][970]LogEditorBuildUtils: Build time 0:01
[2018.05.30-09.46.21:652][ 72]Candidate modules for hot reload:
[2018.05.30-09.46.21:652][ 72]  InputOutput
[2018.05.30-09.46.21:652][ 72]Launching UnrealBuildTool... [D:/EpicGames games/UE_4.19/Engine/Binaries/DotNET/UnrealBuildTool.exe InputOutput -ModuleWithSuffix=InputOutput,8781 Win64 Development -editorrecompile -canskiplink "D:/bewijzenmap/P2.4/IDP/InputOutput/InputOutput/InputOutput.uproject" ]
[2018.05.30-09.46.23:020][ 72]Warning: Starting HotReload took  1.9s.
[2018.05.30-09.51.27:879][122]CompilerResultsLog: New page: Compilation - May 30, 2018, 1:51:27 PM
[2018.05.30-09.51.27:946][122]CompilerResultsLog: Using 'git status' to determine working set for adaptive non-unity build.
[2018.05.30-09.51.27:946][122]CompilerResultsLog: Creating makefile for hot reloading InputOutput (modules to compile have changed)
[2018.05.30-09.51.27:946][122]CompilerResultsLog: Compiling game modules for hot reload
[2018.05.30-09.51.27:947][122]CompilerResultsLog: Performing 3 actions (4 in parallel)
[2018.05.30-09.51.27:947][122]CompilerResultsLog: UserInput.cpp
[2018.05.30-09.51.27:947][122]CompilerResultsLog: [2/3] Link UE4Editor-InputOutput-8781.dll
[2018.05.30-09.51.27:947][122]CompilerResultsLog: [3/3] Link UE4Editor-InputOutput-8781.lib
[2018.05.30-09.51.27:947][122]CompilerResultsLog:    Creating library D:\bewijzenmap\P2.4\IDP\InputOutput\InputOutput\Intermediate\Build\Win64\UE4Editor\Development\UE4Editor-InputOutput-8781.lib and object D:\bewijzenmap\P2.4\IDP\InputOutput\InputOutput\Intermediate\Build\Win64\UE4Editor\Development\UE4Editor-InputOutput-8781.exp
[2018.05.30-09.51.27:948][122]CompilerResultsLog:    Creating library D:\bewijzenmap\P2.4\IDP\InputOutput\InputOutput\Intermediate\Build\Win64\UE4Editor\Development\UE4Editor-InputOutput-8781.suppressed.lib and object D:\bewijzenmap\P2.4\IDP\InputOutput\InputOutput\Intermediate\Build\Win64\UE4Editor\Development\UE4Editor-InputOutput-8781.suppressed.exp
[2018.05.30-09.51.27:948][122]CompilerResultsLog: Total build time: 301.64 seconds (Local executor: 159.79 seconds)
[2018.05.30-09.51.28:111][122]LogMainFrame: MainFrame: Module compiling took 306.818 seconds
[2018.05.30-09.51.28:522][122]LogContentBrowser: Native class hierarchy updated for 'InputOutput' in 0.0008 seconds. Added 4 classes and 3 folders.
[2018.05.30-09.51.28:524][122]Display: HotReload successful (0 functions remapped  0 scriptstructs remapped)
[2018.05.30-09.51.29:028][122]LogContentBrowser: Native class hierarchy populated in 0.0122 seconds. Added 2457 classes and 563 folders.
[2018.05.30-09.51.29:632][122]Display: HotReload took 308.5s.
[2018.05.30-09.51.46:132][491]LogPlayLevel: PlayLevel: No blueprints needed recompiling
[2018.05.30-09.51.46:133][491]PIE: New page: SIE session: WorldBoyd (May 30, 2018, 1:51:46 PM)
[2018.05.30-09.51.46:133][491]LogPlayLevel: Creating play world package: /Game/Scene/UEDPIE_0_WorldBoyd
[2018.05.30-09.51.46:134][491]LogPlayLevel: PIE: StaticDuplicateObject took: (0.000934s)
[2018.05.30-09.51.46:135][491]LogAIModule: Creating AISystem for world WorldBoyd
[2018.05.30-09.51.46:135][491]LogPlayLevel: PIE: World Init took: (0.001043s)
[2018.05.30-09.51.46:135][491]LogPlayLevel: PIE: Created PIE world by copying editor world from /Game/Scene/WorldBoyd.WorldBoyd to /Game/Scene/UEDPIE_0_WorldBoyd.WorldBoyd (0.002555s)
[2018.05.30-09.51.46:171][491]LogInit: XAudio2 using 'Luidsprekers (Realtek High Definition Audio)' : 2 channels at 48 kHz using 32 bits per sample (channel mask 0x3)
[2018.05.30-09.51.46:182][491]LogInit: FAudioDevice initialized.
[2018.05.30-09.51.46:219][491]LogLoad: Game class is 'GameModeBase'
[2018.05.30-09.51.46:220][491]LogWorld: Bringing World /Game/Scene/UEDPIE_0_WorldBoyd.WorldBoyd up for play (max tick rate 0) at 2018.05.30-11.51.46
[2018.05.30-09.51.46:221][491]LogWorld: Bringing up level for play took: 0.001423
[2018.05.30-09.51.46:222][491]LogGameMode: FindPlayerStart: PATHS NOT DEFINED or NO PLAYERSTART with positive rating
[2018.05.30-09.51.46:223][491]PIE: Play in editor start time for /Game/Scene/UEDPIE_0_WorldBoyd 0.206
[2018.05.30-09.51.56:969][686]LogSlate: FSceneViewport::OnFocusLost() reason 2
[2018.05.30-09.52.07:630][403]LogSlate: Window 'Save Content' being destroyed
[2018.05.30-09.52.07:745][403]LogPlayLevel: Warning: PIE failed because map save was canceled
[2018.05.30-09.52.07:745][403]PIE: Warning: PIE failed because map save was canceled
[2018.05.30-09.52.09:512][577]LogSlate: Window 'Message Log' being destroyed
[2018.05.30-09.52.09:517][577]LogSlate: Window 'Message Log' being destroyed
[2018.05.30-09.52.10:228][643]LogEditorViewport: Clicking on Actor (LMB): UserInput (UserInput1)
[2018.05.30-09.52.35:038][ 17]LogSlate: Took 0.175607 seconds to synchronously load lazily loaded font '../../../Engine/Content/Slate/Fonts/Roboto-Italic.ttf' (157K)
[2018.05.30-09.53.08:820][519]LogEditorViewport: Clicking on Actor (LMB): Bullet (Bullet1)
[2018.05.30-09.53.09:821][595]LogEditorViewport: Clicking Background
[2018.05.30-09.53.10:556][678]LogEditorViewport: Clicking on Actor (LMB): UserInput (UserInput1)
[2018.05.30-09.53.11:145][734]LogEditorViewport: Clicking Background
[2018.05.30-09.54.04:138][ 13]LogSlate: FSceneViewport::OnFocusLost() reason 2
[2018.05.30-09.54.33:252][331]LogTemp: Executing iPhonePackager certificates Engine -bundlename com.YourCompany.InputOutput
[2018.05.30-09.54.33:252][331]LogTemp: CWD: D:\EpicGames games\UE_4.19\Engine\Binaries\DotNET\IOS
[2018.05.30-09.54.33:253][331]LogTemp: Initial Dir: D:\EpicGames games\UE_4.19
[2018.05.30-09.54.33:253][331]LogTemp: Env CWD: D:\EpicGames games\UE_4.19\Engine\Binaries\DotNET\IOS
[2018.05.30-09.54.33:253][331]LogTemp: BranchPath = LAPTOP-00QRHNHM/D/EpicGames games/UE_4.19/Engine/Binaries --- GameBranchPath = LAPTOP-00QRHNHM/D/EpicGames games/UE_4.19/Engine/Binaries
[2018.05.30-09.54.33:253][331]LogTemp: IPP ERROR: Could not find provision directory 'C:\Users\Boyd smit\AppData\Local/Apple Computer/MobileDevice/Provisioning Profiles/'.
[2018.05.30-09.54.33:253][331]LogSlate: Only BGRA pngs, bmps or icos are supported in by External Image Picker
[2018.05.30-09.54.45:977][104]LogSavePackage: Save=475.27ms
[2018.05.30-09.54.45:977][104]LogSavePackage: Moving '../../../../../bewijzenmap/P2.4/IDP/InputOutput/InputOutput/Saved/WorldBoyd_Auto18003DD6F4D6FC4806745B792780C97E4.tmp' to '../../../../../bewijzenmap/P2.4/IDP/InputOutput/InputOutput/Saved/Autosaves/Game/Scene/WorldBoyd_Auto1.umap'
[2018.05.30-09.54.46:124][104]LogSavePackage: Display: Finished SavePackage ../../../../../bewijzenmap/P2.4/IDP/InputOutput/InputOutput/Saved/Autosaves/Game/Scene/WorldBoyd_Auto1.umap
[2018.05.30-09.54.46:595][104]LogFileHelpers: Editor autosave (incl. sublevels) for '/Game/Scene/WorldBoyd' took 1.690
[2018.05.30-09.54.46:612][104]LogFileHelpers: Editor autosave (incl. sublevels) for all levels took 1.690
[2018.05.30-09.55.34:778][195]LogSlate: Window 'Project Settings' being destroyed
[2018.05.30-09.55.34:786][195]LogSlate: Window 'Project Settings' being destroyed
[2018.05.30-09.55.42:155][898]LogSlate: FSceneViewport::OnFocusLost() reason 2
[2018.05.30-09.55.44:013][100]LogPlayLevel: PlayLevel: No blueprints needed recompiling
[2018.05.30-09.55.44:013][100]PIE: New page: SIE session: WorldBoyd (May 30, 2018, 1:55:44 PM)
[2018.05.30-09.55.44:014][100]LogPlayLevel: Creating play world package: /Game/Scene/UEDPIE_0_WorldBoyd
[2018.05.30-09.55.44:015][100]LogPlayLevel: PIE: StaticDuplicateObject took: (0.000906s)
[2018.05.30-09.55.44:015][100]LogAIModule: Creating AISystem for world WorldBoyd
[2018.05.30-09.55.44:016][100]LogPlayLevel: PIE: World Init took: (0.000936s)
[2018.05.30-09.55.44:016][100]LogPlayLevel: PIE: Created PIE world by copying editor world from /Game/Scene/WorldBoyd.WorldBoyd to /Game/Scene/UEDPIE_0_WorldBoyd.WorldBoyd (0.002329s)
[2018.05.30-09.55.44:032][100]LogInit: XAudio2 using 'Luidsprekers (Realtek High Definition Audio)' : 2 channels at 48 kHz using 32 bits per sample (channel mask 0x3)
[2018.05.30-09.55.44:065][100]LogInit: FAudioDevice initialized.
[2018.05.30-09.55.44:066][100]LogSlate: FSceneViewport::OnFocusLost() reason 2
[2018.05.30-09.55.44:098][100]LogLoad: Game class is 'GameModeBase'
[2018.05.30-09.55.44:099][100]LogWorld: Bringing World /Game/Scene/UEDPIE_0_WorldBoyd.WorldBoyd up for play (max tick rate 0) at 2018.05.30-11.55.44
[2018.05.30-09.55.44:100][100]LogWorld: Bringing up level for play took: 0.001005
[2018.05.30-09.55.44:100][100]LogGameMode: FindPlayerStart: PATHS NOT DEFINED or NO PLAYERSTART with positive rating
[2018.05.30-09.55.44:101][100]PIE: Play in editor start time for /Game/Scene/UEDPIE_0_WorldBoyd 0.084
[2018.05.30-09.55.45:775][220]LogEditorViewport: Clicking on Actor (LMB): UserInput (UserInput1)
[2018.05.30-09.55.45:977][220]LogEditorViewport: Clicking on Component (LMB): StaticMeshComponent (My Meshs)
[2018.05.30-09.55.46:156][225]LogEditorViewport: Clicking on Component (LMB): StaticMeshComponent (My Meshs)
[2018.05.30-09.55.46:307][232]LogEditorViewport: Clicking on Component (LMB): StaticMeshComponent (My Meshs)
[2018.05.30-09.55.46:899][275]LogEditorViewport: Clicking Background
[2018.05.30-09.55.47:076][284]LogEditorViewport: Clicking Background
[2018.05.30-09.55.47:265][301]LogEditorViewport: Clicking Background
[2018.05.30-09.55.47:459][314]LogEditorViewport: Clicking Background
[2018.05.30-09.55.47:631][329]LogEditorViewport: Clicking Background
[2018.05.30-09.55.47:749][338]LogEditorViewport: Clicking Background
[2018.05.30-09.55.47:958][355]LogEditorViewport: Clicking Background
[2018.05.30-09.55.48:501][401]LogEditorViewport: Clicking Background
[2018.05.30-09.55.48:597][408]LogEditorViewport: Clicking Background
[2018.05.30-09.55.49:110][449]LogEditorViewport: Clicking Background
[2018.05.30-09.55.49:563][486]LogSlate: FSceneViewport::OnFocusLost() reason 0
[2018.05.30-09.56.10:556][889]Cmd: SELECT NONE
[2018.05.30-09.58.22:352][791]LogSlate: FSceneViewport::OnFocusLost() reason 0
[2018.05.30-09.58.22:425][799]LogTemp: Repeating last play command: Simulate
[2018.05.30-09.58.22:438][799]LogPlayLevel: PlayLevel: No blueprints needed recompiling
[2018.05.30-09.58.22:438][799]PIE: New page: SIE session: WorldBoyd (May 30, 2018, 1:58:22 PM)
[2018.05.30-09.58.22:439][799]LogPlayLevel: Creating play world package: /Game/Scene/UEDPIE_0_WorldBoyd
[2018.05.30-09.58.22:440][799]LogPlayLevel: PIE: StaticDuplicateObject took: (0.001177s)
[2018.05.30-09.58.22:442][799]LogAIModule: Creating AISystem for world WorldBoyd
[2018.05.30-09.58.22:443][799]LogPlayLevel: PIE: World Init took: (0.002872s)
[2018.05.30-09.58.22:444][799]LogPlayLevel: PIE: Created PIE world by copying editor world from /Game/Scene/WorldBoyd.WorldBoyd to /Game/Scene/UEDPIE_0_WorldBoyd.WorldBoyd (0.005039s)
[2018.05.30-09.58.22:505][799]LogInit: XAudio2 using 'Luidsprekers (Realtek High Definition Audio)' : 2 channels at 48 kHz using 32 bits per sample (channel mask 0x3)
[2018.05.30-09.58.22:517][799]LogInit: FAudioDevice initialized.
[2018.05.30-09.58.22:555][799]LogLoad: Game class is 'GameModeBase'
[2018.05.30-09.58.22:557][799]LogWorld: Bringing World /Game/Scene/UEDPIE_0_WorldBoyd.WorldBoyd up for play (max tick rate 0) at 2018.05.30-11.58.22
[2018.05.30-09.58.22:558][799]LogWorld: Bringing up level for play took: 0.001565
[2018.05.30-09.58.22:559][799]LogGameMode: FindPlayerStart: PATHS NOT DEFINED or NO PLAYERSTART with positive rating
[2018.05.30-09.58.22:560][799]PIE: Play in editor start time for /Game/Scene/UEDPIE_0_WorldBoyd 0.542
[2018.05.30-09.58.37:962][427]LogSlate: FSceneViewport::OnFocusLost() reason 2
[2018.05.30-09.58.41:871][805]LogPlayLevel: PlayLevel: No blueprints needed recompiling
[2018.05.30-09.58.41:871][805]PIE: New page: PIE session: WorldBoyd (May 30, 2018, 1:58:41 PM)
[2018.05.30-09.58.41:871][805]LogPlayLevel: Creating play world package: /Game/Scene/UEDPIE_0_WorldBoyd
[2018.05.30-09.58.41:912][805]LogPlayLevel: PIE: StaticDuplicateObject took: (0.040827s)
[2018.05.30-09.58.41:913][805]LogAIModule: Creating AISystem for world WorldBoyd
[2018.05.30-09.58.41:913][805]LogPlayLevel: PIE: World Init took: (0.001096s)
[2018.05.30-09.58.41:914][805]LogPlayLevel: PIE: Created PIE world by copying editor world from /Game/Scene/WorldBoyd.WorldBoyd to /Game/Scene/UEDPIE_0_WorldBoyd.WorldBoyd (0.042589s)
[2018.05.30-09.58.41:931][805]LogInit: XAudio2 using 'Luidsprekers (Realtek High Definition Audio)' : 2 channels at 48 kHz using 32 bits per sample (channel mask 0x3)
[2018.05.30-09.58.41:946][805]LogInit: FAudioDevice initialized.
[2018.05.30-09.58.41:946][805]LogSlate: FSceneViewport::OnFocusLost() reason 2
[2018.05.30-09.58.42:055][805]LogLoad: Game class is 'GameModeBase'
[2018.05.30-09.58.42:056][805]LogWorld: Bringing World /Game/Scene/UEDPIE_0_WorldBoyd.WorldBoyd up for play (max tick rate 0) at 2018.05.30-11.58.42
[2018.05.30-09.58.42:057][805]LogWorld: Bringing up level for play took: 0.001352
[2018.05.30-09.58.42:059][805]PIE: Play in editor start time for /Game/Scene/UEDPIE_0_WorldBoyd 0.042
[2018.05.30-09.59.10:581][912]LogSlate: FSceneViewport::OnFocusLost() reason 2
[2018.05.30-09.59.10:945][936]Cmd: SELECT NONE
[2018.05.30-09.59.20:337][848]LogSlate: FSceneViewport::OnFocusLost() reason 2
[2018.05.30-10.00.14:614][521]LogSlate: Window 'Message Log' being destroyed
[2018.05.30-10.00.14:621][521]LogSlate: Window 'Message Log' being destroyed
[2018.05.30-10.00.34:503][397]LogSlate: FSceneViewport::OnFocusLost() reason 2
[2018.05.30-10.03.35:172][939]LogHotReload: New module detected: UE4Editor-InputOutput-1462.dll
[2018.05.30-10.03.36:850][945]LogHotReload: Starting Hot-Reload from IDE
[2018.05.30-10.03.37:209][945]LogContentBrowser: Native class hierarchy updated for 'InputOutput' in 0.0007 seconds. Added 4 classes and 3 folders.
[2018.05.30-10.03.37:212][945]Display: HotReload successful (0 functions remapped  0 scriptstructs remapped)
[2018.05.30-10.03.37:339][945]LogContentBrowser: Native class hierarchy populated in 0.0131 seconds. Added 2457 classes and 563 folders.
[2018.05.30-10.03.37:345][945]Display: HotReload took  0.5s.
[2018.05.30-10.08.15:902][205]LogSlate: Only BGRA pngs, bmps or icos are supported in by External Image Picker
[2018.05.30-10.08.16:073][206]LogTemp: Executing iPhonePackager certificates Engine -bundlename com.YourCompany.InputOutput
[2018.05.30-10.08.16:074][206]LogTemp: CWD: D:\EpicGames games\UE_4.19\Engine\Binaries\DotNET\IOS
[2018.05.30-10.08.16:074][206]LogTemp: Initial Dir: D:\EpicGames games\UE_4.19
[2018.05.30-10.08.16:074][206]LogTemp: Env CWD: D:\EpicGames games\UE_4.19\Engine\Binaries\DotNET\IOS
[2018.05.30-10.08.16:074][206]LogTemp: BranchPath = LAPTOP-00QRHNHM/D/EpicGames games/UE_4.19/Engine/Binaries --- GameBranchPath = LAPTOP-00QRHNHM/D/EpicGames games/UE_4.19/Engine/Binaries
[2018.05.30-10.08.16:074][206]LogTemp: IPP ERROR: Could not find provision directory 'C:\Users\Boyd smit\AppData\Local/Apple Computer/MobileDevice/Provisioning Profiles/'.
[2018.05.30-10.08.56:722][698]LogSlate: Window 'Project Settings' being destroyed
[2018.05.30-10.08.56:730][698]LogSlate: Window 'Project Settings' being destroyed
[2018.05.30-10.12.18:795][603]LogSlate: FSceneViewport::OnFocusLost() reason 2
[2018.05.30-10.15.40:573][913]Cmd: SELECT NONE
[2018.05.30-11.19.40:826][536]LogSlate: Window 'Save Content' being destroyed
[2018.05.30-11.19.41:207][536]Cmd: OBJ SAVEPACKAGE PACKAGE="/Game/Scene/WorldBoyd" FILE="../../../../../bewijzenmap/P2.4/IDP/InputOutput/InputOutput/Content/Scene/WorldBoyd.umap" SILENT=true AUTOSAVING=false KEEPDIRTY=false
[2018.05.30-11.19.41:461][536]LogSavePackage: Save=192.09ms
[2018.05.30-11.19.41:461][536]LogSavePackage: Moving '../../../../../bewijzenmap/P2.4/IDP/InputOutput/InputOutput/Saved/WorldBoyd3C911EB1473246F89E318DBE310F16D8.tmp' to '../../../../../bewijzenmap/P2.4/IDP/InputOutput/InputOutput/Content/Scene/WorldBoyd.umap'
[2018.05.30-11.19.41:500][536]LogSavePackage: Display: Finished SavePackage ../../../../../bewijzenmap/P2.4/IDP/InputOutput/InputOutput/Content/Scene/WorldBoyd.umap
[2018.05.30-11.19.41:579][536]LogFileHelpers: Saving map 'WorldBoyd' took 0.547
[2018.05.30-11.19.41:954][536]LogSlate: Window 'InputOutput - Unreal Editor' being destroyed
[2018.05.30-11.19.41:972][536]LogWindowsTextInputMethodSystem: Display: IME system now deactivated.
[2018.05.30-11.19.47:668][537]Cmd: QUIT_EDITOR
[2018.05.30-11.19.55:124][537]LogSlate: Slate User Destroyed.  User Index 0, Is Virtual User: 0
[2018.05.30-11.19.55:374][537]LogExit: Preparing to exit.
[2018.05.30-11.20.00:776][537]LogDirectoryWatcher: A directory notification for 'D:/bewijzenmap/P2.4/IDP/InputOutput/InputOutput/Content/' was aborted.
[2018.05.30-11.20.03:430][537]LogExit: Editor shut down
[2018.05.30-11.20.03:980][537]LogExit: Transaction tracking system shut down
[2018.05.30-11.20.04:403][537]LogDirectoryWatcher: A directory notification for '../../../Engine/Content/' was aborted.
[2018.05.30-11.20.04:403][537]LogDirectoryWatcher: A directory notification for '../../../../../bewijzenmap/P2.4/IDP/InputOutput/InputOutput/Content/' was aborted.
[2018.05.30-11.20.04:403][537]LogDirectoryWatcher: A directory notification for '../../Plugins/2D/Paper2D/Content/' was aborted.
[2018.05.30-11.20.04:404][537]LogDirectoryWatcher: A directory notification for '../../Plugins/Enterprise/DatasmithContent/Content/' was aborted.
[2018.05.30-11.20.04:404][537]LogDirectoryWatcher: A directory notification for '../../Plugins/Media/MediaCompositing/Content/' was aborted.
[2018.05.30-11.20.04:404][537]LogDirectoryWatcher: A directory notification for '../../Plugins/Runtime/AppleARKit/Content/' was aborted.
[2018.05.30-11.20.04:404][537]LogDirectoryWatcher: A directory notification for '../../Plugins/Runtime/Oculus/OculusVR/Content/' was aborted.
[2018.05.30-11.20.04:404][537]LogDirectoryWatcher: A directory notification for '../../Plugins/Runtime/Steam/SteamVR/Content/' was aborted.
[2018.05.30-11.20.20:757][537]LogExit: Object subsystem successfully closed.
[2018.05.30-11.20.22:786][537]LogShaderCompilers: Display: Shaders left to compile 0
[2018.05.30-11.20.22:873][537]LogD3D11RHI: Shutdown
[2018.05.30-11.20.22:873][537]LogD3D11RHI: CleanupD3DDevice
[2018.05.30-11.20.23:334][537]LogD3D11RHI: ~FD3D11DynamicRHI
[2018.05.30-11.20.27:884][537]LogModuleManager: Shutting down and abandoning module InputOutput (584)
[2018.05.30-11.20.27:884][537]LogModuleManager: Shutting down and abandoning module ExternalImagePicker (583)
[2018.05.30-11.20.27:884][537]LogModuleManager: Shutting down and abandoning module MovieSceneCapture (580)
[2018.05.30-11.20.27:884][537]LogModuleManager: Shutting down and abandoning module HierarchicalLODOutliner (578)
[2018.05.30-11.20.27:884][537]LogModuleManager: Shutting down and abandoning module DesktopPlatform (576)
[2018.05.30-11.20.27:914][537]LogModuleManager: Shutting down and abandoning module SceneOutliner (574)
[2018.05.30-11.20.27:914][537]LogModuleManager: Shutting down and abandoning module AddContentDialog (572)
[2018.05.30-11.20.28:226][537]LogDirectoryWatcher: A directory notification for 'D:/EpicGames games/UE_4.19/FeaturePacks/' was aborted.
[2018.05.30-11.20.28:718][537]LogModuleManager: Shutting down and abandoning module WidgetCarousel (571)
[2018.05.30-11.20.28:719][537]LogModuleManager: Shutting down and abandoning module EditorWidgets (568)
[2018.05.30-11.20.28:719][537]LogModuleManager: Shutting down and abandoning module CollectionManager (566)
[2018.05.30-11.20.28:800][537]LogDirectoryWatcher: A directory notification for 'D:/bewijzenmap/P2.4/IDP/InputOutput/InputOutput/Content/Collections/' was aborted.
[2018.05.30-11.20.28:800][537]LogDirectoryWatcher: A directory notification for 'D:/bewijzenmap/P2.4/IDP/InputOutput/InputOutput/Content/Developers/Boydsmit/Collections/' was aborted.
[2018.05.30-11.20.28:800][537]LogDirectoryWatcher: A directory notification for 'D:/bewijzenmap/P2.4/IDP/InputOutput/InputOutput/Saved/Collections/' was aborted.
[2018.05.30-11.20.28:800][537]LogModuleManager: Shutting down and abandoning module HierarchicalLODUtilities (564)
[2018.05.30-11.20.28:814][537]LogModuleManager: Shutting down and abandoning module StatsViewer (562)
[2018.05.30-11.20.29:017][537]LogModuleManager: Shutting down and abandoning module FoliageEdit (560)
[2018.05.30-11.20.29:017][537]LogModuleManager: Shutting down and abandoning module LandscapeEditor (558)
[2018.05.30-11.20.29:486][537]LogModuleManager: Shutting down and abandoning module MeshPaintMode (556)
[2018.05.30-11.20.29:514][537]LogModuleManager: Shutting down and abandoning module SceneDepthPickerMode (554)
[2018.05.30-11.20.29:514][537]LogModuleManager: Shutting down and abandoning module ActorPickerMode (552)
[2018.05.30-11.20.29:514][537]LogModuleManager: Shutting down and abandoning module GeometryMode (550)
[2018.05.30-11.20.29:560][537]LogModuleManager: Shutting down and abandoning module TextureAlignMode (548)
[2018.05.30-11.20.29:561][537]LogModuleManager: Shutting down and abandoning module BspMode (546)
[2018.05.30-11.20.29:561][537]LogModuleManager: Shutting down and abandoning module PIEPreviewDeviceProfileSelector (544)
[2018.05.30-11.20.29:586][537]LogModuleManager: Shutting down and abandoning module HardwareSurvey (542)
[2018.05.30-11.20.29:586][537]LogModuleManager: Shutting down and abandoning module SequenceRecorderSections (540)
[2018.05.30-11.20.29:626][537]LogModuleManager: Shutting down and abandoning module AutomationWorker (538)
[2018.05.30-11.20.29:626][537]LogModuleManager: Shutting down and abandoning module AudioCaptureEditor (536)
[2018.05.30-11.20.29:626][537]LogModuleManager: Shutting down and abandoning module SequenceRecorder (535)
[2018.05.30-11.20.29:681][537]LogModuleManager: Shutting down and abandoning module MatineeToLevelSequence (532)
[2018.05.30-11.20.29:853][537]LogModuleManager: Shutting down and abandoning module LevelSequenceEditor (530)
[2018.05.30-11.20.29:958][537]LogModuleManager: Shutting down and abandoning module PlacementMode (529)
[2018.05.30-11.20.29:958][537]LogModuleManager: Shutting down and abandoning module MaterialEditor (528)
[2018.05.30-11.20.30:244][537]LogModuleManager: Shutting down and abandoning module WmfMediaFactory (524)
[2018.05.30-11.20.30:244][537]LogModuleManager: Shutting down and abandoning module WmfMediaEditor (522)
[2018.05.30-11.20.30:244][537]LogModuleManager: Shutting down and abandoning module MediaPlayerEditor (520)
[2018.05.30-11.20.30:406][537]LogModuleManager: Shutting down and abandoning module OpenExrWrapper (518)
[2018.05.30-11.20.30:406][537]LogModuleManager: Shutting down and abandoning module ImgMediaFactory (516)
[2018.05.30-11.20.30:406][537]LogModuleManager: Shutting down and abandoning module ImgMediaEditor (514)
[2018.05.30-11.20.30:406][537]LogModuleManager: Shutting down and abandoning module AvfMediaFactory (512)
[2018.05.30-11.20.30:406][537]LogModuleManager: Shutting down and abandoning module AvfMediaEditor (510)
[2018.05.30-11.20.30:406][537]LogModuleManager: Shutting down and abandoning module AndroidMediaFactory (508)
[2018.05.30-11.20.30:406][537]LogModuleManager: Shutting down and abandoning module AndroidMediaEditor (506)
[2018.05.30-11.20.30:406][537]LogModuleManager: Shutting down and abandoning module CharacterAI (504)
[2018.05.30-11.20.30:406][537]LogModuleManager: Shutting down and abandoning module SmartSnapping (502)
[2018.05.30-11.20.30:406][537]LogModuleManager: Shutting down and abandoning module SessionServices (500)
[2018.05.30-11.20.30:407][537]LogModuleManager: Shutting down and abandoning module ViewportSnapping (498)
[2018.05.30-11.20.30:407][537]LogModuleManager: Shutting down and abandoning module ViewportInteraction (496)
[2018.05.30-11.20.30:407][537]LogModuleManager: Shutting down and abandoning module ClothPainter (494)
[2018.05.30-11.20.30:516][537]LogModuleManager: Shutting down and abandoning module SkeletalMeshEditor (493)
[2018.05.30-11.20.30:635][537]LogModuleManager: Shutting down and abandoning module LogVisualizer (490)
[2018.05.30-11.20.30:772][537]LogModuleManager: Shutting down and abandoning module IntroTutorials (488)
[2018.05.30-11.20.30:971][537]LogModuleManager: Shutting down and abandoning module GameProjectGeneration (487)
[2018.05.30-11.20.31:036][537]LogModuleManager: Shutting down and abandoning module IOSPlatformEditor (484)
[2018.05.30-11.20.31:036][537]LogModuleManager: Shutting down and abandoning module HTML5PlatformEditor (482)
[2018.05.30-11.20.31:036][537]LogModuleManager: Shutting down and abandoning module AndroidPlatformEditor (480)
[2018.05.30-11.20.31:036][537]LogModuleManager: Shutting down and abandoning module AndroidDeviceDetection (479)
[2018.05.30-11.20.31:976][537]LogModuleManager: Shutting down and abandoning module WindowsPlatformEditor (476)
[2018.05.30-11.20.31:976][537]LogModuleManager: Shutting down and abandoning module IOSRuntimeSettings (474)
[2018.05.30-11.20.31:976][537]LogModuleManager: Shutting down and abandoning module AndroidRuntimeSettings (472)
[2018.05.30-11.20.31:976][537]LogModuleManager: Shutting down and abandoning module InputBindingEditor (470)
[2018.05.30-11.20.32:021][537]LogModuleManager: Shutting down and abandoning module MergeActors (468)
[2018.05.30-11.20.32:037][537]LogModuleManager: Shutting down and abandoning module LocalizationDashboard (466)
[2018.05.30-11.20.32:077][537]LogModuleManager: Shutting down and abandoning module LocalizationService (465)
[2018.05.30-11.20.32:090][537]LogModuleManager: Shutting down and abandoning module HardwareTargeting (462)
[2018.05.30-11.20.32:090][537]LogModuleManager: Shutting down and abandoning module DeviceProfileEditor (460)
[2018.05.30-11.20.32:126][537]LogModuleManager: Shutting down and abandoning module UndoHistory (458)
[2018.05.30-11.20.32:127][537]LogModuleManager: Shutting down and abandoning module XmlParser (456)
[2018.05.30-11.20.32:149][537]LogModuleManager: Shutting down and abandoning module Blutility (454)
[2018.05.30-11.20.32:167][537]LogModuleManager: Shutting down and abandoning module ProjectSettingsViewer (452)
[2018.05.30-11.20.32:168][537]LogModuleManager: Shutting down and abandoning module ProjectTargetPlatformEditor (451)
[2018.05.30-11.20.32:169][537]LogModuleManager: Shutting down and abandoning module EditorSettingsViewer (448)
[2018.05.30-11.20.32:169][537]LogModuleManager: Shutting down and abandoning module SettingsEditor (446)
[2018.05.30-11.20.32:254][537]LogModuleManager: Shutting down and abandoning module ProjectLauncher (444)
[2018.05.30-11.20.32:270][537]LogModuleManager: Shutting down and abandoning module SessionFrontend (442)
[2018.05.30-11.20.32:284][537]LogModuleManager: Shutting down and abandoning module ProfilerClient (440)
[2018.05.30-11.20.32:291][537]LogModuleManager: Shutting down and abandoning module DeviceManager (438)
[2018.05.30-11.20.32:341][537]LogModuleManager: Shutting down and abandoning module TargetDeviceServices (437)
[2018.05.30-11.20.32:516][537]LogModuleManager: Shutting down and abandoning module AutomationController (434)
[2018.05.30-11.20.32:542][537]LogModuleManager: Shutting down and abandoning module AutomationWindow (432)
[2018.05.30-11.20.32:622][537]LogModuleManager: Shutting down and abandoning module Layers (430)
[2018.05.30-11.20.32:699][537]LogModuleManager: Shutting down and abandoning module ComponentVisualizers (428)
[2018.05.30-11.20.32:718][537]LogModuleManager: Shutting down and abandoning module DetailCustomizations (426)
[2018.05.30-11.20.32:738][537]LogModuleManager: Shutting down and abandoning module PackagesDialog (424)
[2018.05.30-11.20.32:738][537]LogModuleManager: Shutting down and abandoning module Persona (422)
[2018.05.30-11.20.32:832][537]LogModuleManager: Shutting down and abandoning module AdvancedPreviewScene (421)
[2018.05.30-11.20.32:833][537]LogModuleManager: Shutting down and abandoning module AnimGraph (419)
[2018.05.30-11.20.32:833][537]LogModuleManager: Shutting down and abandoning module Kismet (416)
[2018.05.30-11.20.32:889][537]LogModuleManager: Shutting down and abandoning module GraphEditor (414)
[2018.05.30-11.20.33:119][537]LogModuleManager: Shutting down and abandoning module ClassViewer (412)
[2018.05.30-11.20.33:226][537]LogModuleManager: Shutting down and abandoning module Toolbox (410)
[2018.05.30-11.20.33:226][537]LogModuleManager: Shutting down and abandoning module ModuleUI (408)
[2018.05.30-11.20.33:253][537]LogModuleManager: Shutting down and abandoning module MovieSceneTools (406)
[2018.05.30-11.20.33:499][537]LogModuleManager: Shutting down and abandoning module OutputLog (404)
[2018.05.30-11.20.33:499][537]LogModuleManager: Shutting down and abandoning module GammaUI (402)
[2018.05.30-11.20.33:538][537]LogModuleManager: Shutting down and abandoning module Documentation (400)
[2018.05.30-11.20.33:539][537]LogModuleManager: Shutting down and abandoning module MovieSceneTracks (398)
[2018.05.30-11.20.33:570][537]LogModuleManager: Shutting down and abandoning module MovieScene (396)
[2018.05.30-11.20.33:615][537]LogModuleManager: Shutting down and abandoning module StreamingPauseRendering (394)
[2018.05.30-11.20.33:615][537]LogModuleManager: Shutting down and abandoning module LauncherPlatform (392)
[2018.05.30-11.20.33:615][537]LogModuleManager: Shutting down and abandoning module AnalyticsET (390)
[2018.05.30-11.20.33:615][537]LogModuleManager: Shutting down and abandoning module PortalServices (388)
[2018.05.30-11.20.33:615][537]LogModuleManager: Shutting down and abandoning module PortalRpc (386)
[2018.05.30-11.20.33:615][537]LogModuleManager: Shutting down and abandoning module MessagingRpc (384)
[2018.05.30-11.20.33:615][537]LogModuleManager: Shutting down and abandoning module AIModule (382)
[2018.05.30-11.20.33:676][537]LogModuleManager: Shutting down and abandoning module GameplayDebugger (381)
[2018.05.30-11.20.33:677][537]LogModuleManager: Shutting down and abandoning module AITestSuite (379)
[2018.05.30-11.20.33:711][537]LogModuleManager: Shutting down and abandoning module ProfilerService (376)
[2018.05.30-11.20.33:752][537]LogModuleManager: Shutting down and abandoning module TaskGraph (374)
[2018.05.30-11.20.33:834][537]LogModuleManager: Shutting down and abandoning module SteamVRController (372)
[2018.05.30-11.20.33:834][537]LogModuleManager: Shutting down and abandoning module ProceduralMeshComponentEditor (370)
[2018.05.30-11.20.33:834][537]LogModuleManager: Shutting down and abandoning module ProceduralMeshComponent (368)
[2018.05.30-11.20.33:872][537]LogModuleManager: Shutting down and abandoning module OculusInput (366)
[2018.05.30-11.20.33:902][537]LogModuleManager: Shutting down and abandoning module MobilePatchingUtils (364)
[2018.05.30-11.20.33:902][537]LogModuleManager: Shutting down and abandoning module CustomMeshComponent (362)
[2018.05.30-11.20.33:902][537]LogModuleManager: Shutting down and abandoning module CableComponent (360)
[2018.05.30-11.20.33:927][537]LogModuleManager: Shutting down and abandoning module AudioCapture (358)
[2018.05.30-11.20.33:927][537]LogModuleManager: Shutting down and abandoning module ArchVisCharacter (356)
[2018.05.30-11.20.33:927][537]LogModuleManager: Shutting down and abandoning module AndroidPermission (354)
[2018.05.30-11.20.33:927][537]LogModuleManager: Shutting down and abandoning module NUTUnrealEngine4 (350)
[2018.05.30-11.20.33:927][537]LogModuleManager: Shutting down and abandoning module NetcodeUnitTest (348)
[2018.05.30-11.20.34:056][537]LogModuleManager: Shutting down and abandoning module MediaCompositingEditor (346)
[2018.05.30-11.20.34:074][537]LogModuleManager: Shutting down and abandoning module MediaCompositing (344)
[2018.05.30-11.20.34:074][537]LogModuleManager: Shutting down and abandoning module LinearTimecode (342)
[2018.05.30-11.20.34:074][537]LogModuleManager: Shutting down and abandoning module ImgMedia (340)
[2018.05.30-11.20.34:126][537]LogModuleManager: Shutting down and abandoning module HTML5Networking (338)
[2018.05.30-11.20.34:126][537]LogModuleManager: Shutting down and abandoning module AlembicImporter (336)
[2018.05.30-11.20.34:152][537]LogModuleManager: Shutting down and abandoning module AlembicLibrary (335)
[2018.05.30-11.20.34:175][537]LogModuleManager: Shutting down and abandoning module GeometryCache (334)
[2018.05.30-11.20.34:175][537]LogModuleManager: Shutting down and abandoning module GeometryCacheEd (333)
[2018.05.30-11.20.34:175][537]LogModuleManager: Shutting down and abandoning module DatasmithContent (328)
[2018.05.30-11.20.34:175][537]LogModuleManager: Shutting down and abandoning module SpeedTreeImporter (326)
[2018.05.30-11.20.34:175][537]LogModuleManager: Shutting down and abandoning module PluginBrowser (324)
[2018.05.30-11.20.34:403][537]LogModuleManager: Shutting down and abandoning module MobileLauncherProfileWizard (322)
[2018.05.30-11.20.34:486][537]LogModuleManager: Shutting down and abandoning module CryptoKeysOpenSSL (320)
[2018.05.30-11.20.34:524][537]LogModuleManager: Shutting down and abandoning module CryptoKeys (318)
[2018.05.30-11.20.34:524][537]LogModuleManager: Shutting down and abandoning module VisualStudioSourceCodeAccess (316)
[2018.05.30-11.20.34:524][537]LogModuleManager: Shutting down and abandoning module VisualStudioCodeSourceCodeAccess (314)
[2018.05.30-11.20.34:524][537]LogModuleManager: Shutting down and abandoning module UObjectPlugin (312)
[2018.05.30-11.20.34:524][537]LogModuleManager: Shutting down and abandoning module SubversionSourceControl (310)
[2018.05.30-11.20.34:641][537]LogModuleManager: Shutting down and abandoning module PerforceSourceControl (308)
[2018.05.30-11.20.34:789][537]LogModuleManager: Shutting down and abandoning module GitSourceControl (306)
[2018.05.30-11.20.34:885][537]LogModuleManager: Shutting down and abandoning module SourceControl (305)
[2018.05.30-11.20.34:918][537]LogModuleManager: Shutting down and abandoning module CLionSourceCodeAccess (302)
[2018.05.30-11.20.34:962][537]LogModuleManager: Shutting down and abandoning module LightPropagationVolumeEditor (300)
[2018.05.30-11.20.34:962][537]LogModuleManager: Shutting down and abandoning module PaperTiledImporter (298)
[2018.05.30-11.20.34:962][537]LogModuleManager: Shutting down and abandoning module PaperSpriteSheetImporter (296)
[2018.05.30-11.20.34:962][537]LogModuleManager: Shutting down and abandoning module Paper2DEditor (294)
[2018.05.30-11.20.35:290][537]LogModuleManager: Shutting down and abandoning module MeshPaint (293)
[2018.05.30-11.20.35:368][537]LogModuleManager: Shutting down and abandoning module RuntimePhysXCooking (288)
[2018.05.30-11.20.35:368][537]LogModuleManager: Shutting down and abandoning module PhysXVehiclesEditor (286)
[2018.05.30-11.20.35:424][537]LogModuleManager: Shutting down and abandoning module PhysXVehicles (284)
[2018.05.30-11.20.35:424][537]LogModuleManager: Shutting down and abandoning module OculusEditor (282)
[2018.05.30-11.20.35:424][537]LogModuleManager: Shutting down and abandoning module LocationServicesBPLibrary (280)
[2018.05.30-11.20.35:424][537]LogModuleManager: Shutting down and abandoning module ImmediatePhysicsEditor (278)
[2018.05.30-11.20.35:424][537]LogModuleManager: Shutting down and abandoning module ImmediatePhysics (276)
[2018.05.30-11.20.35:479][537]LogModuleManager: Shutting down and abandoning module ActorSequence (274)
[2018.05.30-11.20.35:479][537]LogModuleManager: Shutting down and abandoning module UdpMessaging (272)
[2018.05.30-11.20.35:605][537]LogModuleManager: Shutting down and abandoning module TcpMessaging (270)
[2018.05.30-11.20.35:822][537]LogModuleManager: Shutting down and abandoning module GameplayTagsEditor (268)
[2018.05.30-11.20.35:830][537]LogModuleManager: Shutting down and abandoning module FacialAnimationEditor (266)
[2018.05.30-11.20.35:839][537]LogModuleManager: Shutting down and abandoning module FacialAnimation (264)
[2018.05.30-11.20.35:839][537]LogModuleManager: Shutting down and abandoning module DataValidation (262)
[2018.05.30-11.20.35:846][537]LogModuleManager: Shutting down and abandoning module AssetManagerEditor (260)
[2018.05.30-11.20.35:944][537]LogModuleManager: Shutting down and abandoning module LevelEditor (259)
[2018.05.30-11.20.36:117][537]LogModuleManager: Shutting down and abandoning module PixelInspectorModule (258)
[2018.05.30-11.20.36:183][537]LogModuleManager: Shutting down and abandoning module CommonMenuExtensions (256)
[2018.05.30-11.20.36:199][537]LogModuleManager: Shutting down and abandoning module MainFrame (254)
[2018.05.30-11.20.36:199][537]LogModuleManager: Shutting down and abandoning module HotReload (253)
[2018.05.30-11.20.36:199][537]LogDirectoryWatcher: A directory notification for 'D:/bewijzenmap/P2.4/IDP/InputOutput/InputOutput/Binaries/Win64' was aborted.
[2018.05.30-11.20.36:242][537]LogModuleManager: Shutting down and abandoning module ContentBrowser (249)
[2018.05.30-11.20.36:280][537]LogModuleManager: Shutting down and abandoning module TreeMap (247)
[2018.05.30-11.20.36:300][537]LogModuleManager: Shutting down and abandoning module LightPropagationVolumeRuntime (244)
[2018.05.30-11.20.36:300][537]LogModuleManager: Shutting down and abandoning module LiveLinkEditor (242)
[2018.05.30-11.20.36:416][537]LogModuleManager: Shutting down and abandoning module LiveLink (240)
[2018.05.30-11.20.36:519][537]LogModuleManager: Shutting down and abandoning module Paper2D (238)
[2018.05.30-11.20.36:552][537]LogModuleManager: Shutting down and abandoning module WindowsMoviePlayer (236)
[2018.05.30-11.20.36:624][537]LogModuleManager: Shutting down and abandoning module WmfMedia (234)
[2018.05.30-11.20.36:942][537]LogModuleManager: Shutting down and abandoning module Media (233)
[2018.05.30-11.20.36:950][537]LogModuleManager: Shutting down and abandoning module PacketHandler (230)
[2018.05.30-11.20.36:950][537]LogModuleManager: Shutting down and abandoning module ClothingSystemEditor (228)
[2018.05.30-11.20.36:982][537]LogModuleManager: Shutting down and abandoning module ClothingSystemRuntime (226)
[2018.05.30-11.20.37:289][537]LogModuleManager: Shutting down and abandoning module MediaAssets (224)
[2018.05.30-11.20.37:289][537]LogModuleManager: Shutting down and abandoning module Overlay (222)
[2018.05.30-11.20.37:289][537]LogModuleManager: Shutting down and abandoning module OverlayEditor (221)
[2018.05.30-11.20.37:289][537]LogModuleManager: Shutting down and abandoning module VREditor (218)
[2018.05.30-11.20.37:441][537]LogModuleManager: Shutting down and abandoning module StringTableEditor (216)
[2018.05.30-11.20.37:660][537]LogModuleManager: Shutting down and abandoning module GameplayTasksEditor (214)
[2018.05.30-11.20.37:660][537]LogModuleManager: Shutting down and abandoning module BehaviorTreeEditor (212)
[2018.05.30-11.20.38:435][537]LogModuleManager: Shutting down and abandoning module FunctionalTesting (210)
[2018.05.30-11.20.38:488][537]LogModuleManager: Shutting down and abandoning module CollisionAnalyzer (208)
[2018.05.30-11.20.39:569][537]LogModuleManager: Shutting down and abandoning module WorkspaceMenuStructure (207)
[2018.05.30-11.20.39:569][537]LogModuleManager: Shutting down and abandoning module UMG (204)
[2018.05.30-11.20.39:964][537]LogModuleManager: Shutting down and abandoning module UMGEditor (203)
[2018.05.30-11.20.40:882][537]LogModuleManager: Shutting down and abandoning module Sequencer (202)
[2018.05.30-11.20.42:941][537]LogModuleManager: Shutting down and abandoning module MessageLog (199)
[2018.05.30-11.20.42:941][537]LogModuleManager: Shutting down and abandoning module SlateReflector (194)
[2018.05.30-11.20.43:889][537]LogModuleManager: Shutting down and abandoning module Slate (192)
[2018.05.30-11.20.43:889][537]LogModuleManager: Shutting down and abandoning module EditorStyle (190)
[2018.05.30-11.20.45:048][537]LogModuleManager: Shutting down and abandoning module MRMesh (188)
[2018.05.30-11.20.45:049][537]LogModuleManager: Shutting down and abandoning module SourceCodeAccess (186)
[2018.05.30-11.20.45:255][537]LogModuleManager: Shutting down and abandoning module HeadMountedDisplay (184)
[2018.05.30-11.20.45:284][537]LogModuleManager: Shutting down and abandoning module XAudio2 (182)
[2018.05.30-11.20.45:284][537]LogModuleManager: Shutting down and abandoning module Networking (180)
[2018.05.30-11.20.45:284][537]LogModuleManager: Shutting down and abandoning module Core (178)
[2018.05.30-11.20.45:284][537]LogModuleManager: Shutting down and abandoning module LevelSequence (176)
[2018.05.30-11.20.45:433][537]LogModuleManager: Shutting down and abandoning module KismetCompiler (174)
[2018.05.30-11.20.46:033][537]LogModuleManager: Shutting down and abandoning module MeshUtilities (172)
[2018.05.30-11.20.46:773][537]LogModuleManager: Shutting down and abandoning module MeshMergeUtilities (171)
[2018.05.30-11.20.47:165][537]LogModuleManager: Shutting down and abandoning module MeshReductionInterface (170)
[2018.05.30-11.20.47:208][537]LogModuleManager: Shutting down and abandoning module SimplygonSwarm (169)
[2018.05.30-11.20.47:265][537]LogModuleManager: Shutting down and abandoning module SimplygonMeshReduction (167)
[2018.05.30-11.20.47:373][537]LogModuleManager: Shutting down and abandoning module QuadricMeshReduction (165)
[2018.05.30-11.20.47:385][537]LogModuleManager: Shutting down and abandoning module MaterialBaking (161)
[2018.05.30-11.20.47:441][537]LogModuleManager: Shutting down and abandoning module DirectoryWatcher (157)
[2018.05.30-11.20.47:452][537]LogModuleManager: Shutting down and abandoning module DerivedDataCache (154)
[2018.05.30-11.20.47:572][537]LogDerivedDataCache: Shutdown
[2018.05.30-11.20.47:572][537]LogModuleManager: Shutting down and abandoning module XGEController (152)
[2018.05.30-11.20.47:634][537]LogXGEController: Cleaning working directory: C:/Users/Boyd smit/AppData/Local/Temp/UnrealXGEWorkingDir/
[2018.05.30-11.20.47:634][537]LogModuleManager: Shutting down and abandoning module TargetPlatform (150)
[2018.05.30-11.20.47:634][537]LogModuleManager: Shutting down and abandoning module VulkanShaderFormat (149)
[2018.05.30-11.20.47:674][537]LogModuleManager: Shutting down and abandoning module ShaderFormatVectorVM (147)
[2018.05.30-11.20.47:703][537]LogModuleManager: Shutting down and abandoning module ShaderFormatOpenGL (145)
[2018.05.30-11.20.47:728][537]LogModuleManager: Shutting down and abandoning module ShaderFormatD3D (143)
[2018.05.30-11.20.47:748][537]LogModuleManager: Shutting down and abandoning module MetalShaderFormat (141)
[2018.05.30-11.20.47:802][537]LogModuleManager: Shutting down and abandoning module TextureFormatUncompressed (139)
[2018.05.30-11.20.47:818][537]LogModuleManager: Shutting down and abandoning module TextureFormatPVR (137)
[2018.05.30-11.20.47:863][537]LogModuleManager: Shutting down and abandoning module TextureFormatDXT (135)
[2018.05.30-11.20.47:893][537]LogModuleManager: Shutting down and abandoning module TextureFormatIntelISPCTexComp (133)
[2018.05.30-11.20.48:046][537]LogModuleManager: Shutting down and abandoning module TextureFormatASTC (131)
[2018.05.30-11.20.48:081][537]LogModuleManager: Shutting down and abandoning module ImageWrapper (130)
[2018.05.30-11.20.48:081][537]LogModuleManager: Shutting down and abandoning module TextureFormatAndroid (127)
[2018.05.30-11.20.48:123][537]LogModuleManager: Shutting down and abandoning module AudioFormatOpus (125)
[2018.05.30-11.20.48:145][537]LogModuleManager: Shutting down and abandoning module AudioFormatOgg (123)
[2018.05.30-11.20.48:160][537]LogModuleManager: Shutting down and abandoning module AudioFormatADPCM (121)
[2018.05.30-11.20.48:180][537]LogModuleManager: Shutting down and abandoning module LinuxTargetPlatform (119)
[2018.05.30-11.20.48:180][537]LogModuleManager: Shutting down and abandoning module LinuxServerTargetPlatform (117)
[2018.05.30-11.20.48:208][537]LogModuleManager: Shutting down and abandoning module LinuxNoEditorTargetPlatform (115)
[2018.05.30-11.20.48:231][537]LogModuleManager: Shutting down and abandoning module LinuxClientTargetPlatform (113)
[2018.05.30-11.20.48:261][537]LogModuleManager: Shutting down and abandoning module TVOSTargetPlatform (111)
[2018.05.30-11.20.48:290][537]LogModuleManager: Shutting down and abandoning module Messaging (109)
[2018.05.30-11.20.48:290][537]LogModuleManager: Shutting down and abandoning module IOSTargetPlatform (107)
[2018.05.30-11.20.48:290][537]LogModuleManager: Shutting down and abandoning module HTML5TargetPlatform (105)
[2018.05.30-11.20.48:322][537]LogModuleManager: Shutting down and abandoning module AndroidTargetPlatform (103)
[2018.05.30-11.20.48:323][537]LogModuleManager: Shutting down and abandoning module Android_PVRTCTargetPlatform (101)
[2018.05.30-11.20.48:323][537]LogModuleManager: Shutting down and abandoning module Android_MultiTargetPlatform (99)
[2018.05.30-11.20.48:323][537]LogModuleManager: Shutting down and abandoning module Android_ETC2TargetPlatform (97)
[2018.05.30-11.20.48:323][537]LogModuleManager: Shutting down and abandoning module Android_ETC1TargetPlatform (95)
[2018.05.30-11.20.48:323][537]LogModuleManager: Shutting down and abandoning module Android_ETC1aTargetPlatform (93)
[2018.05.30-11.20.48:323][537]LogModuleManager: Shutting down and abandoning module Android_DXTTargetPlatform (91)
[2018.05.30-11.20.48:323][537]LogModuleManager: Shutting down and abandoning module Android_ATCTargetPlatform (89)
[2018.05.30-11.20.48:323][537]LogModuleManager: Shutting down and abandoning module Android_ASTCTargetPlatform (87)
[2018.05.30-11.20.48:323][537]LogModuleManager: Shutting down and abandoning module WindowsTargetPlatform (85)
[2018.05.30-11.20.48:323][537]LogModuleManager: Shutting down and abandoning module WindowsServerTargetPlatform (83)
[2018.05.30-11.20.48:346][537]LogModuleManager: Shutting down and abandoning module WindowsNoEditorTargetPlatform (81)
[2018.05.30-11.20.48:365][537]LogModuleManager: Shutting down and abandoning module WindowsClientTargetPlatform (79)
[2018.05.30-11.20.48:380][537]LogModuleManager: Shutting down and abandoning module MacTargetPlatform (77)
[2018.05.30-11.20.48:380][537]LogModuleManager: Shutting down and abandoning module MacServerTargetPlatform (75)
[2018.05.30-11.20.48:405][537]LogModuleManager: Shutting down and abandoning module MacNoEditorTargetPlatform (73)
[2018.05.30-11.20.48:448][537]LogModuleManager: Shutting down and abandoning module MacClientTargetPlatform (71)
[2018.05.30-11.20.48:469][537]LogModuleManager: Shutting down and abandoning module AllDesktopTargetPlatform (69)
[2018.05.30-11.20.48:469][537]LogModuleManager: Shutting down and abandoning module InputCore (66)
[2018.05.30-11.20.48:469][537]LogModuleManager: Shutting down and abandoning module Settings (64)
[2018.05.30-11.20.48:469][537]LogModuleManager: Shutting down and abandoning module PhysXCooking (62)
[2018.05.30-11.20.48:469][537]LogModuleManager: Shutting down and abandoning module SteamVR (60)
[2018.05.30-11.20.48:488][537]LogModuleManager: Shutting down and abandoning module OculusHMD (58)
[2018.05.30-11.20.48:549][537]LogModuleManager: Shutting down and abandoning module ExampleDeviceProfileSelector (56)
[2018.05.30-11.20.48:549][537]LogModuleManager: Shutting down and abandoning module AppleARKit (54)
[2018.05.30-11.20.48:549][537]LogModuleManager: Shutting down and abandoning module AugmentedReality (51)
[2018.05.30-11.20.48:549][537]LogModuleManager: Shutting down and abandoning module OnlineBlueprintSupport (48)
[2018.05.30-11.20.48:549][537]LogModuleManager: Shutting down and abandoning module OnlineSubsystem (44)
[2018.05.30-11.20.48:887][537]LogModuleManager: Shutting down and abandoning module XMPP (43)
[2018.05.30-11.20.48:990][537]LogModuleManager: Shutting down and abandoning module HTTP (41)
[2018.05.30-11.20.49:015][537]LogHttp: Display: Http module shutting down, but needs to wait on 1 outstanding Http requests:
[2018.05.30-11.20.49:015][537]LogHttp: Display: 	verb=[POST] url=[https://datarouter.ol.epicgames.com/datarouter/api/v1/public/data?SessionID=%7BEAF6A50C-416E-E8EC-A5D2-30B31F17A7B9%7D&AppID=UEEditor.Rocket.Release&AppVersion=4.19.2-4033788%2B%2B%2BUE4%2BRelease-4.19&UserID=570a2d264ebe2af9e846e980e24d8fa4%7C6fe18463dd374d0e9343a82a5f746790%7C3b712672-1e42-47f5-8841-254b17f641d1&AppEnvironment=datacollector-binary&UploadType=eteventstream] status=Processing
[2018.05.30-11.20.49:267][537]LogModuleManager: Shutting down and abandoning module SSL (40)
[2018.05.30-11.20.49:352][537]LogModuleManager: Shutting down and abandoning module AnimationModifiers (36)
[2018.05.30-11.20.49:404][537]LogModuleManager: Shutting down and abandoning module PropertyEditor (35)
[2018.05.30-11.20.49:564][537]LogModuleManager: Shutting down and abandoning module AudioEditor (32)
[2018.05.30-11.20.49:672][537]LogModuleManager: Shutting down and abandoning module TextureCompressor (30)
[2018.05.30-11.20.49:738][537]LogModuleManager: Shutting down and abandoning module ShaderCore (28)
[2018.05.30-11.20.49:738][537]LogModuleManager: Shutting down and abandoning module Landscape (26)
[2018.05.30-11.20.49:758][537]LogModuleManager: Shutting down and abandoning module SlateRHIRenderer (24)
[2018.05.30-11.20.49:934][537]LogModuleManager: Shutting down and abandoning module OpenGLDrv (22)
[2018.05.30-11.20.50:012][537]LogModuleManager: Shutting down and abandoning module D3D11RHI (20)
[2018.05.30-11.20.50:012][537]LogModuleManager: Shutting down and abandoning module AnimGraphRuntime (18)
[2018.05.30-11.20.50:065][537]LogModuleManager: Shutting down and abandoning module Renderer (16)
[2018.05.30-11.20.50:065][537]LogModuleManager: Shutting down and abandoning module Engine (14)
[2018.05.30-11.20.50:109][537]LogModuleManager: Shutting down and abandoning module CoreUObject (12)
[2018.05.30-11.20.50:109][537]LogModuleManager: Shutting down and abandoning module NetworkFile (10)
[2018.05.30-11.20.50:120][537]LogModuleManager: Shutting down and abandoning module CookedIterativeFile (8)
[2018.05.30-11.20.50:120][537]LogModuleManager: Shutting down and abandoning module StreamingFile (6)
[2018.05.30-11.20.50:138][537]LogModuleManager: Shutting down and abandoning module SandboxFile (4)
[2018.05.30-11.20.50:158][537]LogModuleManager: Shutting down and abandoning module PakFile (2)
[2018.05.30-11.20.50:286][537]LogExit: Exiting.
[2018.05.30-11.20.50:369][537]Log file closed, 05/30/18 13:20:50
