Log file open, 05/28/18 08:41:57
LogWindows: Failed to load 'aqProf.dll' (GetLastError=126)
LogWindows: File 'aqProf.dll' does not exist
LogWindows: Failed to load 'VtuneApi.dll' (GetLastError=126)
LogWindows: File 'VtuneApi.dll' does not exist
LogWindows: Failed to load 'VtuneApi32e.dll' (GetLastError=126)
LogWindows: File 'VtuneApi32e.dll' does not exist
LogInit: Display: Running engine for game: InputOutput
LogPlatformFile: Not using cached read wrapper
LogInit: Display: RandInit(472062582) SRandInit(472062582).
LogInit: Read version file with build ID '3944462'
LogInit: Overriding engine version to CL 4033788, compatible CL 3944462
LogInit: Registered custom module enumerator with build ID '3944462'
LogTaskGraph: Started task graph with 5 named threads and 23 total threads with 3 sets of task threads.
LogStats: Stats thread started at 0.464721
LogD3D11RHI: Aftermath initialized
LogICUInternationalization: Display: ICU TimeZone Detection - Raw Offset: +1:00, Platform Override: ''
LogPluginManager: Mounting plugin Paper2D
LogPluginManager: Mounting plugin LiveLink
LogPluginManager: Mounting plugin LightPropagationVolume
LogPluginManager: Mounting plugin CLionSourceCodeAccess
LogPluginManager: Mounting plugin CodeLiteSourceCodeAccess
LogPluginManager: Mounting plugin GitSourceControl
LogPluginManager: Mounting plugin KDevelopSourceCodeAccess
LogPluginManager: Mounting plugin NullSourceCodeAccess
LogPluginManager: Mounting plugin PerforceSourceControl
LogPluginManager: Mounting plugin SubversionSourceControl
LogPluginManager: Mounting plugin UObjectPlugin
LogPluginManager: Mounting plugin VisualStudioCodeSourceCodeAccess
LogPluginManager: Mounting plugin VisualStudioSourceCodeAccess
LogPluginManager: Mounting plugin XCodeSourceCodeAccess
LogPluginManager: Mounting plugin AssetManagerEditor
LogPluginManager: Mounting plugin CryptoKeys
LogPluginManager: Mounting plugin DataValidation
LogPluginManager: Mounting plugin FacialAnimation
LogPluginManager: Mounting plugin GameplayTagsEditor
LogPluginManager: Mounting plugin MobileLauncherProfileWizard
LogPluginManager: Mounting plugin PluginBrowser
LogPluginManager: Mounting plugin SpeedTreeImporter
LogPluginManager: Mounting plugin DatasmithContent
LogPluginManager: Mounting plugin AlembicImporter
LogPluginManager: Mounting plugin CharacterAI
LogPluginManager: Mounting plugin HTML5Networking
LogPluginManager: Mounting plugin AndroidMedia
LogPluginManager: Mounting plugin AvfMedia
LogPluginManager: Mounting plugin ImgMedia
LogPluginManager: Mounting plugin LinearTimecode
LogPluginManager: Mounting plugin MediaCompositing
LogPluginManager: Mounting plugin MediaPlayerEditor
LogPluginManager: Mounting plugin WmfMedia
LogPluginManager: Mounting plugin TcpMessaging
LogPluginManager: Mounting plugin UdpMessaging
LogPluginManager: Mounting plugin ActorSequence
LogPluginManager: Mounting plugin LevelSequenceEditor
LogPluginManager: Mounting plugin MatineeToLevelSequence
LogPluginManager: Mounting plugin NetcodeUnitTest
LogPluginManager: Mounting plugin NUTUnrealEngine4
LogPluginManager: Mounting plugin OnlineSubsystemGooglePlay
LogPluginManager: Mounting plugin OnlineSubsystemIOS
LogPluginManager: Mounting plugin OnlineSubsystem
LogPluginManager: Mounting plugin OnlineSubsystemNull
LogPluginManager: Mounting plugin OnlineSubsystemUtils
LogPluginManager: Mounting plugin AndroidDeviceProfileSelector
LogPluginManager: Mounting plugin AndroidMoviePlayer
LogPluginManager: Mounting plugin AndroidPermission
LogPluginManager: Mounting plugin AppleARKit
LogPluginManager: Mounting plugin AppleMoviePlayer
LogPluginManager: Mounting plugin ArchVisCharacter
LogPluginManager: Mounting plugin AudioCapture
LogPluginManager: Mounting plugin CableComponent
LogPluginManager: Mounting plugin CustomMeshComponent
LogPluginManager: Mounting plugin ExampleDeviceProfileSelector
LogPluginManager: Mounting plugin GoogleCloudMessaging
LogPluginManager: Mounting plugin ImmediatePhysics
LogPluginManager: Mounting plugin IOSDeviceProfileSelector
LogPluginManager: Mounting plugin LinuxDeviceProfileSelector
LogPluginManager: Mounting plugin LocationServicesBPLibrary
LogPluginManager: Mounting plugin MobilePatchingUtils
LogPluginManager: Mounting plugin OculusVR
LogPluginManager: Plugin shader directory ../../../Engine/Plugins/Runtime/Oculus/OculusVR/Shaders found
LogPluginManager: Mapping shader source directory ../../../Engine/Plugins/Runtime/Oculus/OculusVR/Shaders to virtual directory /Plugin/OculusVR
LogPluginManager: Mounting plugin PhysXVehicles
LogPluginManager: Mounting plugin ProceduralMeshComponent
LogPluginManager: Mounting plugin RuntimePhysXCooking
LogPluginManager: Mounting plugin SteamVR
LogPluginManager: Mounting plugin WindowsMoviePlayer
LogStreaming: Display: Took  0.307s to configure plugins.
LogModuleManager: Display: Found up-to-date module file ../../../../../bewijzenmap/P2.4/IDP/InputOutput/InputOutput/Binaries/Win64/UE4Editor-InputOutput-2984.dll (API version 3944462).
LogModuleManager: Display: Found up-to-date module file ../../../Engine/Plugins/2D/Paper2D/Binaries/Win64/UE4Editor-Paper2D.dll (API version 3944462).
LogModuleManager: Display: Found up-to-date module file ../../../Engine/Plugins/2D/Paper2D/Binaries/Win64/UE4Editor-Paper2DEditor.dll (API version 3944462).
LogModuleManager: Display: Found up-to-date module file ../../../Engine/Plugins/2D/Paper2D/Binaries/Win64/UE4Editor-PaperSpriteSheetImporter.dll (API version 3944462).
LogModuleManager: Display: Found up-to-date module file ../../../Engine/Plugins/2D/Paper2D/Binaries/Win64/UE4Editor-PaperTiledImporter.dll (API version 3944462).
LogModuleManager: Display: Found up-to-date module file ../../../Engine/Plugins/2D/Paper2D/Binaries/Win64/UE4Editor-SmartSnapping.dll (API version 3944462).
LogModuleManager: Display: Found up-to-date module file ../../../Engine/Plugins/Animation/LiveLink/Binaries/Win64/UE4Editor-LiveLink.dll (API version 3944462).
LogModuleManager: Display: Found up-to-date module file ../../../Engine/Plugins/Animation/LiveLink/Binaries/Win64/UE4Editor-LiveLinkEditor.dll (API version 3944462).
LogModuleManager: Display: Found up-to-date module file ../../../Engine/Plugins/Blendables/LightPropagationVolume/Binaries/Win64/UE4Editor-LightPropagationVolumeRuntime.dll (API version 3944462).
LogModuleManager: Display: Found up-to-date module file ../../../Engine/Plugins/Blendables/LightPropagationVolume/Binaries/Win64/UE4Editor-LightPropagationVolumeEditor.dll (API version 3944462).
LogModuleManager: Display: Found up-to-date module file ../../../Engine/Plugins/Developer/CLionSourceCodeAccess/Binaries/Win64/UE4Editor-CLionSourceCodeAccess.dll (API version 3944462).
LogModuleManager: Display: Found up-to-date module file ../../../Engine/Plugins/Developer/GitSourceControl/Binaries/Win64/UE4Editor-GitSourceControl.dll (API version 3944462).
LogModuleManager: Display: Found up-to-date module file ../../../Engine/Plugins/Developer/PerforceSourceControl/Binaries/Win64/UE4Editor-PerforceSourceControl.dll (API version 3944462).
LogModuleManager: Display: Found up-to-date module file ../../../Engine/Plugins/Developer/SubversionSourceControl/Binaries/Win64/UE4Editor-SubversionSourceControl.dll (API version 3944462).
LogModuleManager: Display: Found up-to-date module file ../../../Engine/Plugins/Developer/UObjectPlugin/Binaries/Win64/UE4Editor-UObjectPlugin.dll (API version 3944462).
LogModuleManager: Display: Found up-to-date module file ../../../Engine/Plugins/Developer/VisualStudioCodeSourceCodeAccess/Binaries/Win64/UE4Editor-VisualStudioCodeSourceCodeAccess.dll (API version 3944462).
LogModuleManager: Display: Found up-to-date module file ../../../Engine/Plugins/Developer/VisualStudioSourceCodeAccess/Binaries/Win64/UE4Editor-VisualStudioSourceCodeAccess.dll (API version 3944462).
LogModuleManager: Display: Found up-to-date module file ../../../Engine/Plugins/Editor/AssetManagerEditor/Binaries/Win64/UE4Editor-AssetManagerEditor.dll (API version 3944462).
LogModuleManager: Display: Found up-to-date module file ../../../Engine/Plugins/Editor/CryptoKeys/Binaries/Win64/UE4Editor-CryptoKeys.dll (API version 3944462).
LogModuleManager: Display: Found up-to-date module file ../../../Engine/Plugins/Editor/CryptoKeys/Binaries/Win64/UE4Editor-CryptoKeysOpenSSL.dll (API version 3944462).
LogModuleManager: Display: Found up-to-date module file ../../../Engine/Plugins/Editor/DataValidation/Binaries/Win64/UE4Editor-DataValidation.dll (API version 3944462).
LogModuleManager: Display: Found up-to-date module file ../../../Engine/Plugins/Editor/FacialAnimation/Binaries/Win64/UE4Editor-FacialAnimation.dll (API version 3944462).
LogModuleManager: Display: Found up-to-date module file ../../../Engine/Plugins/Editor/FacialAnimation/Binaries/Win64/UE4Editor-FacialAnimationEditor.dll (API version 3944462).
LogModuleManager: Display: Found up-to-date module file ../../../Engine/Plugins/Editor/GameplayTagsEditor/Binaries/Win64/UE4Editor-GameplayTagsEditor.dll (API version 3944462).
LogModuleManager: Display: Found up-to-date module file ../../../Engine/Plugins/Editor/MobileLauncherProfileWizard/Binaries/Win64/UE4Editor-MobileLauncherProfileWizard.dll (API version 3944462).
LogModuleManager: Display: Found up-to-date module file ../../../Engine/Plugins/Editor/PluginBrowser/Binaries/Win64/UE4Editor-PluginBrowser.dll (API version 3944462).
LogModuleManager: Display: Found up-to-date module file ../../../Engine/Plugins/Editor/SpeedTreeImporter/Binaries/Win64/UE4Editor-SpeedTreeImporter.dll (API version 3944462).
LogModuleManager: Display: Found up-to-date module file ../../../Engine/Plugins/Enterprise/DatasmithContent/Binaries/Win64/UE4Editor-DatasmithContent.dll (API version 3944462).
LogModuleManager: Display: Found up-to-date module file ../../../Engine/Plugins/Experimental/AlembicImporter/Binaries/Win64/UE4Editor-AlembicImporter.dll (API version 3944462).
LogModuleManager: Display: Found up-to-date module file ../../../Engine/Plugins/Experimental/AlembicImporter/Binaries/Win64/UE4Editor-AlembicLibrary.dll (API version 3944462).
LogModuleManager: Display: Found up-to-date module file ../../../Engine/Plugins/Experimental/CharacterAI/Binaries/Win64/UE4Editor-CharacterAI.dll (API version 3944462).
LogModuleManager: Display: Found up-to-date module file ../../../Engine/Plugins/Experimental/HTML5Networking/Binaries/Win64/UE4Editor-HTML5Networking.dll (API version 3944462).
LogModuleManager: Display: Found up-to-date module file ../../../Engine/Plugins/Media/AndroidMedia/Binaries/Win64/UE4Editor-AndroidMediaEditor.dll (API version 3944462).
LogModuleManager: Display: Found up-to-date module file ../../../Engine/Plugins/Media/AndroidMedia/Binaries/Win64/UE4Editor-AndroidMediaFactory.dll (API version 3944462).
LogModuleManager: Display: Found up-to-date module file ../../../Engine/Plugins/Media/AvfMedia/Binaries/Win64/UE4Editor-AvfMediaEditor.dll (API version 3944462).
LogModuleManager: Display: Found up-to-date module file ../../../Engine/Plugins/Media/AvfMedia/Binaries/Win64/UE4Editor-AvfMediaFactory.dll (API version 3944462).
LogModuleManager: Display: Found up-to-date module file ../../../Engine/Plugins/Media/AvfMedia/Binaries/Win64/UE4Editor-AvfMediaFactory.dll (API version 3944462).
LogModuleManager: Display: Found up-to-date module file ../../../Engine/Plugins/Media/ImgMedia/Binaries/Win64/UE4Editor-ImgMedia.dll (API version 3944462).
LogModuleManager: Display: Found up-to-date module file ../../../Engine/Plugins/Media/ImgMedia/Binaries/Win64/UE4Editor-ImgMediaEditor.dll (API version 3944462).
LogModuleManager: Display: Found up-to-date module file ../../../Engine/Plugins/Media/ImgMedia/Binaries/Win64/UE4Editor-ImgMediaFactory.dll (API version 3944462).
LogModuleManager: Display: Found up-to-date module file ../../../Engine/Plugins/Media/ImgMedia/Binaries/Win64/UE4Editor-ImgMediaFactory.dll (API version 3944462).
LogModuleManager: Display: Found up-to-date module file ../../../Engine/Plugins/Media/ImgMedia/Binaries/Win64/UE4Editor-OpenExrWrapper.dll (API version 3944462).
LogModuleManager: Display: Found up-to-date module file ../../../Engine/Plugins/Media/LinearTimecode/Binaries/Win64/UE4Editor-LinearTimecode.dll (API version 3944462).
LogModuleManager: Display: Found up-to-date module file ../../../Engine/Plugins/Media/MediaCompositing/Binaries/Win64/UE4Editor-MediaCompositing.dll (API version 3944462).
LogModuleManager: Display: Found up-to-date module file ../../../Engine/Plugins/Media/MediaCompositing/Binaries/Win64/UE4Editor-MediaCompositingEditor.dll (API version 3944462).
LogModuleManager: Display: Found up-to-date module file ../../../Engine/Plugins/Media/MediaPlayerEditor/Binaries/Win64/UE4Editor-MediaPlayerEditor.dll (API version 3944462).
LogModuleManager: Display: Found up-to-date module file ../../../Engine/Plugins/Media/WmfMedia/Binaries/Win64/UE4Editor-WmfMedia.dll (API version 3944462).
LogModuleManager: Display: Found up-to-date module file ../../../Engine/Plugins/Media/WmfMedia/Binaries/Win64/UE4Editor-WmfMediaEditor.dll (API version 3944462).
LogModuleManager: Display: Found up-to-date module file ../../../Engine/Plugins/Media/WmfMedia/Binaries/Win64/UE4Editor-WmfMediaFactory.dll (API version 3944462).
LogModuleManager: Display: Found up-to-date module file ../../../Engine/Plugins/Media/WmfMedia/Binaries/Win64/UE4Editor-WmfMediaFactory.dll (API version 3944462).
LogModuleManager: Display: Found up-to-date module file ../../../Engine/Plugins/Messaging/TcpMessaging/Binaries/Win64/UE4Editor-TcpMessaging.dll (API version 3944462).
LogModuleManager: Display: Found up-to-date module file ../../../Engine/Plugins/Messaging/UdpMessaging/Binaries/Win64/UE4Editor-UdpMessaging.dll (API version 3944462).
LogModuleManager: Display: Found up-to-date module file ../../../Engine/Plugins/MovieScene/ActorSequence/Binaries/Win64/UE4Editor-ActorSequence.dll (API version 3944462).
LogModuleManager: Display: Found up-to-date module file ../../../Engine/Plugins/MovieScene/LevelSequenceEditor/Binaries/Win64/UE4Editor-LevelSequenceEditor.dll (API version 3944462).
LogModuleManager: Display: Found up-to-date module file ../../../Engine/Plugins/MovieScene/MatineeToLevelSequence/Binaries/Win64/UE4Editor-MatineeToLevelSequence.dll (API version 3944462).
LogModuleManager: Display: Found up-to-date module file ../../../Engine/Plugins/NetcodeUnitTest/NetcodeUnitTest/Binaries/Win64/UE4Editor-NetcodeUnitTest.dll (API version 3944462).
LogModuleManager: Display: Found up-to-date module file ../../../Engine/Plugins/NetcodeUnitTest/NUTUnrealEngine4/Binaries/Win64/UE4Editor-NUTUnrealEngine4.dll (API version 3944462).
LogModuleManager: Display: Found up-to-date module file ../../../Engine/Plugins/Online/OnlineSubsystem/Binaries/Win64/UE4Editor-OnlineSubsystem.dll (API version 3944462).
LogModuleManager: Display: Found up-to-date module file ../../../Engine/Plugins/Online/OnlineSubsystemNull/Binaries/Win64/UE4Editor-OnlineSubsystemNull.dll (API version 3944462).
LogModuleManager: Display: Found up-to-date module file ../../../Engine/Plugins/Online/OnlineSubsystemUtils/Binaries/Win64/UE4Editor-OnlineSubsystemUtils.dll (API version 3944462).
LogModuleManager: Display: Found up-to-date module file ../../../Engine/Plugins/Online/OnlineSubsystemUtils/Binaries/Win64/UE4Editor-OnlineBlueprintSupport.dll (API version 3944462).
LogModuleManager: Display: Found up-to-date module file ../../../Engine/Plugins/Runtime/AndroidDeviceProfileSelector/Binaries/Win64/UE4Editor-AndroidDeviceProfileSelector.dll (API version 3944462).
LogModuleManager: Display: Found up-to-date module file ../../../Engine/Plugins/Runtime/AndroidPermission/Binaries/Win64/UE4Editor-AndroidPermission.dll (API version 3944462).
LogModuleManager: Display: Found up-to-date module file ../../../Engine/Plugins/Runtime/AppleARKit/Binaries/Win64/UE4Editor-AppleARKit.dll (API version 3944462).
LogModuleManager: Display: Found up-to-date module file ../../../Engine/Plugins/Runtime/ArchVisCharacter/Binaries/Win64/UE4Editor-ArchVisCharacter.dll (API version 3944462).
LogModuleManager: Display: Found up-to-date module file ../../../Engine/Plugins/Runtime/AudioCapture/Binaries/Win64/UE4Editor-AudioCapture.dll (API version 3944462).
LogModuleManager: Display: Found up-to-date module file ../../../Engine/Plugins/Runtime/AudioCapture/Binaries/Win64/UE4Editor-AudioCaptureEditor.dll (API version 3944462).
LogModuleManager: Display: Found up-to-date module file ../../../Engine/Plugins/Runtime/CableComponent/Binaries/Win64/UE4Editor-CableComponent.dll (API version 3944462).
LogModuleManager: Display: Found up-to-date module file ../../../Engine/Plugins/Runtime/CustomMeshComponent/Binaries/Win64/UE4Editor-CustomMeshComponent.dll (API version 3944462).
LogModuleManager: Display: Found up-to-date module file ../../../Engine/Plugins/Runtime/ExampleDeviceProfileSelector/Binaries/Win64/UE4Editor-ExampleDeviceProfileSelector.dll (API version 3944462).
LogModuleManager: Display: Found up-to-date module file ../../../Engine/Plugins/Runtime/ImmediatePhysics/Binaries/Win64/UE4Editor-ImmediatePhysics.dll (API version 3944462).
LogModuleManager: Display: Found up-to-date module file ../../../Engine/Plugins/Runtime/ImmediatePhysics/Binaries/Win64/UE4Editor-ImmediatePhysicsEditor.dll (API version 3944462).
LogModuleManager: Display: Found up-to-date module file ../../../Engine/Plugins/Runtime/LocationServicesBPLibrary/Binaries/Win64/UE4Editor-LocationServicesBPLibrary.dll (API version 3944462).
LogModuleManager: Display: Found up-to-date module file ../../../Engine/Plugins/Runtime/MobilePatchingUtils/Binaries/Win64/UE4Editor-MobilePatchingUtils.dll (API version 3944462).
LogModuleManager: Display: Found up-to-date module file ../../../Engine/Plugins/Runtime/Oculus/OculusVR/Binaries/Win64/UE4Editor-OculusHMD.dll (API version 3944462).
LogModuleManager: Display: Found up-to-date module file ../../../Engine/Plugins/Runtime/Oculus/OculusVR/Binaries/Win64/UE4Editor-OculusInput.dll (API version 3944462).
LogModuleManager: Display: Found up-to-date module file ../../../Engine/Plugins/Runtime/Oculus/OculusVR/Binaries/Win64/UE4Editor-OculusEditor.dll (API version 3944462).
LogModuleManager: Display: Found up-to-date module file ../../../Engine/Plugins/Runtime/PhysXVehicles/Binaries/Win64/UE4Editor-PhysXVehicles.dll (API version 3944462).
LogModuleManager: Display: Found up-to-date module file ../../../Engine/Plugins/Runtime/PhysXVehicles/Binaries/Win64/UE4Editor-PhysXVehiclesEditor.dll (API version 3944462).
LogModuleManager: Display: Found up-to-date module file ../../../Engine/Plugins/Runtime/ProceduralMeshComponent/Binaries/Win64/UE4Editor-ProceduralMeshComponent.dll (API version 3944462).
LogModuleManager: Display: Found up-to-date module file ../../../Engine/Plugins/Runtime/ProceduralMeshComponent/Binaries/Win64/UE4Editor-ProceduralMeshComponentEditor.dll (API version 3944462).
LogModuleManager: Display: Found up-to-date module file ../../../Engine/Plugins/Runtime/RuntimePhysXCooking/Binaries/Win64/UE4Editor-RuntimePhysXCooking.dll (API version 3944462).
LogModuleManager: Display: Found up-to-date module file ../../../Engine/Plugins/Runtime/Steam/SteamVR/Binaries/Win64/UE4Editor-SteamVR.dll (API version 3944462).
LogModuleManager: Display: Found up-to-date module file ../../../Engine/Plugins/Runtime/Steam/SteamVR/Binaries/Win64/UE4Editor-SteamVRController.dll (API version 3944462).
LogModuleManager: Display: Found up-to-date module file ../../../Engine/Plugins/Runtime/WindowsMoviePlayer/Binaries/Win64/UE4Editor-WindowsMoviePlayer.dll (API version 3944462).
LogInit: Using libcurl 7.47.1
LogInit:  - built for x86_64-pc-win32
LogInit:  - supports SSL with OpenSSL/1.0.2g
LogInit:  - supports HTTP deflate (compression) using libz 1.2.8
LogInit:  - other features:
LogInit:      CURL_VERSION_SSL
LogInit:      CURL_VERSION_LIBZ
LogInit:      CURL_VERSION_IPV6
LogInit:      CURL_VERSION_ASYNCHDNS
LogInit:      CURL_VERSION_LARGEFILE
LogInit:      CURL_VERSION_IDN
LogInit:  CurlRequestOptions (configurable via config and command line):
LogInit:  - bVerifyPeer = false  - Libcurl will NOT verify peer certificate
LogInit:  - bUseHttpProxy = false  - Libcurl will NOT use HTTP proxy
LogInit:  - bDontReuseConnections = false  - Libcurl will reuse connections
LogInit:  - CertBundlePath = nullptr  - Libcurl will use whatever was configured at build time.
LogInit:  - MaxHostConnections = 16  - Libcurl will limit the number of connections to a host
LogInit:  - LocalHostAddr = Default
LogInit: WinSock: version 1.1 (2.2), MaxSocks=32767, MaxUdp=65467
LogInit: WinSock: I am LAPTOP-00QRHNHM (192.168.181.1:0)
LogInit: Build: ++UE4+Release-4.19-CL-4033788
LogInit: Engine Version: 4.19.2-4033788+++UE4+Release-4.19
LogInit: Compatible Engine Version: 4.19.0-3944462+++UE4+Release-4.19
LogInit: Net CL: 3944462
LogDevObjectVersion: Number of dev versions registered: 18
LogDevObjectVersion:   Dev-Blueprints (B0D832E4-1F89-4F0D-ACCF-7EB736FD4AA2): 10
LogDevObjectVersion:   Dev-Build (E1C64328-A22C-4D53-A36C-8E866417BD8C): 0
LogDevObjectVersion:   Dev-Core (375EC13C-06E4-48FB-B500-84F0262A717E): 2
LogDevObjectVersion:   Dev-Editor (E4B068ED-F494-42E9-A231-DA0B2E46BB41): 23
LogDevObjectVersion:   Dev-Framework (CFFC743F-43B0-4480-9391-14DF171D2073): 33
LogDevObjectVersion:   Dev-Mobile (B02B49B5-BB20-44E9-A304-32B752E40360): 2
LogDevObjectVersion:   Dev-Networking (A4E4105C-59A1-49B5-A7C5-40C4547EDFEE): 0
LogDevObjectVersion:   Dev-Online (39C831C9-5AE6-47DC-9A44-9C173E1C8E7C): 0
LogDevObjectVersion:   Dev-Physics (78F01B33-EBEA-4F98-B9B4-84EACCB95AA2): 0
LogDevObjectVersion:   Dev-Platform (6631380F-2D4D-43E0-8009-CF276956A95A): 0
LogDevObjectVersion:   Dev-Rendering (12F88B9F-8875-4AFC-A67C-D90C383ABD29): 25
LogDevObjectVersion:   Dev-Sequencer (7B5AE74C-D270-4C10-A958-57980B212A5A): 6
LogDevObjectVersion:   Dev-VR (D7296918-1DD6-4BDD-9DE2-64A83CC13884): 1
LogDevObjectVersion:   Dev-LoadTimes (C2A15278-BFE7-4AFE-6C17-90FF531DF755): 1
LogDevObjectVersion:   Private-Geometry (6EACA3D4-40EC-4CC1-B786-8BED09428FC5): 2
LogDevObjectVersion:   Dev-AnimPhys (29E575DD-E0A3-4627-9D10-D276232CDCEA): 16
LogDevObjectVersion:   Dev-ReflectionCapture (6B266CEC-1EC7-4B8F-A30B-E4D90942FC07): 1
LogDevObjectVersion:   Dev-Automation (0DF73D61-A23F-47EA-B727-89E90C41499A): 1
LogInit: Compiled (64-bit): Apr 27 2018 02:06:57
LogInit: Compiled with Visual C++: 19.00.24215.01
LogInit: Build Configuration: Development
LogInit: Branch Name: ++UE4+Release-4.19
LogInit: Command Line:  
LogInit: Base Directory: D:/EpicGames games/UE_4.19/Engine/Binaries/Win64/
LogInit: Installed Engine Build: 1
LogStreaming: Display: Took  0.020s to delete old logs.
LogInit: Presizing for max 8388607 objects, including 0 objects not considered by GC, pre-allocating 0 bytes for permanent pool.
LogInit: Object subsystem initialized
[2018.05.28-06.42.17:844][  0]LogInit: Selected Device Profile: [Windows]
[2018.05.28-06.42.17:844][  0]LogInit: Applying CVar settings loaded from the selected device profile: [Windows]
[2018.05.28-06.42.17:995][  0]LogConfig: Warning: Failed to saved backup for config[DeviceProfiles]
[2018.05.28-06.42.18:278][  0]LogInit: Computer: LAPTOP-00QRHNHM
[2018.05.28-06.42.18:278][  0]LogInit: User: Boydsmit
[2018.05.28-06.42.18:278][  0]LogInit: CPU Page size=4096, Cores=4
[2018.05.28-06.42.18:278][  0]LogInit: High frequency timer resolution =2.531254 MHz
[2018.05.28-06.42.18:318][  0]LogMemory: Memory total: Physical=7.8GB (8GB approx)
[2018.05.28-06.42.18:318][  0]LogMemory: Platform Memory Stats for Windows
[2018.05.28-06.42.18:318][  0]LogMemory: Process Physical Memory: 275.02 MB used, 275.02 MB peak
[2018.05.28-06.42.18:318][  0]LogMemory: Process Virtual Memory: 264.55 MB used, 264.55 MB peak
[2018.05.28-06.42.18:318][  0]LogMemory: Physical Memory: 5196.70 MB used,  2823.09 MB free, 8019.78 MB total
[2018.05.28-06.42.18:318][  0]LogMemory: Virtual Memory: 697.74 MB used,  2823.09 MB free, 134217728.00 MB total
[2018.05.28-06.42.24:259][  0]LogInit: Using OS detected language (en-US).
[2018.05.28-06.42.24:260][  0]LogInit: Using OS detected locale (en-US).
[2018.05.28-06.42.25:188][  0]LogTextLocalizationManager: No specific localization for 'en-US' exists, so the 'en' localization will be used.
[2018.05.28-06.42.29:788][  0]LogStreaming: Display: Took  5.577s to EndInitTextLocalization.
[2018.05.28-06.42.29:962][  0]LogInit: Setting process to per monitor DPI aware
[2018.05.28-06.42.33:494][  0]LogSlate: New Slate User Created.  User Index 0, Is Virtual User: 0
[2018.05.28-06.42.33:494][  0]LogSlate: Slate User Registered.  User Index 0, Is Virtual User: 0
[2018.05.28-06.42.38:996][  0]LogD3D11RHI: D3D11 adapters:
[2018.05.28-06.42.39:500][  0]LogD3D11RHI:    0. 'NVIDIA GeForce GTX 960M' (Feature Level 11_0)
[2018.05.28-06.42.39:501][  0]LogD3D11RHI:       2019/0/4009 MB DedicatedVideo/DedicatedSystem/SharedSystem, Outputs:1, VendorId:0x10de
[2018.05.28-06.42.39:593][  0]LogD3D11RHI:    1. 'Intel(R) HD Graphics 530' (Feature Level 11_0)
[2018.05.28-06.42.39:593][  0]LogD3D11RHI:       128/0/4009 MB DedicatedVideo/DedicatedSystem/SharedSystem, Outputs:0, VendorId:0x8086
[2018.05.28-06.42.39:603][  0]LogD3D11RHI:    2. 'Microsoft Basic Render Driver' (Feature Level 11_0)
[2018.05.28-06.42.39:603][  0]LogD3D11RHI:       0/0/4009 MB DedicatedVideo/DedicatedSystem/SharedSystem, Outputs:0, VendorId:0x1414
[2018.05.28-06.42.39:603][  0]LogD3D11RHI: Chosen D3D11 Adapter: 0
[2018.05.28-06.42.39:774][  0]LogD3D11RHI: Creating new Direct3DDevice
[2018.05.28-06.42.39:774][  0]LogD3D11RHI:     GPU DeviceId: 0x139b (for the marketing name, search the web for "GPU Device Id")
[2018.05.28-06.42.39:774][  0]LogWindows: EnumDisplayDevices:
[2018.05.28-06.42.39:775][  0]LogWindows:    0. 'Intel(R) HD Graphics 530' (P:1 D:1)
[2018.05.28-06.42.39:776][  0]LogWindows:    1. 'Intel(R) HD Graphics 530' (P:0 D:0)
[2018.05.28-06.42.39:777][  0]LogWindows:    2. 'Intel(R) HD Graphics 530' (P:0 D:0)
[2018.05.28-06.42.39:778][  0]LogWindows: DebugString: GetVideoDriverDetailsInvalid PrimaryIsNotTheChoosenAdapter GetVideoDriverDetailsInvalid PrimaryIsNotTheChoosenAdapter GetVideoDriverDetailsInvalid PrimaryIsNotTheChoosenAdapter FoundDriverCount:0 
[2018.05.28-06.42.39:778][  0]LogD3D11RHI:     Adapter Name: NVIDIA GeForce GTX 960M
[2018.05.28-06.42.39:778][  0]LogD3D11RHI:   Driver Version: Unknown (internal:Unknown, unified:Unknown)
[2018.05.28-06.42.39:778][  0]LogD3D11RHI:      Driver Date: Unknown
[2018.05.28-06.42.39:778][  0]LogRHI: Texture pool is 1413 MB (70% of 2019 MB)
[2018.05.28-06.42.40:019][  0]LogD3D11RHI: [Aftermath] Aftermath enabled but failed to initialize
[2018.05.28-06.42.40:020][  0]LogD3D11RHI: [Aftermath] Aftermath enabled and primed
[2018.05.28-06.42.40:020][  0]LogD3D11RHI: Async texture creation enabled
[2018.05.28-06.42.41:216][  0]LogD3D11RHI: GPU Timing Frequency: 1000.000000 (Debug: 2 1)
[2018.05.28-06.42.41:611][  0]LogShaderCompilers: Guid format shader working directory is -10 characters bigger than the processId version (../../../../../bewijzenmap/P2.4/IDP/InputOutput/InputOutput/Intermediate/Shaders/WorkingDirectory/16236/).
[2018.05.28-06.42.41:651][  0]LogShaderCompilers: Cleaned the shader compiler working directory 'C:/Users/Boyd smit/AppData/Local/Temp/UnrealShaderWorkingDir/DE8C92C448750CCDE8A9D3B8520203CA/'.
[2018.05.28-06.42.45:403][  0]LogTemp: Display: Loaded TP AllDesktopTargetPlatform
[2018.05.28-06.42.45:457][  0]LogTemp: Display: Loaded TP MacClientTargetPlatform
[2018.05.28-06.42.45:504][  0]LogTemp: Display: Loaded TP MacNoEditorTargetPlatform
[2018.05.28-06.42.45:569][  0]LogTemp: Display: Loaded TP MacServerTargetPlatform
[2018.05.28-06.42.45:659][  0]LogTemp: Display: Loaded TP MacTargetPlatform
[2018.05.28-06.42.45:728][  0]LogTemp: Display: Loaded TP WindowsClientTargetPlatform
[2018.05.28-06.42.45:790][  0]LogTemp: Display: Loaded TP WindowsNoEditorTargetPlatform
[2018.05.28-06.42.45:850][  0]LogTemp: Display: Loaded TP WindowsServerTargetPlatform
[2018.05.28-06.42.45:940][  0]LogTemp: Display: Loaded TP WindowsTargetPlatform
[2018.05.28-06.42.45:975][  0]LogTemp: Display: Loaded TP Android_ASTCTargetPlatform
[2018.05.28-06.42.46:031][  0]LogTemp: Display: Loaded TP Android_ATCTargetPlatform
[2018.05.28-06.42.46:088][  0]LogTemp: Display: Loaded TP Android_DXTTargetPlatform
[2018.05.28-06.42.46:152][  0]LogTemp: Display: Loaded TP Android_ETC1aTargetPlatform
[2018.05.28-06.42.46:214][  0]LogTemp: Display: Loaded TP Android_ETC1TargetPlatform
[2018.05.28-06.42.46:278][  0]LogTemp: Display: Loaded TP Android_ETC2TargetPlatform
[2018.05.28-06.42.46:379][  0]LogTemp: Display: Loaded TP Android_MultiTargetPlatform
[2018.05.28-06.42.46:379][  0]LogTemp: Display: Loaded TP Android_PVRTCTargetPlatform
[2018.05.28-06.42.46:474][  0]LogTemp: Display: Loaded TP AndroidTargetPlatform
[2018.05.28-06.42.46:509][  0]LogTemp: Display: Loaded TP HTML5TargetPlatform
[2018.05.28-06.42.46:905][  0]LogTemp: Display: Loaded TP IOSTargetPlatform
[2018.05.28-06.42.46:960][  0]LogTemp: Display: Loaded TP TVOSTargetPlatform
[2018.05.28-06.42.47:018][  0]LogTemp: Display: Loaded TP LinuxClientTargetPlatform
[2018.05.28-06.42.47:071][  0]LogTemp: Display: Loaded TP LinuxNoEditorTargetPlatform
[2018.05.28-06.42.47:115][  0]LogTemp: Display: Loaded TP LinuxServerTargetPlatform
[2018.05.28-06.42.47:242][  0]LogTemp: Display: Loaded TP LinuxTargetPlatform
[2018.05.28-06.42.47:242][  0]LogTargetPlatformManager: Display: Building Assets For Windows
[2018.05.28-06.42.52:090][  0]LogXGEController: Cannot use XGE Controller as Incredibuild is not installed on this machine.
[2018.05.28-06.42.52:168][  0]LogShaderCompilers: Cannot use XGE Shader Compiler as Incredibuild is not installed on this machine.
[2018.05.28-06.42.52:168][  0]LogShaderCompilers: Display: Using Local Shader Compiler.
[2018.05.28-06.43.03:222][  0]LogDerivedDataCache: Display: Max Cache Size: 512 MB
[2018.05.28-06.43.03:825][  0]LogDerivedDataCache: Loaded boot cache 0.60s 74MB C:/Users/Boyd smit/AppData/Local/UnrealEngine/4.19/DerivedDataCache/Boot.ddc.
[2018.05.28-06.43.03:825][  0]LogDerivedDataCache: Display: Loaded Boot cache: C:/Users/Boyd smit/AppData/Local/UnrealEngine/4.19/DerivedDataCache/Boot.ddc
[2018.05.28-06.43.03:826][  0]LogDerivedDataCache: FDerivedDataBackendGraph:  Pak pak cache file ../../../../../bewijzenmap/P2.4/IDP/InputOutput/InputOutput/DerivedDataCache/DDC.ddp not found, will not use a pak cache.
[2018.05.28-06.43.03:826][  0]LogDerivedDataCache: Unable to find inner node Pak for hierarchical cache Hierarchy.
[2018.05.28-06.43.03:826][  0]LogDerivedDataCache: FDerivedDataBackendGraph:  CompressedPak pak cache file ../../../../../bewijzenmap/P2.4/IDP/InputOutput/InputOutput/DerivedDataCache/Compressed.ddp not found, will not use a pak cache.
[2018.05.28-06.43.03:826][  0]LogDerivedDataCache: Unable to find inner node CompressedPak for hierarchical cache Hierarchy.
[2018.05.28-06.43.04:214][  0]LogDerivedDataCache: Display: Pak cache opened for reading ../../../Engine/DerivedDataCache/Compressed.ddp.
[2018.05.28-06.43.04:236][  0]LogDerivedDataCache: Using Local data cache path C:/Users/Boyd smit/AppData/Local/UnrealEngine/Common/DerivedDataCache: Writable
[2018.05.28-06.43.04:236][  0]LogDerivedDataCache: Shared data cache path not found in *engine.ini, will not use an Shared cache.
[2018.05.28-06.43.04:236][  0]LogDerivedDataCache: Unable to find inner node Shared for hierarchical cache Hierarchy.
[2018.05.28-06.43.04:885][  0]LogMaterial: Verifying Global Shaders for PCD3D_SM5
[2018.05.28-06.43.05:450][  0]LogSlate: Using Freetype 2.6.0
[2018.05.28-06.43.06:029][  0]LogSlate: SlateFontCache - WITH_FREETYPE: 1, WITH_HARFBUZZ: 1
[2018.05.28-06.43.06:029][  0]LogSlate: SlateFontCache - WITH_FREETYPE: 1, WITH_HARFBUZZ: 1
[2018.05.28-06.43.23:043][  0]LogAssetRegistry: FAssetRegistry took 0.0754 seconds to start up
[2018.05.28-06.43.37:481][  0]LogInit: Selected Device Profile: [Windows]
[2018.05.28-06.43.52:599][  0]LogSimplygon: Simplygon DLL not present - disabling.
[2018.05.28-06.43.53:016][  0]LogMeshReduction: Using SimplygonSwarm for distributed automatic mesh merging
[2018.05.28-06.43.53:016][  0]LogMeshReduction: Using QuadricMeshReduction for automatic static mesh reduction
[2018.05.28-06.43.53:016][  0]LogMeshReduction: No automatic skeletal mesh reduction module available
[2018.05.28-06.43.53:016][  0]LogMeshReduction: No automatic mesh merging module available
[2018.05.28-06.43.53:016][  0]LogMeshMerging: No automatic mesh merging module available
[2018.05.28-06.43.58:053][  0]LogNetVersion: InputOutput , NetCL: 3944462, EngineNetVer: 2, GameNetVer: 0 (Checksum: 3349824527)
[2018.05.28-06.44.22:609][  0]LogConfig: Warning: Failed to saved backup for config[TemplateDefs]
[2018.05.28-06.44.33:049][  0]LogAssetRegistry: Error: Failed to open file for write ../../../../../bewijzenmap/P2.4/IDP/InputOutput/InputOutput/Intermediate/AssetRegistryCache/2657c409.bin
[2018.05.28-06.44.33:108][  0]LogAssetRegistry: Error: Failed to open file for write ../../../../../bewijzenmap/P2.4/IDP/InputOutput/InputOutput/Intermediate/AssetRegistryCache/1d5167fa.bin
[2018.05.28-06.44.33:480][  0]LogPackageLocalizationCache: Processed 9 localized package path(s) for 2 prioritized culture(s) in 0.594522 seconds
[2018.05.28-06.44.33:573][  0]LogUObjectArray: 36728 objects as part of root set at end of initial load.
[2018.05.28-06.44.33:573][  0]LogUObjectAllocator: 7314304 out of 0 bytes used by permanent object pool.
[2018.05.28-06.44.33:573][  0]LogUObjectArray: CloseDisregardForGC: 0/0 objects in disregard for GC pool
[2018.05.28-06.45.13:177][  0]LogConfig: Warning: Failed to saved backup for config[InternationalizationExport]
[2018.05.28-06.45.16:241][  0]LogTcpMessaging: Initializing TcpMessaging bridge
[2018.05.28-06.45.16:440][  0]LogUdpMessaging: Initializing bridge on interface 0.0.0.0:0 to multicast group 230.0.0.1:6666.
[2018.05.28-06.45.19:442][  0]SourceControl: Source control is disabled
[2018.05.28-06.45.19:444][  0]SourceControl: Source control is disabled
[2018.05.28-06.45.19:601][  0]SourceControl: Source control is disabled
[2018.05.28-06.45.19:698][  0]SourceControl: Source control is disabled
[2018.05.28-06.45.22:443][  0]LogConfig: Warning: Failed to saved backup for config[UnitTest]
[2018.05.28-06.45.22:812][  0]LogAndroidPermission: UAndroidPermissionCallbackProxy::GetInstance
[2018.05.28-06.45.23:600][  0]LogOcInput: OculusInput pre-init called
[2018.05.28-06.45.24:952][  0]LogEngine: Initializing Engine...
[2018.05.28-06.45.25:104][  0]LogHMD: Failed to initialize OpenVR with code 110
[2018.05.28-06.45.25:173][  0]LogStats: UGameplayTagsManager::ConstructGameplayTagTree: Construct from data asset -  0.000 s
[2018.05.28-06.45.25:174][  0]LogStats: UGameplayTagsManager::ConstructGameplayTagTree: GameplayTagTreeChangedEvent.Broadcast -  0.000 s
[2018.05.28-06.45.27:720][  0]LogAIModule: Creating AISystem for world Untitled
[2018.05.28-06.45.28:160][  0]LogInit: XAudio2 using 'Luidsprekers (Realtek High Definition Audio)' : 2 channels at 48 kHz using 32 bits per sample (channel mask 0x3)
[2018.05.28-06.45.28:216][  0]LogInit: FAudioDevice initialized.
[2018.05.28-06.45.28:300][  0]LogDerivedDataCache: Error: Could not save memory cache C:/Users/Boyd smit/AppData/Local/UnrealEngine/4.19/DerivedDataCache/Boot.ddc.
[2018.05.28-06.45.28:348][  0]LogInit: Texture streaming: Enabled
[2018.05.28-06.45.28:747][  0]LogEngineSessionManager: EngineSessionManager initialized
[2018.05.28-06.45.29:144][  0]LogInit: Transaction tracking system initialized
[2018.05.28-06.45.30:029][  0]BlueprintLog: New page: Editor Load
[2018.05.28-06.45.32:588][  0]LocalizationService: Localization service is disabled
[2018.05.28-06.45.34:053][  0]LogConsoleResponse: Display: 
[2018.05.28-06.45.36:552][  0]LogFileCache: Scanning file cache for directory 'D:/bewijzenmap/P2.4/IDP/InputOutput/InputOutput/Content/' took 0.06s
[2018.05.28-06.45.36:553][  0]LogCook: Display: Max memory allowance for cook 16384mb min free memory 0mb
[2018.05.28-06.45.36:553][  0]LogCook: Display: Mobile HDR setting 1
[2018.05.28-06.45.36:554][  0]LogGameplayTags: Display: UGameplayTagsManager::DoneAddingNativeTags. DelegateIsBound: 0
[2018.05.28-06.45.36:554][  0]LogStats: UGameplayTagsManager::ConstructGameplayTagTree: Construct from data asset -  0.000 s
[2018.05.28-06.45.36:554][  0]LogStats: UGameplayTagsManager::ConstructGameplayTagTree: GameplayTagTreeChangedEvent.Broadcast -  0.000 s
[2018.05.28-06.45.40:471][  0]SourceControl: Source control is disabled
[2018.05.28-06.45.40:539][  0]Cmd: MAP LOAD FILE="../../../Engine/Content/Maps/Templates/Template_Default.umap" TEMPLATE=1 SHOWPROGRESS=1 FEATURELEVEL=3
[2018.05.28-06.45.40:591][  0]LightingResults: New page: Lighting Build
[2018.05.28-06.45.40:998][  0]MapCheck: New page: Map Check
[2018.05.28-06.45.40:998][  0]LightingResults: New page: Lighting Build
[2018.05.28-06.45.44:348][  0]LogAIModule: Creating AISystem for world Untitled_1
[2018.05.28-06.45.45:252][  0]LogEditorServer: Finished looking for orphan Actors (0.000 secs)
[2018.05.28-06.45.45:504][  0]Cmd: MAP CHECKDEP NOCLEARLOG
[2018.05.28-06.45.45:640][  0]MapCheck: Map check complete: 0 Error(s), 0 Warning(s), took 134.681ms to complete.
[2018.05.28-06.45.45:640][  0]LogFileHelpers: Loading map 'Template_Default' took 5.117
[2018.05.28-06.45.48:666][  0]LogCollectionManager: Loaded 0 collections in 0.002277 seconds
[2018.05.28-06.45.49:083][  0]LogFileCache: Scanning file cache for directory 'D:/bewijzenmap/P2.4/IDP/InputOutput/InputOutput/Saved/Collections/' took 0.02s
[2018.05.28-06.45.49:083][  0]LogFileCache: Scanning file cache for directory 'D:/bewijzenmap/P2.4/IDP/InputOutput/InputOutput/Content/Developers/Boydsmit/Collections/' took 0.01s
[2018.05.28-06.45.49:083][  0]LogFileCache: Scanning file cache for directory 'D:/bewijzenmap/P2.4/IDP/InputOutput/InputOutput/Content/Collections/' took 0.01s
[2018.05.28-06.45.49:083][  0]LogCollectionManager: Rebuilt the GUID cache for 0 collections in 0.000001 seconds
[2018.05.28-06.45.49:139][  0]LogContentBrowser: Native class hierarchy populated in 0.0536 seconds. Added 2456 classes and 561 folders.
[2018.05.28-06.45.49:384][  0]LogContentBrowser: Native class hierarchy updated for 'WidgetCarousel' in 0.0027 seconds. Added 0 classes and 0 folders.
[2018.05.28-06.45.50:897][  0]LogContentBrowser: Native class hierarchy updated for 'AddContentDialog' in 0.0019 seconds. Added 0 classes and 0 folders.
[2018.05.28-06.45.51:006][  0]LogContentBrowser: Native class hierarchy updated for 'SceneOutliner' in 0.0017 seconds. Added 1 classes and 2 folders.
[2018.05.28-06.45.58:871][  0]LogSlate: Only BGRA pngs, bmps or icos are supported in by External Image Picker
[2018.05.28-06.45.59:267][  0]LogTemp: Executing iPhonePackager certificates Engine -bundlename com.YourCompany.InputOutput
[2018.05.28-06.45.59:267][  0]LogTemp: CWD: D:\EpicGames games\UE_4.19\Engine\Binaries\DotNET\IOS
[2018.05.28-06.45.59:267][  0]LogTemp: Initial Dir: D:\EpicGames games\UE_4.19
[2018.05.28-06.45.59:267][  0]LogTemp: Env CWD: D:\EpicGames games\UE_4.19\Engine\Binaries\DotNET\IOS
[2018.05.28-06.45.59:267][  0]LogTemp: BranchPath = LAPTOP-00QRHNHM/D/EpicGames games/UE_4.19/Engine/Binaries --- GameBranchPath = LAPTOP-00QRHNHM/D/EpicGames games/UE_4.19/Engine/Binaries
[2018.05.28-06.45.59:267][  0]LogTemp: IPP ERROR: Could not find provision directory 'C:\Users\Boyd smit\AppData\Local/Apple Computer/MobileDevice/Provisioning Profiles/'.
[2018.05.28-06.45.59:267][  0]LogSlate: Took 0.021125 seconds to synchronously load lazily loaded font '../../../Engine/Content/Slate/Fonts/Roboto-Regular.ttf' (155K)
[2018.05.28-06.45.59:343][  0]LogSlate: Took 0.042416 seconds to synchronously load lazily loaded font '../../../Engine/Content/Slate/Fonts/Roboto-Bold.ttf' (160K)
[2018.05.28-06.45.59:514][  0]LogSlate: Took 0.024731 seconds to synchronously load lazily loaded font '../../../Engine/Content/Editor/Slate/Fonts/FontAwesome.ttf' (139K)
[2018.05.28-06.46.00:736][  0]LogRenderer: Reallocating scene render targets to support 964x436 Format 10 NumSamples 1 (Frame:1).
[2018.05.28-06.46.02:426][  0]LogSlate: Took 0.016916 seconds to synchronously load lazily loaded font '../../../Engine/Content/Slate/Fonts/Roboto-Light.ttf' (167K)
[2018.05.28-06.46.03:758][  0]LogContentBrowser: Native class hierarchy updated for 'HierarchicalLODOutliner' in 0.0016 seconds. Added 0 classes and 0 folders.
[2018.05.28-06.46.03:758][  0]LogLoad: (Engine Initialization) Total time: 248.33 seconds
[2018.05.28-06.46.03:758][  0]LogLoad: (Engine Initialization) Total Blueprint compile time: 0.00 seconds
[2018.05.28-06.46.04:982][  0]LogContentStreaming: Texture pool size now 1000 MB
[2018.05.28-06.46.08:472][  7]LogAssetRegistry: Asset discovery search completed in 165.4752 seconds
[2018.05.28-06.46.08:474][  7]LogCollectionManager: Rebuilt the object cache for 0 collections in 0.000000 seconds (found 0 objects)
[2018.05.28-06.46.08:474][  7]LogCollectionManager: Fixed up redirectors for 0 collections in 0.000110 seconds (updated 0 objects)
[2018.05.28-06.47.21:706][226]LogInit: XAudio2 using 'Luidsprekers (Realtek High Definition Audio)' : 2 channels at 48 kHz using 32 bits per sample (channel mask 0x3)
[2018.05.28-06.48.07:204][335]LogSlate: Window 'Project Settings' being destroyed
[2018.05.28-06.48.07:613][335]LogSlate: Window 'InputOutput - Unreal Editor' being destroyed
[2018.05.28-06.48.07:617][335]LogWindowsTextInputMethodSystem: Display: IME system now deactivated.
[2018.05.28-06.48.08:908][336]Cmd: QUIT_EDITOR
[2018.05.28-06.48.09:630][336]LogSlate: Slate User Destroyed.  User Index 0, Is Virtual User: 0
[2018.05.28-06.48.09:645][336]LogExit: Preparing to exit.
[2018.05.28-06.48.11:359][336]LogDirectoryWatcher: A directory notification for 'D:/bewijzenmap/P2.4/IDP/InputOutput/InputOutput/Content/' was aborted.
[2018.05.28-06.48.11:625][336]LogExit: Editor shut down
[2018.05.28-06.48.11:655][336]LogExit: Transaction tracking system shut down
[2018.05.28-06.48.11:817][336]LogDirectoryWatcher: A directory notification for '../../../Engine/Content/' was aborted.
[2018.05.28-06.48.11:817][336]LogDirectoryWatcher: A directory notification for '../../../../../bewijzenmap/P2.4/IDP/InputOutput/InputOutput/Content/' was aborted.
[2018.05.28-06.48.11:818][336]LogDirectoryWatcher: A directory notification for '../../Plugins/2D/Paper2D/Content/' was aborted.
[2018.05.28-06.48.11:819][336]LogDirectoryWatcher: A directory notification for '../../Plugins/Enterprise/DatasmithContent/Content/' was aborted.
[2018.05.28-06.48.11:820][336]LogDirectoryWatcher: A directory notification for '../../Plugins/Media/MediaCompositing/Content/' was aborted.
[2018.05.28-06.48.11:820][336]LogDirectoryWatcher: A directory notification for '../../Plugins/Runtime/AppleARKit/Content/' was aborted.
[2018.05.28-06.48.11:821][336]LogDirectoryWatcher: A directory notification for '../../Plugins/Runtime/Oculus/OculusVR/Content/' was aborted.
[2018.05.28-06.48.11:821][336]LogDirectoryWatcher: A directory notification for '../../Plugins/Runtime/Steam/SteamVR/Content/' was aborted.
[2018.05.28-06.48.14:614][336]LogExit: Object subsystem successfully closed.
[2018.05.28-06.48.14:886][336]LogShaderCompilers: Display: Shaders left to compile 0
[2018.05.28-06.48.14:930][336]LogD3D11RHI: Shutdown
[2018.05.28-06.48.14:930][336]LogD3D11RHI: CleanupD3DDevice
[2018.05.28-06.48.14:953][336]LogD3D11RHI: ~FD3D11DynamicRHI
[2018.05.28-06.48.16:082][336]LogModuleManager: Shutting down and abandoning module HierarchicalLODOutliner (580)
[2018.05.28-06.48.16:083][336]LogModuleManager: Shutting down and abandoning module ExternalImagePicker (578)
[2018.05.28-06.48.16:083][336]LogModuleManager: Shutting down and abandoning module DesktopPlatform (576)
[2018.05.28-06.48.16:097][336]LogModuleManager: Shutting down and abandoning module SceneOutliner (574)
[2018.05.28-06.48.16:105][336]LogModuleManager: Shutting down and abandoning module AddContentDialog (572)
[2018.05.28-06.48.16:144][336]LogDirectoryWatcher: A directory notification for 'D:/EpicGames games/UE_4.19/FeaturePacks/' was aborted.
[2018.05.28-06.48.16:179][336]LogModuleManager: Shutting down and abandoning module WidgetCarousel (571)
[2018.05.28-06.48.16:179][336]LogModuleManager: Shutting down and abandoning module EditorWidgets (568)
[2018.05.28-06.48.16:179][336]LogModuleManager: Shutting down and abandoning module CollectionManager (566)
[2018.05.28-06.48.16:208][336]LogDirectoryWatcher: A directory notification for 'D:/bewijzenmap/P2.4/IDP/InputOutput/InputOutput/Content/Collections/' was aborted.
[2018.05.28-06.48.16:210][336]LogDirectoryWatcher: A directory notification for 'D:/bewijzenmap/P2.4/IDP/InputOutput/InputOutput/Content/Developers/Boydsmit/Collections/' was aborted.
[2018.05.28-06.48.16:210][336]LogDirectoryWatcher: A directory notification for 'D:/bewijzenmap/P2.4/IDP/InputOutput/InputOutput/Saved/Collections/' was aborted.
[2018.05.28-06.48.16:211][336]LogModuleManager: Shutting down and abandoning module HierarchicalLODUtilities (564)
[2018.05.28-06.48.16:222][336]LogModuleManager: Shutting down and abandoning module StatsViewer (562)
[2018.05.28-06.48.16:259][336]LogModuleManager: Shutting down and abandoning module FoliageEdit (560)
[2018.05.28-06.48.16:259][336]LogModuleManager: Shutting down and abandoning module LandscapeEditor (558)
[2018.05.28-06.48.16:289][336]LogModuleManager: Shutting down and abandoning module MeshPaintMode (556)
[2018.05.28-06.48.16:303][336]LogModuleManager: Shutting down and abandoning module SceneDepthPickerMode (554)
[2018.05.28-06.48.16:303][336]LogModuleManager: Shutting down and abandoning module ActorPickerMode (552)
[2018.05.28-06.48.16:303][336]LogModuleManager: Shutting down and abandoning module GeometryMode (550)
[2018.05.28-06.48.16:315][336]LogModuleManager: Shutting down and abandoning module TextureAlignMode (548)
[2018.05.28-06.48.16:315][336]LogModuleManager: Shutting down and abandoning module BspMode (546)
[2018.05.28-06.48.16:315][336]LogModuleManager: Shutting down and abandoning module PIEPreviewDeviceProfileSelector (544)
[2018.05.28-06.48.16:315][336]LogModuleManager: Shutting down and abandoning module HardwareSurvey (542)
[2018.05.28-06.48.16:316][336]LogModuleManager: Shutting down and abandoning module SequenceRecorderSections (540)
[2018.05.28-06.48.16:316][336]LogModuleManager: Shutting down and abandoning module AutomationWorker (538)
[2018.05.28-06.48.16:316][336]LogModuleManager: Shutting down and abandoning module AudioCaptureEditor (536)
[2018.05.28-06.48.16:316][336]LogModuleManager: Shutting down and abandoning module SequenceRecorder (535)
[2018.05.28-06.48.16:332][336]LogModuleManager: Shutting down and abandoning module MatineeToLevelSequence (532)
[2018.05.28-06.48.16:344][336]LogModuleManager: Shutting down and abandoning module LevelSequenceEditor (530)
[2018.05.28-06.48.16:444][336]LogModuleManager: Shutting down and abandoning module PlacementMode (529)
[2018.05.28-06.48.16:445][336]LogModuleManager: Shutting down and abandoning module MaterialEditor (528)
[2018.05.28-06.48.16:524][336]LogModuleManager: Shutting down and abandoning module WmfMediaFactory (524)
[2018.05.28-06.48.16:524][336]LogModuleManager: Shutting down and abandoning module WmfMediaEditor (522)
[2018.05.28-06.48.16:524][336]LogModuleManager: Shutting down and abandoning module MediaPlayerEditor (520)
[2018.05.28-06.48.16:544][336]LogModuleManager: Shutting down and abandoning module OpenExrWrapper (518)
[2018.05.28-06.48.16:544][336]LogModuleManager: Shutting down and abandoning module ImgMediaFactory (516)
[2018.05.28-06.48.16:545][336]LogModuleManager: Shutting down and abandoning module ImgMediaEditor (514)
[2018.05.28-06.48.16:545][336]LogModuleManager: Shutting down and abandoning module AvfMediaFactory (512)
[2018.05.28-06.48.16:545][336]LogModuleManager: Shutting down and abandoning module AvfMediaEditor (510)
[2018.05.28-06.48.16:545][336]LogModuleManager: Shutting down and abandoning module AndroidMediaFactory (508)
[2018.05.28-06.48.16:546][336]LogModuleManager: Shutting down and abandoning module AndroidMediaEditor (506)
[2018.05.28-06.48.16:546][336]LogModuleManager: Shutting down and abandoning module CharacterAI (504)
[2018.05.28-06.48.16:546][336]LogModuleManager: Shutting down and abandoning module SmartSnapping (502)
[2018.05.28-06.48.16:546][336]LogModuleManager: Shutting down and abandoning module SessionServices (500)
[2018.05.28-06.48.16:546][336]LogModuleManager: Shutting down and abandoning module ViewportSnapping (498)
[2018.05.28-06.48.16:546][336]LogModuleManager: Shutting down and abandoning module ViewportInteraction (496)
[2018.05.28-06.48.16:546][336]LogModuleManager: Shutting down and abandoning module ClothPainter (494)
[2018.05.28-06.48.16:574][336]LogModuleManager: Shutting down and abandoning module SkeletalMeshEditor (493)
[2018.05.28-06.48.16:604][336]LogModuleManager: Shutting down and abandoning module LogVisualizer (490)
[2018.05.28-06.48.16:620][336]LogModuleManager: Shutting down and abandoning module IntroTutorials (488)
[2018.05.28-06.48.16:679][336]LogModuleManager: Shutting down and abandoning module GameProjectGeneration (487)
[2018.05.28-06.48.16:689][336]LogModuleManager: Shutting down and abandoning module IOSPlatformEditor (484)
[2018.05.28-06.48.16:689][336]LogModuleManager: Shutting down and abandoning module HTML5PlatformEditor (482)
[2018.05.28-06.48.16:689][336]LogModuleManager: Shutting down and abandoning module AndroidPlatformEditor (480)
[2018.05.28-06.48.16:689][336]LogModuleManager: Shutting down and abandoning module AndroidDeviceDetection (479)
[2018.05.28-06.48.17:134][336]LogModuleManager: Shutting down and abandoning module WindowsPlatformEditor (476)
[2018.05.28-06.48.17:135][336]LogModuleManager: Shutting down and abandoning module IOSRuntimeSettings (474)
[2018.05.28-06.48.17:142][336]LogModuleManager: Shutting down and abandoning module AndroidRuntimeSettings (472)
[2018.05.28-06.48.17:142][336]LogModuleManager: Shutting down and abandoning module InputBindingEditor (470)
[2018.05.28-06.48.17:248][336]LogModuleManager: Shutting down and abandoning module MergeActors (468)
[2018.05.28-06.48.17:263][336]LogModuleManager: Shutting down and abandoning module LocalizationDashboard (466)
[2018.05.28-06.48.17:272][336]LogModuleManager: Shutting down and abandoning module LocalizationService (465)
[2018.05.28-06.48.17:285][336]LogModuleManager: Shutting down and abandoning module HardwareTargeting (462)
[2018.05.28-06.48.17:285][336]LogModuleManager: Shutting down and abandoning module DeviceProfileEditor (460)
[2018.05.28-06.48.17:299][336]LogModuleManager: Shutting down and abandoning module UndoHistory (458)
[2018.05.28-06.48.17:299][336]LogModuleManager: Shutting down and abandoning module XmlParser (456)
[2018.05.28-06.48.17:299][336]LogModuleManager: Shutting down and abandoning module Blutility (454)
[2018.05.28-06.48.17:300][336]LogModuleManager: Shutting down and abandoning module ProjectSettingsViewer (452)
[2018.05.28-06.48.17:300][336]LogModuleManager: Shutting down and abandoning module ProjectTargetPlatformEditor (451)
[2018.05.28-06.48.17:303][336]LogModuleManager: Shutting down and abandoning module EditorSettingsViewer (448)
[2018.05.28-06.48.17:304][336]LogModuleManager: Shutting down and abandoning module SettingsEditor (446)
[2018.05.28-06.48.17:333][336]LogModuleManager: Shutting down and abandoning module ProjectLauncher (444)
[2018.05.28-06.48.17:343][336]LogModuleManager: Shutting down and abandoning module SessionFrontend (442)
[2018.05.28-06.48.17:356][336]LogModuleManager: Shutting down and abandoning module ProfilerClient (440)
[2018.05.28-06.48.17:363][336]LogModuleManager: Shutting down and abandoning module DeviceManager (438)
[2018.05.28-06.48.17:369][336]LogModuleManager: Shutting down and abandoning module TargetDeviceServices (437)
[2018.05.28-06.48.17:450][336]LogModuleManager: Shutting down and abandoning module AutomationController (434)
[2018.05.28-06.48.17:452][336]LogModuleManager: Shutting down and abandoning module AutomationWindow (432)
[2018.05.28-06.48.17:466][336]LogModuleManager: Shutting down and abandoning module Layers (430)
[2018.05.28-06.48.17:506][336]LogModuleManager: Shutting down and abandoning module ComponentVisualizers (428)
[2018.05.28-06.48.17:506][336]LogModuleManager: Shutting down and abandoning module DetailCustomizations (426)
[2018.05.28-06.48.17:512][336]LogModuleManager: Shutting down and abandoning module PackagesDialog (424)
[2018.05.28-06.48.17:522][336]LogModuleManager: Shutting down and abandoning module Persona (422)
[2018.05.28-06.48.17:545][336]LogModuleManager: Shutting down and abandoning module AdvancedPreviewScene (421)
[2018.05.28-06.48.17:545][336]LogModuleManager: Shutting down and abandoning module AnimGraph (419)
[2018.05.28-06.48.17:545][336]LogModuleManager: Shutting down and abandoning module Kismet (416)
[2018.05.28-06.48.17:572][336]LogModuleManager: Shutting down and abandoning module GraphEditor (414)
[2018.05.28-06.48.17:627][336]LogModuleManager: Shutting down and abandoning module ClassViewer (412)
[2018.05.28-06.48.17:627][336]LogModuleManager: Shutting down and abandoning module Toolbox (410)
[2018.05.28-06.48.17:627][336]LogModuleManager: Shutting down and abandoning module ModuleUI (408)
[2018.05.28-06.48.17:639][336]LogModuleManager: Shutting down and abandoning module MovieSceneTools (406)
[2018.05.28-06.48.17:663][336]LogModuleManager: Shutting down and abandoning module OutputLog (404)
[2018.05.28-06.48.17:676][336]LogModuleManager: Shutting down and abandoning module GammaUI (402)
[2018.05.28-06.48.17:681][336]LogModuleManager: Shutting down and abandoning module Documentation (400)
[2018.05.28-06.48.17:681][336]LogModuleManager: Shutting down and abandoning module MovieSceneTracks (398)
[2018.05.28-06.48.17:682][336]LogModuleManager: Shutting down and abandoning module MovieScene (396)
[2018.05.28-06.48.17:683][336]LogModuleManager: Shutting down and abandoning module StreamingPauseRendering (394)
[2018.05.28-06.48.17:685][336]LogModuleManager: Shutting down and abandoning module LauncherPlatform (392)
[2018.05.28-06.48.17:685][336]LogModuleManager: Shutting down and abandoning module AnalyticsET (390)
[2018.05.28-06.48.17:685][336]LogModuleManager: Shutting down and abandoning module PortalServices (388)
[2018.05.28-06.48.17:685][336]LogModuleManager: Shutting down and abandoning module PortalRpc (386)
[2018.05.28-06.48.17:685][336]LogModuleManager: Shutting down and abandoning module MessagingRpc (384)
[2018.05.28-06.48.17:685][336]LogModuleManager: Shutting down and abandoning module AIModule (382)
[2018.05.28-06.48.17:686][336]LogModuleManager: Shutting down and abandoning module GameplayDebugger (381)
[2018.05.28-06.48.17:686][336]LogModuleManager: Shutting down and abandoning module AITestSuite (379)
[2018.05.28-06.48.17:698][336]LogModuleManager: Shutting down and abandoning module ProfilerService (376)
[2018.05.28-06.48.17:810][336]LogModuleManager: Shutting down and abandoning module TaskGraph (374)
[2018.05.28-06.48.17:824][336]LogModuleManager: Shutting down and abandoning module SteamVRController (372)
[2018.05.28-06.48.17:824][336]LogModuleManager: Shutting down and abandoning module ProceduralMeshComponentEditor (370)
[2018.05.28-06.48.17:824][336]LogModuleManager: Shutting down and abandoning module ProceduralMeshComponent (368)
[2018.05.28-06.48.17:837][336]LogModuleManager: Shutting down and abandoning module OculusInput (366)
[2018.05.28-06.48.17:837][336]LogModuleManager: Shutting down and abandoning module MobilePatchingUtils (364)
[2018.05.28-06.48.17:837][336]LogModuleManager: Shutting down and abandoning module CustomMeshComponent (362)
[2018.05.28-06.48.17:837][336]LogModuleManager: Shutting down and abandoning module CableComponent (360)
[2018.05.28-06.48.17:837][336]LogModuleManager: Shutting down and abandoning module AudioCapture (358)
[2018.05.28-06.48.17:838][336]LogModuleManager: Shutting down and abandoning module ArchVisCharacter (356)
[2018.05.28-06.48.17:838][336]LogModuleManager: Shutting down and abandoning module AndroidPermission (354)
[2018.05.28-06.48.17:838][336]LogModuleManager: Shutting down and abandoning module NUTUnrealEngine4 (350)
[2018.05.28-06.48.17:838][336]LogModuleManager: Shutting down and abandoning module NetcodeUnitTest (348)
[2018.05.28-06.48.17:874][336]LogModuleManager: Shutting down and abandoning module MediaCompositingEditor (346)
[2018.05.28-06.48.17:874][336]LogModuleManager: Shutting down and abandoning module MediaCompositing (344)
[2018.05.28-06.48.17:874][336]LogModuleManager: Shutting down and abandoning module LinearTimecode (342)
[2018.05.28-06.48.17:874][336]LogModuleManager: Shutting down and abandoning module ImgMedia (340)
[2018.05.28-06.48.17:914][336]LogModuleManager: Shutting down and abandoning module HTML5Networking (338)
[2018.05.28-06.48.17:914][336]LogModuleManager: Shutting down and abandoning module AlembicImporter (336)
[2018.05.28-06.48.17:929][336]LogModuleManager: Shutting down and abandoning module AlembicLibrary (335)
[2018.05.28-06.48.17:929][336]LogModuleManager: Shutting down and abandoning module GeometryCache (334)
[2018.05.28-06.48.17:929][336]LogModuleManager: Shutting down and abandoning module GeometryCacheEd (333)
[2018.05.28-06.48.17:929][336]LogModuleManager: Shutting down and abandoning module DatasmithContent (328)
[2018.05.28-06.48.17:929][336]LogModuleManager: Shutting down and abandoning module SpeedTreeImporter (326)
[2018.05.28-06.48.17:929][336]LogModuleManager: Shutting down and abandoning module PluginBrowser (324)
[2018.05.28-06.48.17:980][336]LogModuleManager: Shutting down and abandoning module MobileLauncherProfileWizard (322)
[2018.05.28-06.48.17:987][336]LogModuleManager: Shutting down and abandoning module CryptoKeysOpenSSL (320)
[2018.05.28-06.48.17:991][336]LogModuleManager: Shutting down and abandoning module CryptoKeys (318)
[2018.05.28-06.48.17:991][336]LogModuleManager: Shutting down and abandoning module VisualStudioSourceCodeAccess (316)
[2018.05.28-06.48.17:992][336]LogModuleManager: Shutting down and abandoning module VisualStudioCodeSourceCodeAccess (314)
[2018.05.28-06.48.17:992][336]LogModuleManager: Shutting down and abandoning module UObjectPlugin (312)
[2018.05.28-06.48.17:992][336]LogModuleManager: Shutting down and abandoning module SubversionSourceControl (310)
[2018.05.28-06.48.18:006][336]LogModuleManager: Shutting down and abandoning module PerforceSourceControl (308)
[2018.05.28-06.48.18:021][336]LogModuleManager: Shutting down and abandoning module GitSourceControl (306)
[2018.05.28-06.48.18:032][336]LogModuleManager: Shutting down and abandoning module SourceControl (305)
[2018.05.28-06.48.18:075][336]LogModuleManager: Shutting down and abandoning module CLionSourceCodeAccess (302)
[2018.05.28-06.48.18:076][336]LogModuleManager: Shutting down and abandoning module LightPropagationVolumeEditor (300)
[2018.05.28-06.48.18:076][336]LogModuleManager: Shutting down and abandoning module PaperTiledImporter (298)
[2018.05.28-06.48.18:076][336]LogModuleManager: Shutting down and abandoning module PaperSpriteSheetImporter (296)
[2018.05.28-06.48.18:076][336]LogModuleManager: Shutting down and abandoning module Paper2DEditor (294)
[2018.05.28-06.48.18:104][336]LogModuleManager: Shutting down and abandoning module MeshPaint (293)
[2018.05.28-06.48.18:119][336]LogModuleManager: Shutting down and abandoning module InputOutput (290)
[2018.05.28-06.48.18:120][336]LogModuleManager: Shutting down and abandoning module RuntimePhysXCooking (288)
[2018.05.28-06.48.18:120][336]LogModuleManager: Shutting down and abandoning module PhysXVehiclesEditor (286)
[2018.05.28-06.48.18:120][336]LogModuleManager: Shutting down and abandoning module PhysXVehicles (284)
[2018.05.28-06.48.18:120][336]LogModuleManager: Shutting down and abandoning module OculusEditor (282)
[2018.05.28-06.48.18:120][336]LogModuleManager: Shutting down and abandoning module LocationServicesBPLibrary (280)
[2018.05.28-06.48.18:120][336]LogModuleManager: Shutting down and abandoning module ImmediatePhysicsEditor (278)
[2018.05.28-06.48.18:120][336]LogModuleManager: Shutting down and abandoning module ImmediatePhysics (276)
[2018.05.28-06.48.18:143][336]LogModuleManager: Shutting down and abandoning module ActorSequence (274)
[2018.05.28-06.48.18:143][336]LogModuleManager: Shutting down and abandoning module UdpMessaging (272)
[2018.05.28-06.48.18:257][336]LogModuleManager: Shutting down and abandoning module TcpMessaging (270)
[2018.05.28-06.48.18:371][336]LogModuleManager: Shutting down and abandoning module GameplayTagsEditor (268)
[2018.05.28-06.48.18:378][336]LogModuleManager: Shutting down and abandoning module FacialAnimationEditor (266)
[2018.05.28-06.48.18:378][336]LogModuleManager: Shutting down and abandoning module FacialAnimation (264)
[2018.05.28-06.48.18:378][336]LogModuleManager: Shutting down and abandoning module DataValidation (262)
[2018.05.28-06.48.18:391][336]LogModuleManager: Shutting down and abandoning module AssetManagerEditor (260)
[2018.05.28-06.48.18:416][336]LogModuleManager: Shutting down and abandoning module LevelEditor (259)
[2018.05.28-06.48.18:438][336]LogModuleManager: Shutting down and abandoning module PixelInspectorModule (258)
[2018.05.28-06.48.18:455][336]LogModuleManager: Shutting down and abandoning module CommonMenuExtensions (256)
[2018.05.28-06.48.18:456][336]LogModuleManager: Shutting down and abandoning module MainFrame (254)
[2018.05.28-06.48.18:457][336]LogModuleManager: Shutting down and abandoning module HotReload (253)
[2018.05.28-06.48.18:462][336]LogDirectoryWatcher: A directory notification for 'D:/bewijzenmap/P2.4/IDP/InputOutput/InputOutput/Binaries/Win64' was aborted.
[2018.05.28-06.48.18:484][336]LogModuleManager: Shutting down and abandoning module ContentBrowser (249)
[2018.05.28-06.48.18:488][336]LogModuleManager: Shutting down and abandoning module TreeMap (247)
[2018.05.28-06.48.18:492][336]LogModuleManager: Shutting down and abandoning module LightPropagationVolumeRuntime (244)
[2018.05.28-06.48.18:492][336]LogModuleManager: Shutting down and abandoning module LiveLinkEditor (242)
[2018.05.28-06.48.18:497][336]LogModuleManager: Shutting down and abandoning module LiveLink (240)
[2018.05.28-06.48.18:889][336]LogModuleManager: Shutting down and abandoning module Paper2D (238)
[2018.05.28-06.48.18:913][336]LogModuleManager: Shutting down and abandoning module WindowsMoviePlayer (236)
[2018.05.28-06.48.18:913][336]LogModuleManager: Shutting down and abandoning module WmfMedia (234)
[2018.05.28-06.48.18:937][336]LogModuleManager: Shutting down and abandoning module Media (233)
[2018.05.28-06.48.18:953][336]LogModuleManager: Shutting down and abandoning module PacketHandler (230)
[2018.05.28-06.48.18:954][336]LogModuleManager: Shutting down and abandoning module ClothingSystemEditor (228)
[2018.05.28-06.48.18:954][336]LogModuleManager: Shutting down and abandoning module ClothingSystemRuntime (226)
[2018.05.28-06.48.18:988][336]LogModuleManager: Shutting down and abandoning module MediaAssets (224)
[2018.05.28-06.48.18:988][336]LogModuleManager: Shutting down and abandoning module Overlay (222)
[2018.05.28-06.48.18:988][336]LogModuleManager: Shutting down and abandoning module OverlayEditor (221)
[2018.05.28-06.48.18:988][336]LogModuleManager: Shutting down and abandoning module VREditor (218)
[2018.05.28-06.48.19:037][336]LogModuleManager: Shutting down and abandoning module StringTableEditor (216)
[2018.05.28-06.48.19:037][336]LogModuleManager: Shutting down and abandoning module GameplayTasksEditor (214)
[2018.05.28-06.48.19:037][336]LogModuleManager: Shutting down and abandoning module BehaviorTreeEditor (212)
[2018.05.28-06.48.19:081][336]LogModuleManager: Shutting down and abandoning module FunctionalTesting (210)
[2018.05.28-06.48.19:088][336]LogModuleManager: Shutting down and abandoning module CollisionAnalyzer (208)
[2018.05.28-06.48.19:093][336]LogModuleManager: Shutting down and abandoning module WorkspaceMenuStructure (207)
[2018.05.28-06.48.19:093][336]LogModuleManager: Shutting down and abandoning module UMG (204)
[2018.05.28-06.48.19:113][336]LogModuleManager: Shutting down and abandoning module UMGEditor (203)
[2018.05.28-06.48.19:168][336]LogModuleManager: Shutting down and abandoning module Sequencer (202)
[2018.05.28-06.48.19:194][336]LogModuleManager: Shutting down and abandoning module MessageLog (199)
[2018.05.28-06.48.19:194][336]LogModuleManager: Shutting down and abandoning module SlateReflector (194)
[2018.05.28-06.48.19:224][336]LogModuleManager: Shutting down and abandoning module Slate (192)
[2018.05.28-06.48.19:224][336]LogModuleManager: Shutting down and abandoning module EditorStyle (190)
[2018.05.28-06.48.19:229][336]LogModuleManager: Shutting down and abandoning module MRMesh (188)
[2018.05.28-06.48.19:229][336]LogModuleManager: Shutting down and abandoning module SourceCodeAccess (186)
[2018.05.28-06.48.19:230][336]LogModuleManager: Shutting down and abandoning module HeadMountedDisplay (184)
[2018.05.28-06.48.19:230][336]LogModuleManager: Shutting down and abandoning module XAudio2 (182)
[2018.05.28-06.48.19:230][336]LogModuleManager: Shutting down and abandoning module Networking (180)
[2018.05.28-06.48.19:230][336]LogModuleManager: Shutting down and abandoning module Core (178)
[2018.05.28-06.48.19:230][336]LogModuleManager: Shutting down and abandoning module LevelSequence (176)
[2018.05.28-06.48.19:236][336]LogModuleManager: Shutting down and abandoning module KismetCompiler (174)
[2018.05.28-06.48.19:237][336]LogModuleManager: Shutting down and abandoning module MeshUtilities (172)
[2018.05.28-06.48.19:253][336]LogModuleManager: Shutting down and abandoning module MeshMergeUtilities (171)
[2018.05.28-06.48.19:254][336]LogModuleManager: Shutting down and abandoning module MeshReductionInterface (170)
[2018.05.28-06.48.19:254][336]LogModuleManager: Shutting down and abandoning module SimplygonSwarm (169)
[2018.05.28-06.48.19:264][336]LogModuleManager: Shutting down and abandoning module SimplygonMeshReduction (167)
[2018.05.28-06.48.19:273][336]LogModuleManager: Shutting down and abandoning module QuadricMeshReduction (165)
[2018.05.28-06.48.19:274][336]LogModuleManager: Shutting down and abandoning module MaterialBaking (161)
[2018.05.28-06.48.19:293][336]LogModuleManager: Shutting down and abandoning module DirectoryWatcher (157)
[2018.05.28-06.48.19:297][336]LogModuleManager: Shutting down and abandoning module DerivedDataCache (154)
[2018.05.28-06.48.19:399][336]LogDerivedDataCache: Shutdown
[2018.05.28-06.48.19:399][336]LogModuleManager: Shutting down and abandoning module XGEController (152)
[2018.05.28-06.48.19:399][336]LogModuleManager: Shutting down and abandoning module TargetPlatform (150)
[2018.05.28-06.48.19:400][336]LogModuleManager: Shutting down and abandoning module VulkanShaderFormat (149)
[2018.05.28-06.48.19:410][336]LogModuleManager: Shutting down and abandoning module ShaderFormatVectorVM (147)
[2018.05.28-06.48.19:413][336]LogModuleManager: Shutting down and abandoning module ShaderFormatOpenGL (145)
[2018.05.28-06.48.19:419][336]LogModuleManager: Shutting down and abandoning module ShaderFormatD3D (143)
[2018.05.28-06.48.19:426][336]LogModuleManager: Shutting down and abandoning module MetalShaderFormat (141)
[2018.05.28-06.48.19:447][336]LogModuleManager: Shutting down and abandoning module TextureFormatUncompressed (139)
[2018.05.28-06.48.19:447][336]LogModuleManager: Shutting down and abandoning module TextureFormatPVR (137)
[2018.05.28-06.48.19:447][336]LogModuleManager: Shutting down and abandoning module TextureFormatDXT (135)
[2018.05.28-06.48.19:460][336]LogModuleManager: Shutting down and abandoning module TextureFormatIntelISPCTexComp (133)
[2018.05.28-06.48.19:461][336]LogModuleManager: Shutting down and abandoning module TextureFormatASTC (131)
[2018.05.28-06.48.19:461][336]LogModuleManager: Shutting down and abandoning module ImageWrapper (130)
[2018.05.28-06.48.19:461][336]LogModuleManager: Shutting down and abandoning module TextureFormatAndroid (127)
[2018.05.28-06.48.19:461][336]LogModuleManager: Shutting down and abandoning module AudioFormatOpus (125)
[2018.05.28-06.48.19:461][336]LogModuleManager: Shutting down and abandoning module AudioFormatOgg (123)
[2018.05.28-06.48.19:461][336]LogModuleManager: Shutting down and abandoning module AudioFormatADPCM (121)
[2018.05.28-06.48.19:461][336]LogModuleManager: Shutting down and abandoning module LinuxTargetPlatform (119)
[2018.05.28-06.48.19:461][336]LogModuleManager: Shutting down and abandoning module LinuxServerTargetPlatform (117)
[2018.05.28-06.48.19:461][336]LogModuleManager: Shutting down and abandoning module LinuxNoEditorTargetPlatform (115)
[2018.05.28-06.48.19:461][336]LogModuleManager: Shutting down and abandoning module LinuxClientTargetPlatform (113)
[2018.05.28-06.48.19:461][336]LogModuleManager: Shutting down and abandoning module TVOSTargetPlatform (111)
[2018.05.28-06.48.19:462][336]LogModuleManager: Shutting down and abandoning module Messaging (109)
[2018.05.28-06.48.19:462][336]LogModuleManager: Shutting down and abandoning module IOSTargetPlatform (107)
[2018.05.28-06.48.19:462][336]LogModuleManager: Shutting down and abandoning module HTML5TargetPlatform (105)
[2018.05.28-06.48.19:462][336]LogModuleManager: Shutting down and abandoning module AndroidTargetPlatform (103)
[2018.05.28-06.48.19:462][336]LogModuleManager: Shutting down and abandoning module Android_PVRTCTargetPlatform (101)
[2018.05.28-06.48.19:462][336]LogModuleManager: Shutting down and abandoning module Android_MultiTargetPlatform (99)
[2018.05.28-06.48.19:462][336]LogModuleManager: Shutting down and abandoning module Android_ETC2TargetPlatform (97)
[2018.05.28-06.48.19:462][336]LogModuleManager: Shutting down and abandoning module Android_ETC1TargetPlatform (95)
[2018.05.28-06.48.19:462][336]LogModuleManager: Shutting down and abandoning module Android_ETC1aTargetPlatform (93)
[2018.05.28-06.48.19:462][336]LogModuleManager: Shutting down and abandoning module Android_DXTTargetPlatform (91)
[2018.05.28-06.48.19:462][336]LogModuleManager: Shutting down and abandoning module Android_ATCTargetPlatform (89)
[2018.05.28-06.48.19:462][336]LogModuleManager: Shutting down and abandoning module Android_ASTCTargetPlatform (87)
[2018.05.28-06.48.19:462][336]LogModuleManager: Shutting down and abandoning module WindowsTargetPlatform (85)
[2018.05.28-06.48.19:462][336]LogModuleManager: Shutting down and abandoning module WindowsServerTargetPlatform (83)
[2018.05.28-06.48.19:462][336]LogModuleManager: Shutting down and abandoning module WindowsNoEditorTargetPlatform (81)
[2018.05.28-06.48.19:462][336]LogModuleManager: Shutting down and abandoning module WindowsClientTargetPlatform (79)
[2018.05.28-06.48.19:462][336]LogModuleManager: Shutting down and abandoning module MacTargetPlatform (77)
[2018.05.28-06.48.19:462][336]LogModuleManager: Shutting down and abandoning module MacServerTargetPlatform (75)
[2018.05.28-06.48.19:462][336]LogModuleManager: Shutting down and abandoning module MacNoEditorTargetPlatform (73)
[2018.05.28-06.48.19:462][336]LogModuleManager: Shutting down and abandoning module MacClientTargetPlatform (71)
[2018.05.28-06.48.19:462][336]LogModuleManager: Shutting down and abandoning module AllDesktopTargetPlatform (69)
[2018.05.28-06.48.19:462][336]LogModuleManager: Shutting down and abandoning module InputCore (66)
[2018.05.28-06.48.19:462][336]LogModuleManager: Shutting down and abandoning module Settings (64)
[2018.05.28-06.48.19:462][336]LogModuleManager: Shutting down and abandoning module PhysXCooking (62)
[2018.05.28-06.48.19:462][336]LogModuleManager: Shutting down and abandoning module SteamVR (60)
[2018.05.28-06.48.19:462][336]LogModuleManager: Shutting down and abandoning module OculusHMD (58)
[2018.05.28-06.48.19:486][336]LogModuleManager: Shutting down and abandoning module ExampleDeviceProfileSelector (56)
[2018.05.28-06.48.19:487][336]LogModuleManager: Shutting down and abandoning module AppleARKit (54)
[2018.05.28-06.48.19:488][336]LogModuleManager: Shutting down and abandoning module AugmentedReality (51)
[2018.05.28-06.48.19:488][336]LogModuleManager: Shutting down and abandoning module OnlineBlueprintSupport (48)
[2018.05.28-06.48.19:488][336]LogModuleManager: Shutting down and abandoning module OnlineSubsystem (44)
[2018.05.28-06.48.19:536][336]LogModuleManager: Shutting down and abandoning module XMPP (43)
[2018.05.28-06.48.19:574][336]LogModuleManager: Shutting down and abandoning module HTTP (41)
[2018.05.28-06.48.19:597][336]LogHttp: Display: Http module shutting down, but needs to wait on 1 outstanding Http requests:
[2018.05.28-06.48.19:597][336]LogHttp: Display: 	verb=[POST] url=[https://datarouter.ol.epicgames.com/datarouter/api/v1/public/data?SessionID=%7B44301DF5-4D37-F51A-3267-969B3A48227C%7D&AppID=UEEditor.Rocket.Release&AppVersion=4.19.2-4033788%2B%2B%2BUE4%2BRelease-4.19&UserID=570a2d264ebe2af9e846e980e24d8fa4%7C6fe18463dd374d0e9343a82a5f746790%7C3b712672-1e42-47f5-8841-254b17f641d1&AppEnvironment=datacollector-binary&UploadType=eteventstream] status=Processing
[2018.05.28-06.48.19:631][336]LogModuleManager: Shutting down and abandoning module SSL (40)
[2018.05.28-06.48.19:646][336]LogModuleManager: Shutting down and abandoning module AnimationModifiers (36)
[2018.05.28-06.48.19:675][336]LogModuleManager: Shutting down and abandoning module PropertyEditor (35)
[2018.05.28-06.48.19:697][336]LogModuleManager: Shutting down and abandoning module AudioEditor (32)
[2018.05.28-06.48.19:726][336]LogModuleManager: Shutting down and abandoning module TextureCompressor (30)
[2018.05.28-06.48.19:740][336]LogModuleManager: Shutting down and abandoning module ShaderCore (28)
[2018.05.28-06.48.19:741][336]LogModuleManager: Shutting down and abandoning module Landscape (26)
[2018.05.28-06.48.19:741][336]LogModuleManager: Shutting down and abandoning module SlateRHIRenderer (24)
[2018.05.28-06.48.19:762][336]LogModuleManager: Shutting down and abandoning module OpenGLDrv (22)
[2018.05.28-06.48.19:775][336]LogModuleManager: Shutting down and abandoning module D3D11RHI (20)
[2018.05.28-06.48.19:775][336]LogModuleManager: Shutting down and abandoning module AnimGraphRuntime (18)
[2018.05.28-06.48.19:783][336]LogModuleManager: Shutting down and abandoning module Renderer (16)
[2018.05.28-06.48.19:784][336]LogModuleManager: Shutting down and abandoning module Engine (14)
[2018.05.28-06.48.19:784][336]LogModuleManager: Shutting down and abandoning module CoreUObject (12)
[2018.05.28-06.48.19:784][336]LogModuleManager: Shutting down and abandoning module NetworkFile (10)
[2018.05.28-06.48.19:794][336]LogModuleManager: Shutting down and abandoning module CookedIterativeFile (8)
[2018.05.28-06.48.19:795][336]LogModuleManager: Shutting down and abandoning module StreamingFile (6)
[2018.05.28-06.48.19:807][336]LogModuleManager: Shutting down and abandoning module SandboxFile (4)
[2018.05.28-06.48.19:821][336]LogModuleManager: Shutting down and abandoning module PakFile (2)
[2018.05.28-06.48.19:920][336]LogExit: Exiting.
[2018.05.28-06.48.19:999][336]Log file closed, 05/28/18 08:48:19
